2019-08-14 13:12:51.175 [File Watcher] DEBUG o.springframework.boot.devtools.restart.Restarter - Restarting application
2019-08-14 13:12:51.197 [Thread-42] DEBUG o.springframework.boot.devtools.restart.Restarter - Stopping application
2019-08-14 13:12:57.940 [Thread-42] DEBUG o.springframework.boot.devtools.restart.Restarter - Created RestartClassLoader org.springframework.boot.devtools.restart.classloader.RestartClassLoader@61d92b18
2019-08-14 13:12:57.941 [Thread-42] DEBUG o.springframework.boot.devtools.restart.Restarter - Starting application com.shopping.ShoppingApplication with URLs [file:/D:/work/project/shopping/web/target/classes/, file:/D:/work/project/shopping/service/target/classes/, file:/D:/work/project/shopping/entity/target/classes/, file:/D:/work/project/shopping/common/target/classes/]
2019-08-14 13:12:58.124 [restartedMain] DEBUG o.s.b.c.l.ClasspathLoggingApplicationListener - Application started with classpath: [file:/D:/work/project/shopping/web/target/classes/, file:/D:/work/project/shopping/service/target/classes/, file:/D:/work/project/shopping/entity/target/classes/, file:/D:/work/project/shopping/common/target/classes/]
2019-08-14 13:12:58.154 [restartedMain] DEBUG org.springframework.boot.SpringApplication - Loading source class com.shopping.ShoppingApplication
2019-08-14 13:12:58.166 [restartedMain] DEBUG o.s.b.context.config.ConfigFileApplicationListener - Activated activeProfiles local
2019-08-14 13:12:58.166 [restartedMain] DEBUG o.s.b.context.config.ConfigFileApplicationListener - Loaded config file 'file:/D:/work/project/shopping/web/target/classes/application.yaml' (classpath:/application.yaml)
2019-08-14 13:12:58.166 [restartedMain] DEBUG o.s.b.w.s.c.AnnotationConfigServletWebServerApplicationContext - Bean factory for org.springframework.boot.web.servlet.context.AnnotationConfigServletWebServerApplicationContext@6c89d287: org.springframework.beans.factory.support.DefaultListableBeanFactory@79a27dae: defining beans [org.springframework.context.annotation.internalConfigurationAnnotationProcessor,org.springframework.context.annotation.internalAutowiredAnnotationProcessor,org.springframework.context.annotation.internalRequiredAnnotationProcessor,org.springframework.context.annotation.internalCommonAnnotationProcessor,org.springframework.context.event.internalEventListenerProcessor,org.springframework.context.event.internalEventListenerFactory,shoppingApplication]; root of factory hierarchy
2019-08-14 13:13:00.972 [restartedMain] DEBUG o.s.boot.autoconfigure.AutoConfigurationPackages - @EnableAutoConfiguration was declared on a class in the package 'com.shopping'. Automatic @Repository and @Entity scanning is enabled.
2019-08-14 13:13:01.505 [restartedMain] DEBUG o.s.b.w.s.c.AnnotationConfigServletWebServerApplicationContext - Unable to locate MessageSource with name 'messageSource': using default [org.springframework.context.support.DelegatingMessageSource@228661fb]
2019-08-14 13:13:01.505 [restartedMain] DEBUG o.s.b.w.s.c.AnnotationConfigServletWebServerApplicationContext - Unable to locate ApplicationEventMulticaster with name 'applicationEventMulticaster': using default [org.springframework.context.event.SimpleApplicationEventMulticaster@3390cde4]
2019-08-14 13:13:01.600 [restartedMain] DEBUG o.s.b.w.e.tomcat.TomcatServletWebServerFactory - Code archive: C:\Users\Administrator\.m2\repository\org\springframework\boot\spring-boot\2.0.3.RELEASE\spring-boot-2.0.3.RELEASE.jar
2019-08-14 13:13:01.601 [restartedMain] DEBUG o.s.b.w.e.tomcat.TomcatServletWebServerFactory - Code archive: C:\Users\Administrator\.m2\repository\org\springframework\boot\spring-boot\2.0.3.RELEASE\spring-boot-2.0.3.RELEASE.jar
2019-08-14 13:13:01.602 [restartedMain] DEBUG o.s.b.w.e.tomcat.TomcatServletWebServerFactory - None of the document roots [src/main/webapp, public, static] point to a directory and will be ignored.
2019-08-14 13:13:02.062 [localhost-startStop-1] DEBUG o.s.b.web.servlet.ServletContextInitializerBeans - Added existing Filter initializer bean 'sessionRepositoryFilterRegistration'; order=-2147483598, resource=class path resource [org/springframework/boot/autoconfigure/session/SessionRepositoryFilterConfiguration.class]
2019-08-14 13:13:02.063 [localhost-startStop-1] DEBUG o.s.b.web.servlet.ServletContextInitializerBeans - Added existing Servlet initializer bean 'dispatcherServletRegistration'; order=2147483647, resource=class path resource [org/springframework/boot/autoconfigure/web/servlet/DispatcherServletAutoConfiguration$DispatcherServletRegistrationConfiguration.class]
2019-08-14 13:13:02.110 [localhost-startStop-1] DEBUG o.s.b.web.servlet.ServletContextInitializerBeans - Created Filter initializer for bean 'characterEncodingFilter'; order=-2147483648, resource=class path resource [org/springframework/boot/autoconfigure/web/servlet/HttpEncodingAutoConfiguration.class]
2019-08-14 13:13:02.110 [localhost-startStop-1] DEBUG o.s.b.web.servlet.ServletContextInitializerBeans - Created Filter initializer for bean 'hiddenHttpMethodFilter'; order=-10000, resource=class path resource [org/springframework/boot/autoconfigure/web/servlet/WebMvcAutoConfiguration.class]
2019-08-14 13:13:02.110 [localhost-startStop-1] DEBUG o.s.b.web.servlet.ServletContextInitializerBeans - Created Filter initializer for bean 'httpPutFormContentFilter'; order=-9900, resource=class path resource [org/springframework/boot/autoconfigure/web/servlet/WebMvcAutoConfiguration.class]
2019-08-14 13:13:02.110 [localhost-startStop-1] DEBUG o.s.b.web.servlet.ServletContextInitializerBeans - Created Filter initializer for bean 'requestContextFilter'; order=-105, resource=class path resource [org/springframework/boot/autoconfigure/web/servlet/WebMvcAutoConfiguration$WebMvcAutoConfigurationAdapter.class]
2019-08-14 13:13:02.110 [localhost-startStop-1] DEBUG o.s.b.web.servlet.ServletContextInitializerBeans - Created Filter initializer for bean 'corsFilter'; order=2147483647, resource=class path resource [com/shopping/config/CorsConfig.class]
2019-08-14 13:13:02.123 [localhost-startStop-1] DEBUG o.s.b.w.servlet.filter.OrderedRequestContextFilter - Initializing filter 'requestContextFilter'
2019-08-14 13:13:02.123 [localhost-startStop-1] DEBUG o.s.b.w.servlet.filter.OrderedRequestContextFilter - Filter 'requestContextFilter' configured successfully
2019-08-14 13:13:02.123 [localhost-startStop-1] DEBUG o.s.b.w.s.filter.OrderedHttpPutFormContentFilter - Initializing filter 'httpPutFormContentFilter'
2019-08-14 13:13:02.123 [localhost-startStop-1] DEBUG o.s.b.w.s.filter.OrderedHttpPutFormContentFilter - Filter 'httpPutFormContentFilter' configured successfully
2019-08-14 13:13:02.123 [localhost-startStop-1] DEBUG o.s.b.w.s.filter.OrderedHiddenHttpMethodFilter - Initializing filter 'hiddenHttpMethodFilter'
2019-08-14 13:13:02.123 [localhost-startStop-1] DEBUG o.s.b.w.s.filter.OrderedHiddenHttpMethodFilter - Filter 'hiddenHttpMethodFilter' configured successfully
2019-08-14 13:13:02.124 [localhost-startStop-1] DEBUG o.s.b.w.s.filter.OrderedCharacterEncodingFilter - Initializing filter 'characterEncodingFilter'
2019-08-14 13:13:02.124 [localhost-startStop-1] DEBUG o.s.b.w.s.filter.OrderedCharacterEncodingFilter - Filter 'characterEncodingFilter' configured successfully
