2019-08-04 14:58:22.305 [Thread-50] INFO  o.s.b.w.s.c.AnnotationConfigServletWebServerApplicationContext - Closing org.springframework.boot.web.servlet.context.AnnotationConfigServletWebServerApplicationContext@135f8b57: startup date [Fri Aug 02 18:14:41 GMT+08:00 2019]; root of context hierarchy
2019-08-04 14:58:22.314 [Thread-50] INFO  o.s.context.support.DefaultLifecycleProcessor - Stopping beans in phase 2147483647
2019-08-04 14:58:47.518 [restartedMain] INFO  com.shopping.ShoppingApplication - Starting ShoppingApplication on 2013-20190402PI with PID 12520 (D:\work\project\shopping\web\target\classes started by Administrator in D:\work\project\shopping)
2019-08-04 14:58:47.521 [restartedMain] INFO  com.shopping.ShoppingApplication - The following profiles are active: local
2019-08-04 14:58:48.068 [restartedMain] INFO  o.s.b.w.s.c.AnnotationConfigServletWebServerApplicationContext - Refreshing org.springframework.boot.web.servlet.context.AnnotationConfigServletWebServerApplicationContext@76faee49: startup date [Sun Aug 04 14:58:48 GMT+08:00 2019]; root of context hierarchy
2019-08-04 14:58:52.106 [restartedMain] INFO  o.s.b.factory.support.DefaultListableBeanFactory - Overriding bean definition for bean 'rabbitTemplate' with a different definition: replacing [Root bean: class [null]; scope=; abstract=false; lazyInit=false; autowireMode=3; dependencyCheck=0; autowireCandidate=true; primary=false; factoryBeanName=MQConfig; factoryMethodName=rabbitTemplate; initMethodName=null; destroyMethodName=(inferred); defined in class path resource [com/shopping/service/mq/MQConfig.class]] with [Root bean: class [null]; scope=; abstract=false; lazyInit=false; autowireMode=3; dependencyCheck=0; autowireCandidate=true; primary=false; factoryBeanName=org.springframework.boot.autoconfigure.amqp.RabbitAutoConfiguration$RabbitTemplateConfiguration; factoryMethodName=rabbitTemplate; initMethodName=null; destroyMethodName=(inferred); defined in class path resource [org/springframework/boot/autoconfigure/amqp/RabbitAutoConfiguration$RabbitTemplateConfiguration.class]]
2019-08-04 14:58:52.203 [restartedMain] INFO  o.s.d.r.config.RepositoryConfigurationDelegate - Multiple Spring Data modules found, entering strict repository configuration mode!
2019-08-04 14:58:52.494 [restartedMain] INFO  o.s.b.factory.support.DefaultListableBeanFactory - Overriding bean definition for bean 'redisMessageListenerContainer' with a different definition: replacing [Root bean: class [null]; scope=; abstract=false; lazyInit=false; autowireMode=3; dependencyCheck=0; autowireCandidate=true; primary=false; factoryBeanName=redisConfiguration; factoryMethodName=redisMessageListenerContainer; initMethodName=null; destroyMethodName=(inferred); defined in class path resource [com/shopping/config/RedisConfiguration.class]] with [Root bean: class [null]; scope=; abstract=false; lazyInit=false; autowireMode=3; dependencyCheck=0; autowireCandidate=true; primary=false; factoryBeanName=org.springframework.boot.autoconfigure.session.RedisSessionConfiguration$SpringBootRedisHttpSessionConfiguration; factoryMethodName=redisMessageListenerContainer; initMethodName=null; destroyMethodName=(inferred); defined in class path resource [org/springframework/boot/autoconfigure/session/RedisSessionConfiguration$SpringBootRedisHttpSessionConfiguration.class]]
2019-08-04 14:58:53.469 [restartedMain] INFO  o.s.c.s.PostProcessorRegistrationDelegate$BeanPostProcessorChecker - Bean 'org.springframework.amqp.rabbit.annotation.RabbitBootstrapConfiguration' of type [org.springframework.amqp.rabbit.annotation.RabbitBootstrapConfiguration$$EnhancerBySpringCGLIB$$7258d147] is not eligible for getting processed by all BeanPostProcessors (for example: not eligible for auto-proxying)
2019-08-04 14:58:53.581 [restartedMain] INFO  o.s.c.s.PostProcessorRegistrationDelegate$BeanPostProcessorChecker - Bean 'org.springframework.transaction.annotation.ProxyTransactionManagementConfiguration' of type [org.springframework.transaction.annotation.ProxyTransactionManagementConfiguration$$EnhancerBySpringCGLIB$$abed1319] is not eligible for getting processed by all BeanPostProcessors (for example: not eligible for auto-proxying)
2019-08-04 14:58:53.695 [restartedMain] INFO  o.s.c.s.PostProcessorRegistrationDelegate$BeanPostProcessorChecker - Bean 'org.springframework.boot.context.properties.ConversionServiceDeducer$Factory' of type [org.springframework.boot.context.properties.ConversionServiceDeducer$Factory] is not eligible for getting processed by all BeanPostProcessors (for example: not eligible for auto-proxying)
2019-08-04 14:58:53.709 [restartedMain] INFO  o.s.c.s.PostProcessorRegistrationDelegate$BeanPostProcessorChecker - Bean 'com.shopping.config.RedisConfiguration$DataJedisProperties' of type [com.shopping.config.RedisConfiguration$DataJedisProperties] is not eligible for getting processed by all BeanPostProcessors (for example: not eligible for auto-proxying)
2019-08-04 14:58:53.710 [restartedMain] INFO  com.shopping.config.RedisConfiguration - Create JedisConnectionFactory successful
2019-08-04 14:58:53.796 [restartedMain] INFO  o.s.c.s.PostProcessorRegistrationDelegate$BeanPostProcessorChecker - Bean 'jedisConnectionFactory' of type [org.springframework.data.redis.connection.jedis.JedisConnectionFactory] is not eligible for getting processed by all BeanPostProcessors (for example: not eligible for auto-proxying)
2019-08-04 14:58:53.802 [restartedMain] INFO  o.s.c.s.PostProcessorRegistrationDelegate$BeanPostProcessorChecker - Bean 'redisConfiguration' of type [com.shopping.config.RedisConfiguration$$EnhancerBySpringCGLIB$$247264c] is not eligible for getting processed by all BeanPostProcessors (for example: not eligible for auto-proxying)
2019-08-04 14:58:53.809 [restartedMain] INFO  com.shopping.config.RedisConfiguration - 初始化 -> [CacheManager RedisCacheManager Start]
2019-08-04 14:58:53.846 [restartedMain] INFO  o.s.c.s.PostProcessorRegistrationDelegate$BeanPostProcessorChecker - Bean 'cacheManager' of type [org.springframework.data.redis.cache.RedisCacheManager] is not eligible for getting processed by all BeanPostProcessors (for example: not eligible for auto-proxying)
2019-08-04 14:58:53.854 [restartedMain] INFO  o.s.c.s.PostProcessorRegistrationDelegate$BeanPostProcessorChecker - Bean 'keyGenerator' of type [com.shopping.config.RedisConfiguration$$Lambda$260/160715200] is not eligible for getting processed by all BeanPostProcessors (for example: not eligible for auto-proxying)
2019-08-04 14:58:53.856 [restartedMain] INFO  com.shopping.config.RedisConfiguration - 初始化 -> [Redis CacheErrorHandler]
2019-08-04 14:58:53.863 [restartedMain] INFO  o.s.c.s.PostProcessorRegistrationDelegate$BeanPostProcessorChecker - Bean 'errorHandler' of type [com.shopping.config.RedisConfiguration$1] is not eligible for getting processed by all BeanPostProcessors (for example: not eligible for auto-proxying)
2019-08-04 14:58:54.944 [restartedMain] INFO  o.s.boot.web.embedded.tomcat.TomcatWebServer - Tomcat initialized with port(s): 8081 (http)
2019-08-04 14:58:54.972 [restartedMain] INFO  org.apache.coyote.http11.Http11NioProtocol - Initializing ProtocolHandler ["http-nio-8081"]
2019-08-04 14:58:54.994 [restartedMain] INFO  org.apache.catalina.core.StandardService - Starting service [Tomcat]
2019-08-04 14:58:54.994 [restartedMain] INFO  org.apache.catalina.core.StandardEngine - Starting Servlet Engine: Apache Tomcat/8.5.31
2019-08-04 14:58:55.002 [localhost-startStop-1] INFO  org.apache.catalina.core.AprLifecycleListener - The APR based Apache Tomcat Native library which allows optimal performance in production environments was not found on the java.library.path: [C:\Program Files\Java\jdk1.8.0_202\bin;C:\Windows\Sun\Java\bin;C:\Windows\system32;C:\Windows;C:\Program Files (x86)\Common Files\Oracle\Java\javapath;C:\Windows\system32;C:\Windows;C:\Windows\System32\Wbem;C:\Windows\System32\WindowsPowerShell\v1.0\;C:\Program Files (x86)\Windows7Master;C:\Program Files\Java\jdk1.8.0_202\bin;C:\Program Files\Java\jdk1.8.0_202\jre\bin;D:\tools\apache-maven-3.6.0\bin\;C:\Program Files\TortoiseSVN\bin;C:\Program Files\Git\cmd;.]
2019-08-04 14:58:55.338 [localhost-startStop-1] INFO  o.a.c.core.ContainerBase.[Tomcat].[localhost].[/] - Initializing Spring embedded WebApplicationContext
2019-08-04 14:58:55.338 [localhost-startStop-1] INFO  org.springframework.web.context.ContextLoader - Root WebApplicationContext: initialization completed in 7270 ms
2019-08-04 14:58:55.985 [localhost-startStop-1] INFO  o.s.boot.web.servlet.FilterRegistrationBean - Mapping filter: 'characterEncodingFilter' to: [/*]
2019-08-04 14:58:55.985 [localhost-startStop-1] INFO  o.s.boot.web.servlet.FilterRegistrationBean - Mapping filter: 'sessionRepositoryFilter' to: [/*]
2019-08-04 14:58:55.985 [localhost-startStop-1] INFO  o.s.boot.web.servlet.FilterRegistrationBean - Mapping filter: 'hiddenHttpMethodFilter' to: [/*]
2019-08-04 14:58:55.986 [localhost-startStop-1] INFO  o.s.boot.web.servlet.FilterRegistrationBean - Mapping filter: 'httpPutFormContentFilter' to: [/*]
2019-08-04 14:58:55.986 [localhost-startStop-1] INFO  o.s.boot.web.servlet.FilterRegistrationBean - Mapping filter: 'requestContextFilter' to: [/*]
2019-08-04 14:58:55.986 [localhost-startStop-1] INFO  o.s.boot.web.servlet.FilterRegistrationBean - Mapping filter: 'corsFilter' to: [/*]
2019-08-04 14:58:55.986 [localhost-startStop-1] INFO  o.s.boot.web.servlet.ServletRegistrationBean - Servlet dispatcherServlet mapped to [/]
2019-08-04 14:58:56.217 [restartedMain] INFO  c.a.d.s.b.a.DruidDataSourceAutoConfigure - Init DruidDataSource
2019-08-04 14:58:56.443 [restartedMain] INFO  com.alibaba.druid.pool.DruidDataSource - {dataSource-1} inited
2019-08-04 14:58:57.479 [restartedMain] INFO  com.shopping.service.common.ConstantMap - Init SystemArgs ==> ConstantMap.
2019-08-04 14:58:57.653 [restartedMain] INFO  com.shopping.service.common.ConstantMap - ConstantMap put key:currency_name,value:TZB.
2019-08-04 14:58:57.654 [restartedMain] INFO  com.shopping.service.common.ConstantMap - ConstantMap put key:rmb_name,value:RMB.
2019-08-04 14:58:57.654 [restartedMain] INFO  com.shopping.service.common.ConstantMap - ConstantMap put key:admin_id,value:1.
2019-08-04 14:58:57.654 [restartedMain] INFO  com.shopping.service.common.ConstantMap - ConstantMap put key:bigImage,value:[].
2019-08-04 14:58:57.655 [restartedMain] INFO  com.shopping.service.common.ConstantMap - ConstantMap put key:withdraw_fee_is_open,value:1.
2019-08-04 14:58:57.655 [restartedMain] INFO  com.shopping.service.common.ConstantMap - ConstantMap put key:kenImage,value:[].
2019-08-04 14:58:57.655 [restartedMain] INFO  com.shopping.service.common.ConstantMap - ConstantMap put key:max_withdraw_num,value:1000000.
2019-08-04 14:58:57.655 [restartedMain] INFO  com.shopping.service.common.ConstantMap - ConstantMap put key:enBigImage,value:[].
2019-08-04 14:58:57.655 [restartedMain] INFO  com.shopping.service.common.ConstantMap - ConstantMap put key:day_draw_coin_times,value:3.
2019-08-04 14:58:57.655 [restartedMain] INFO  com.shopping.service.common.ConstantMap - ConstantMap put key:kImage,value:[].
2019-08-04 14:58:57.655 [restartedMain] INFO  com.shopping.service.common.ConstantMap - Init virtualCoinType ==> ConstantMap.
2019-08-04 14:59:01.787 [restartedMain] INFO  o.s.w.s.m.m.a.RequestMappingHandlerMapping - Mapped "{[/api/account/withdrawCoin],methods=[POST]}" onto public com.shopping.vo.MessageVO com.shopping.api.CapitalOperationApi.withdrawCoin(java.lang.String,java.lang.String,java.math.BigDecimal,java.lang.String,java.lang.String,javax.servlet.http.HttpSession) throws java.lang.Exception
2019-08-04 14:59:01.789 [restartedMain] INFO  o.s.w.s.m.m.a.RequestMappingHandlerMapping - Mapped "{[/api/account/cancelWithdraw],methods=[POST]}" onto public com.shopping.vo.MessageVO com.shopping.api.CapitalOperationApi.cancelWithdraw(java.lang.String,javax.servlet.http.HttpSession)
2019-08-04 14:59:01.790 [restartedMain] INFO  o.s.w.s.m.m.a.RequestMappingHandlerMapping - Mapped "{[/api/account/getChargeWithdrawList],methods=[GET]}" onto public com.shopping.vo.MessageVO<com.shopping.vo.BaseListResult<java.util.List<com.shopping.vo.money.CapitalOperationVo>>> com.shopping.api.CapitalOperationApi.getChargeWithdrawList(java.lang.String,javax.servlet.http.HttpSession,java.lang.String,java.lang.String,java.lang.Integer,java.lang.Integer,java.lang.String) throws java.lang.Exception
2019-08-04 14:59:01.791 [restartedMain] INFO  o.s.w.s.m.m.a.RequestMappingHandlerMapping - Mapped "{[/api/account/getChargeAddress],methods=[GET]}" onto public com.shopping.vo.MessageVO com.shopping.api.ChargeAddressApi.getChargeAddress(java.lang.String,javax.servlet.http.HttpSession,boolean) throws java.lang.Exception
2019-08-04 14:59:01.793 [restartedMain] INFO  o.s.w.s.m.m.a.RequestMappingHandlerMapping - Mapped "{[/api/user/findCollections],methods=[GET]}" onto public com.shopping.vo.MessageVO<com.shopping.vo.BaseListResult<java.util.List<com.shopping.vo.user.CollectionVo>>> com.shopping.api.CollectionApi.findCollections(java.lang.String,java.lang.Integer,java.lang.Integer,javax.servlet.http.HttpSession)
2019-08-04 14:59:01.794 [restartedMain] INFO  o.s.w.s.m.m.a.RequestMappingHandlerMapping - Mapped "{[/api/user/findLikeProduct],methods=[GET]}" onto public com.shopping.vo.MessageVO<com.shopping.vo.BaseListResult<java.util.List<com.shopping.vo.product.ProductInfoVo>>> com.shopping.api.CollectionApi.findLikeProduct(java.lang.String,java.lang.Integer,java.lang.Integer,javax.servlet.http.HttpSession)
2019-08-04 14:59:01.795 [restartedMain] INFO  o.s.w.s.m.m.a.RequestMappingHandlerMapping - Mapped "{[/api/user/addProductToCollection],methods=[POST]}" onto public com.shopping.vo.MessageVO com.shopping.api.CollectionApi.addProductToCollection(java.lang.String,javax.servlet.http.HttpSession)
2019-08-04 14:59:01.795 [restartedMain] INFO  o.s.w.s.m.m.a.RequestMappingHandlerMapping - Mapped "{[/api/user/deleteCollections],methods=[POST]}" onto public com.shopping.vo.MessageVO com.shopping.api.CollectionApi.deleteCollections(java.lang.String,javax.servlet.http.HttpSession)
2019-08-04 14:59:01.796 [restartedMain] INFO  o.s.w.s.m.m.a.RequestMappingHandlerMapping - Mapped "{[/api/user/addFeedback],methods=[POST]}" onto public com.shopping.vo.MessageVO com.shopping.api.FeedbackApi.addFeedback(com.shopping.vo.user.FeedbackRequest,javax.servlet.http.HttpSession) throws java.lang.Exception
2019-08-04 14:59:01.798 [restartedMain] INFO  o.s.w.s.m.m.a.RequestMappingHandlerMapping - Mapped "{[/api/file/upload],methods=[POST]}" onto public com.shopping.vo.MessageVO<java.util.List<java.lang.String>> com.shopping.api.FileApi.upload(org.springframework.web.multipart.MultipartFile[])
2019-08-04 14:59:01.801 [restartedMain] INFO  o.s.w.s.m.m.a.RequestMappingHandlerMapping - Mapped "{[/api/index/getIndexInfo],methods=[GET]}" onto public com.shopping.vo.MessageVO<com.shopping.vo.index.IndexVo> com.shopping.api.IndexApi.getIndexInfo(javax.servlet.http.HttpServletRequest)
2019-08-04 14:59:01.803 [restartedMain] INFO  o.s.w.s.m.m.a.RequestMappingHandlerMapping - Mapped "{[/api/index/getSupplierList],methods=[GET]}" onto public com.shopping.vo.MessageVO<com.shopping.vo.BaseListResult<java.util.List<com.shopping.entity.SupplierInfo>>> com.shopping.api.IndexApi.getSupplierList(int,int,javax.servlet.http.HttpServletRequest)
2019-08-04 14:59:01.803 [restartedMain] INFO  o.s.w.s.m.m.a.RequestMappingHandlerMapping - Mapped "{[/api/index/getIndexProductList],methods=[GET]}" onto public com.shopping.vo.MessageVO<com.shopping.vo.BaseListResult<java.util.List<com.shopping.vo.product.ProductInfoVo>>> com.shopping.api.IndexApi.getIndexProductList(int,int)
2019-08-04 14:59:01.804 [restartedMain] INFO  o.s.w.s.m.m.a.RequestMappingHandlerMapping - Mapped "{[/api/index/getAdvertListByType],methods=[GET]}" onto public com.shopping.vo.MessageVO<java.util.List<com.shopping.entity.Advertisement>> com.shopping.api.IndexApi.getAdvertListByType(java.lang.String)
2019-08-04 14:59:01.805 [restartedMain] INFO  o.s.w.s.m.m.a.RequestMappingHandlerMapping - Mapped "{[/api/account/findLatestAchievementPrice],methods=[GET]}" onto public com.shopping.vo.MessageVO com.shopping.api.LatestAchievementPriceApi.findLatestAchievementPrice()
2019-08-04 14:59:01.809 [restartedMain] INFO  o.s.w.s.m.m.a.RequestMappingHandlerMapping - Mapped "{[/api/message/getMessageList],methods=[GET]}" onto public com.shopping.vo.MessageVO<com.shopping.vo.BaseListResult<java.util.List<com.shopping.vo.message.MessageBeanVo>>> com.shopping.api.MessageApi.getMessageList(int,int,javax.servlet.http.HttpSession)
2019-08-04 14:59:01.810 [restartedMain] INFO  o.s.w.s.m.m.a.RequestMappingHandlerMapping - Mapped "{[/api/message/getMessageDetail],methods=[GET]}" onto public com.shopping.vo.MessageVO<com.shopping.vo.message.MessageBeanVo> com.shopping.api.MessageApi.getMessageDetail(java.lang.String)
2019-08-04 14:59:01.816 [restartedMain] INFO  o.s.w.s.m.m.a.RequestMappingHandlerMapping - Mapped "{[/api/order/myInfo],methods=[GET]}" onto public com.shopping.vo.MessageVO<com.shopping.vo.user.MyInfoVo> com.shopping.api.OrderApi.myInfo(javax.servlet.http.HttpSession)
2019-08-04 14:59:01.817 [restartedMain] INFO  o.s.w.s.m.m.a.RequestMappingHandlerMapping - Mapped "{[/api/order/confirmReceipt],methods=[POST]}" onto public com.shopping.vo.MessageVO com.shopping.api.OrderApi.confirmReceipt(java.lang.String)
2019-08-04 14:59:01.818 [restartedMain] INFO  o.s.w.s.m.m.a.RequestMappingHandlerMapping - Mapped "{[/api/order/getRefundsList],methods=[GET]}" onto public com.shopping.vo.MessageVO<com.shopping.vo.BaseListResult<java.util.List<com.shopping.vo.order.RefundsRecordVo>>> com.shopping.api.OrderApi.getRefundsList(int,int,java.lang.String,javax.servlet.http.HttpSession)
2019-08-04 14:59:01.818 [restartedMain] INFO  o.s.w.s.m.m.a.RequestMappingHandlerMapping - Mapped "{[/api/order/cancelOrder],methods=[POST]}" onto public com.shopping.vo.MessageVO com.shopping.api.OrderApi.cancelOrder(java.lang.String,java.lang.String,javax.servlet.http.HttpSession)
2019-08-04 14:59:01.819 [restartedMain] INFO  o.s.w.s.m.m.a.RequestMappingHandlerMapping - Mapped "{[/api/order/afterSaleDetails],methods=[GET]}" onto public com.shopping.vo.MessageVO<com.shopping.vo.order.RefundVo> com.shopping.api.OrderApi.afterSaleDetails(java.lang.String,java.lang.String,java.lang.String)
2019-08-04 14:59:01.820 [restartedMain] INFO  o.s.w.s.m.m.a.RequestMappingHandlerMapping - Mapped "{[/api/order/deleteOrder],methods=[POST]}" onto public com.shopping.vo.MessageVO<com.shopping.vo.order.RefundVo> com.shopping.api.OrderApi.deleteOrder(java.lang.String)
2019-08-04 14:59:01.820 [restartedMain] INFO  o.s.w.s.m.m.a.RequestMappingHandlerMapping - Mapped "{[/api/order/getOrderDetail],methods=[POST]}" onto public com.shopping.vo.MessageVO<com.shopping.vo.order.OrderDetailVo> com.shopping.api.OrderApi.getOrderDetail(java.lang.String,javax.servlet.http.HttpSession)
2019-08-04 14:59:01.822 [restartedMain] INFO  o.s.w.s.m.m.a.RequestMappingHandlerMapping - Mapped "{[/api/order/addProductOrders],methods=[POST]}" onto public com.shopping.vo.MessageVO com.shopping.api.OrderApi.addProductOrders(java.lang.String,java.lang.String,java.lang.String,java.lang.String,java.lang.Integer,javax.servlet.http.HttpSession)
2019-08-04 14:59:01.822 [restartedMain] INFO  o.s.w.s.m.m.a.RequestMappingHandlerMapping - Mapped "{[/api/order/paymentOfOrder],methods=[POST]}" onto public com.shopping.vo.MessageVO com.shopping.api.OrderApi.paymentOfOrder(com.shopping.vo.order.PaymentOfOrderVo,javax.servlet.http.HttpSession) throws java.lang.Exception
2019-08-04 14:59:01.823 [restartedMain] INFO  o.s.w.s.m.m.a.RequestMappingHandlerMapping - Mapped "{[/api/order/getOrderListByState],methods=[GET]}" onto public com.shopping.vo.MessageVO<com.shopping.vo.BaseListResult<java.util.List<com.shopping.vo.order.OrderVo>>> com.shopping.api.OrderApi.getOrderListByState(java.lang.String,int,int,javax.servlet.http.HttpSession)
2019-08-04 14:59:01.824 [restartedMain] INFO  o.s.w.s.m.m.a.RequestMappingHandlerMapping - Mapped "{[/api/order/refundApplication],methods=[POST]}" onto public com.shopping.vo.MessageVO<com.shopping.entity.OrderRefundsGoods> com.shopping.api.OrderApi.refundApplication(com.shopping.vo.order.RefundsRequestVo,javax.servlet.http.HttpSession) throws java.lang.Exception
2019-08-04 14:59:01.824 [restartedMain] INFO  o.s.w.s.m.m.a.RequestMappingHandlerMapping - Mapped "{[/api/order/updateReceivingAddress],methods=[POST]}" onto public com.shopping.vo.MessageVO<com.shopping.vo.order.RefundVo> com.shopping.api.OrderApi.updateReceivingAddress(java.lang.String,java.lang.String)
2019-08-04 14:59:01.824 [restartedMain] INFO  o.s.w.s.m.m.a.RequestMappingHandlerMapping - Mapped "{[/api/order/getOrderDetailMoney],methods=[POST]}" onto public com.shopping.vo.MessageVO<java.util.List<com.shopping.vo.order.OrderVo>> com.shopping.api.OrderApi.getOrderDetailMoney(java.util.List<java.lang.String>,javax.servlet.http.HttpSession)
2019-08-04 14:59:01.833 [restartedMain] INFO  o.s.w.s.m.m.a.RequestMappingHandlerMapping - Mapped "{[/api/user/addMoreProductToCart],methods=[POST]}" onto public com.shopping.vo.MessageVO com.shopping.api.OrderCartApi.addMoreProductToCart(java.util.List<com.shopping.vo.order.ProductToCartVo>,javax.servlet.http.HttpSession)
2019-08-04 14:59:01.834 [restartedMain] INFO  o.s.w.s.m.m.a.RequestMappingHandlerMapping - Mapped "{[/api/user/addCartOrders],methods=[POST]}" onto public com.shopping.vo.MessageVO<java.util.List<java.lang.String>> com.shopping.api.OrderCartApi.addProductOrders(com.shopping.vo.order.CartOrdersV0,javax.servlet.http.HttpSession) throws java.lang.Exception
2019-08-04 14:59:01.834 [restartedMain] INFO  o.s.w.s.m.m.a.RequestMappingHandlerMapping - Mapped "{[/api/user/updateCartInfo],methods=[POST]}" onto public com.shopping.vo.MessageVO com.shopping.api.OrderCartApi.updateCartInfo(java.lang.String,java.lang.Integer,javax.servlet.http.HttpSession)
2019-08-04 14:59:01.834 [restartedMain] INFO  o.s.w.s.m.m.a.RequestMappingHandlerMapping - Mapped "{[/api/user/findCarts],methods=[GET]}" onto public com.shopping.vo.MessageVO<com.shopping.vo.BaseListResult<java.util.List<com.shopping.vo.user.OrderCartVo>>> com.shopping.api.OrderCartApi.findCarts(java.lang.String,java.lang.Integer,java.lang.Integer,javax.servlet.http.HttpSession)
2019-08-04 14:59:01.835 [restartedMain] INFO  o.s.w.s.m.m.a.RequestMappingHandlerMapping - Mapped "{[/api/user/addProductToCart],methods=[POST]}" onto public com.shopping.vo.MessageVO com.shopping.api.OrderCartApi.addProductToCart(java.lang.String,java.lang.Integer,javax.servlet.http.HttpSession)
2019-08-04 14:59:01.835 [restartedMain] INFO  o.s.w.s.m.m.a.RequestMappingHandlerMapping - Mapped "{[/api/user/deleteCarts],methods=[POST]}" onto public com.shopping.vo.MessageVO com.shopping.api.OrderCartApi.deleteCarts(com.shopping.vo.order.ClearOderCartRequest,javax.servlet.http.HttpSession)
2019-08-04 14:59:01.837 [restartedMain] INFO  o.s.w.s.m.m.a.RequestMappingHandlerMapping - Mapped "{[/api/category/getAllByByParentId],methods=[POST]}" onto public com.shopping.vo.MessageVO<java.util.List<com.shopping.vo.product.ProductCategoryVo>> com.shopping.api.ProductCategoryApi.getAllByByParentId(java.lang.String)
2019-08-04 14:59:01.837 [restartedMain] INFO  o.s.w.s.m.m.a.RequestMappingHandlerMapping - Mapped "{[/api/category/getAllCategory],methods=[POST]}" onto public com.shopping.vo.MessageVO<java.util.List<com.shopping.vo.product.ProductCategoryVo>> com.shopping.api.ProductCategoryApi.getAllCategory()
2019-08-04 14:59:01.840 [restartedMain] INFO  o.s.w.s.m.m.a.RequestMappingHandlerMapping - Mapped "{[/api/product/getEntry],methods=[POST]}" onto public com.shopping.vo.MessageVO<java.util.List<com.shopping.vo.product.EntryVo>> com.shopping.api.ProductInfoApi.getEntry(java.lang.String)
2019-08-04 14:59:01.840 [restartedMain] INFO  o.s.w.s.m.m.a.RequestMappingHandlerMapping - Mapped "{[/api/product/getProductBySupplier],methods=[POST]}" onto public com.shopping.vo.MessageVO<com.shopping.vo.product.PorductBySupplierVo> com.shopping.api.ProductInfoApi.getProductBySupplier(int,int,java.lang.String,java.lang.String,java.lang.String,java.lang.String,boolean)
2019-08-04 14:59:01.840 [restartedMain] INFO  o.s.w.s.m.m.a.RequestMappingHandlerMapping - Mapped "{[/api/product/getProductOrSupplier],methods=[GET]}" onto public com.shopping.vo.MessageVO<com.shopping.vo.BaseListResult<java.util.List<?>>> com.shopping.api.ProductInfoApi.getProduct(int,int,java.lang.String,int,java.lang.String,boolean)
2019-08-04 14:59:01.841 [restartedMain] INFO  o.s.w.s.m.m.a.RequestMappingHandlerMapping - Mapped "{[/api/product/getProduct],methods=[POST]}" onto public com.shopping.vo.MessageVO<com.shopping.vo.BaseListResult<java.util.List<com.shopping.vo.product.ProductInfoVo>>> com.shopping.api.ProductInfoApi.getProduct(int,int,java.lang.String,java.lang.String,java.lang.String,java.lang.String,java.lang.String,java.lang.String,java.lang.String,boolean)
2019-08-04 14:59:01.841 [restartedMain] INFO  o.s.w.s.m.m.a.RequestMappingHandlerMapping - Mapped "{[/api/product/getProductById],methods=[POST]}" onto public com.shopping.vo.MessageVO<com.shopping.vo.product.ProductInfoVo> com.shopping.api.ProductInfoApi.getProductById(java.lang.String)
2019-08-04 14:59:01.842 [restartedMain] INFO  o.s.w.s.m.m.a.RequestMappingHandlerMapping - Mapped "{[/api/kuaidi/getShipByNo],methods=[GET]}" onto public com.shopping.vo.MessageVO<com.alibaba.fastjson.JSONObject> com.shopping.api.ShippingInfoApi.refundApplication(java.lang.String,java.lang.String,java.lang.String) throws java.lang.Exception
2019-08-04 14:59:01.843 [restartedMain] INFO  o.s.w.s.m.m.a.RequestMappingHandlerMapping - Mapped "{[/api/accountdetail/getAccountDetailByUserId],methods=[GET]}" onto public com.shopping.vo.MessageVO<com.shopping.vo.BaseListResult<java.util.List<com.shopping.vo.user.UserAccountCollectVo>>> com.shopping.api.UserAccountDetailApi.getAccountDetailByUserId(java.lang.String,java.lang.String,java.lang.Integer,java.lang.Integer,javax.servlet.http.HttpSession)
2019-08-04 14:59:01.845 [restartedMain] INFO  o.s.w.s.m.m.a.RequestMappingHandlerMapping - Mapped "{[/api/user/updateDefaultAddress],methods=[POST]}" onto public com.shopping.vo.MessageVO com.shopping.api.UserAddressApi.updateDefaultAddress(java.lang.String,javax.servlet.http.HttpSession)
2019-08-04 14:59:01.845 [restartedMain] INFO  o.s.w.s.m.m.a.RequestMappingHandlerMapping - Mapped "{[/api/user/deleteAddress],methods=[POST]}" onto public com.shopping.vo.MessageVO com.shopping.api.UserAddressApi.deleteAddress(java.lang.String,javax.servlet.http.HttpSession)
2019-08-04 14:59:01.845 [restartedMain] INFO  o.s.w.s.m.m.a.RequestMappingHandlerMapping - Mapped "{[/api/user/addAddress],methods=[POST]}" onto public com.shopping.vo.MessageVO com.shopping.api.UserAddressApi.addAddress(com.shopping.vo.user.UserAddressVo,javax.servlet.http.HttpSession)
2019-08-04 14:59:01.846 [restartedMain] INFO  o.s.w.s.m.m.a.RequestMappingHandlerMapping - Mapped "{[/api/user/updateAddress],methods=[POST]}" onto public com.shopping.vo.MessageVO com.shopping.api.UserAddressApi.updateAddress(com.shopping.vo.user.UserAddressVo,javax.servlet.http.HttpSession)
2019-08-04 14:59:01.846 [restartedMain] INFO  o.s.w.s.m.m.a.RequestMappingHandlerMapping - Mapped "{[/api/user/findAddress],methods=[GET]}" onto public com.shopping.vo.MessageVO<com.shopping.vo.BaseListResult<java.util.List<com.shopping.vo.user.UserAddressVo>>> com.shopping.api.UserAddressApi.findAddress(java.lang.String,java.lang.Integer,java.lang.Integer,javax.servlet.http.HttpSession)
2019-08-04 14:59:01.851 [restartedMain] INFO  o.s.w.s.m.m.a.RequestMappingHandlerMapping - Mapped "{[/api/user/getMessage],methods=[GET]}" onto public com.shopping.vo.MessageVO<com.shopping.entity.User> com.shopping.api.UserApi.getMessage(javax.servlet.http.HttpSession)
2019-08-04 14:59:01.852 [restartedMain] INFO  o.s.w.s.m.m.a.RequestMappingHandlerMapping - Mapped "{[/api/user/modifyPayPassWord],methods=[POST]}" onto public com.shopping.vo.MessageVO com.shopping.api.UserApi.modifyPayPassWord(com.shopping.vo.user.UserInfo,javax.servlet.http.HttpServletRequest)
2019-08-04 14:59:01.853 [restartedMain] INFO  o.s.w.s.m.m.a.RequestMappingHandlerMapping - Mapped "{[/api/user/forgetPayPassWord],methods=[POST]}" onto public com.shopping.vo.MessageVO com.shopping.api.UserApi.forgetPayPassWord(java.lang.String,java.lang.String)
2019-08-04 14:59:01.853 [restartedMain] INFO  o.s.w.s.m.m.a.RequestMappingHandlerMapping - Mapped "{[/api/user/verifyUpdatePhoneCode],methods=[POST]}" onto public com.shopping.vo.MessageVO com.shopping.api.UserApi.verifyUpdatePhoneCode(java.lang.String,java.lang.String,int)
2019-08-04 14:59:01.854 [restartedMain] INFO  o.s.w.s.m.m.a.RequestMappingHandlerMapping - Mapped "{[/api/user/uploadUserHeadImag],methods=[POST]}" onto public com.shopping.vo.MessageVO<?> com.shopping.api.UserApi.uploadUserHeadImag(org.springframework.web.multipart.MultipartFile,javax.servlet.http.HttpSession) throws java.lang.Exception
2019-08-04 14:59:01.855 [restartedMain] INFO  o.s.w.s.m.m.a.RequestMappingHandlerMapping - Mapped "{[/api/user/login],methods=[POST]}" onto public com.shopping.vo.MessageVO<com.shopping.vo.user.UserLoginVo> com.shopping.api.UserApi.login(com.shopping.vo.user.UserLoginVo,javax.servlet.http.HttpServletRequest)
2019-08-04 14:59:01.855 [restartedMain] INFO  o.s.w.s.m.m.a.RequestMappingHandlerMapping - Mapped "{[/api/user/registUser],methods=[POST]}" onto public com.shopping.vo.MessageVO com.shopping.api.UserApi.registUser(com.shopping.vo.user.UserRegistVo,javax.servlet.http.HttpServletRequest) throws java.lang.Exception
2019-08-04 14:59:01.856 [restartedMain] INFO  o.s.w.s.m.m.a.RequestMappingHandlerMapping - Mapped "{[/api/user/sendSms],methods=[POST]}" onto public com.shopping.vo.MessageVO com.shopping.api.UserApi.sendSms(java.lang.String,java.lang.String,javax.servlet.http.HttpServletRequest)
2019-08-04 14:59:01.856 [restartedMain] INFO  o.s.w.s.m.m.a.RequestMappingHandlerMapping - Mapped "{[/api/user/logout],methods=[POST]}" onto public com.shopping.vo.MessageVO com.shopping.api.UserApi.userLogout(javax.servlet.http.HttpSession)
2019-08-04 14:59:01.856 [restartedMain] INFO  o.s.w.s.m.m.a.RequestMappingHandlerMapping - Mapped "{[/api/user/modifyPassWord],methods=[POST]}" onto public com.shopping.vo.MessageVO com.shopping.api.UserApi.modifyPassWord(com.shopping.vo.user.UserInfo,javax.servlet.http.HttpServletRequest)
2019-08-04 14:59:01.857 [restartedMain] INFO  o.s.w.s.m.m.a.RequestMappingHandlerMapping - Mapped "{[/api/user/forgetPassWord],methods=[POST]}" onto public com.shopping.vo.MessageVO com.shopping.api.UserApi.forgetPassWord(com.shopping.vo.user.ForgetPasswordVo,javax.servlet.http.HttpServletRequest)
2019-08-04 14:59:01.857 [restartedMain] INFO  o.s.w.s.m.m.a.RequestMappingHandlerMapping - Mapped "{[/api/user/updatePhone],methods=[POST]}" onto public com.shopping.vo.MessageVO com.shopping.api.UserApi.updatePhone(com.shopping.vo.user.UpdatePhoneVo,javax.servlet.http.HttpServletRequest)
2019-08-04 14:59:01.858 [restartedMain] INFO  o.s.w.s.m.m.a.RequestMappingHandlerMapping - Mapped "{[/api/user/getUserDetail],methods=[POST]}" onto public com.shopping.vo.MessageVO<com.shopping.vo.user.UserDetailVo> com.shopping.api.UserApi.getUserDetail(javax.servlet.http.HttpSession)
2019-08-04 14:59:01.858 [restartedMain] INFO  o.s.w.s.m.m.a.RequestMappingHandlerMapping - Mapped "{[/api/user/modifyUserDetail],methods=[POST]}" onto public com.shopping.vo.MessageVO<com.shopping.vo.user.UserDetailVo> com.shopping.api.UserApi.modifyUserDetail(com.shopping.vo.user.UserDetailVo,javax.servlet.http.HttpSession)
2019-08-04 14:59:01.859 [restartedMain] INFO  o.s.w.s.m.m.a.RequestMappingHandlerMapping - Mapped "{[/api/user/findVersion],methods=[GET]}" onto public com.shopping.vo.MessageVO<com.shopping.vo.BaseListResult<java.util.List<com.shopping.vo.user.VersionVo>>> com.shopping.api.VersionApi.findAddress(java.lang.String,java.lang.Integer,java.lang.Integer)
2019-08-04 14:59:01.861 [restartedMain] INFO  o.s.w.s.m.m.a.RequestMappingHandlerMapping - Mapped "{[/api/account/getWithdrawAddress],methods=[GET]}" onto public com.shopping.vo.MessageVO<com.shopping.vo.BaseListResult<java.util.List<com.shopping.vo.money.WithdrawAddressVo>>> com.shopping.api.WithdrawAddressApi.getWithdrawAddress(javax.servlet.http.HttpSession,java.lang.String,java.lang.String,java.lang.Integer,java.lang.Integer) throws java.lang.Exception
2019-08-04 14:59:01.862 [restartedMain] INFO  o.s.w.s.m.m.a.RequestMappingHandlerMapping - Mapped "{[/api/account/addWithdrawAddress],methods=[POST]}" onto public com.shopping.vo.MessageVO com.shopping.api.WithdrawAddressApi.addWithdrawAddress(java.lang.String,java.lang.String,java.lang.String,javax.servlet.http.HttpSession,java.lang.String) throws java.lang.Exception
2019-08-04 14:59:01.863 [restartedMain] INFO  o.s.w.s.m.m.a.RequestMappingHandlerMapping - Mapped "{[/api/account/updateWithdrawAddress],methods=[POST]}" onto public com.shopping.vo.MessageVO com.shopping.api.WithdrawAddressApi.updateWithdrawAddress(java.lang.String,java.lang.String,java.lang.String,java.lang.String,javax.servlet.http.HttpSession)
2019-08-04 14:59:01.864 [restartedMain] INFO  o.s.w.s.m.m.a.RequestMappingHandlerMapping - Mapped "{[/api/account/deleteWithdrawAddress],methods=[POST]}" onto public com.shopping.vo.MessageVO com.shopping.api.WithdrawAddressApi.deleteWithdrawAddress(java.lang.String,javax.servlet.http.HttpSession)
2019-08-04 14:59:01.864 [restartedMain] INFO  o.s.w.s.m.m.a.RequestMappingHandlerMapping - Mapped "{[/api/account/updateDefaultWithdrawAddress],methods=[POST]}" onto public com.shopping.vo.MessageVO com.shopping.api.WithdrawAddressApi.updateDefaultWithdrawAddress(java.lang.String,javax.servlet.http.HttpSession)
2019-08-04 14:59:01.875 [restartedMain] INFO  o.s.w.s.m.m.a.RequestMappingHandlerMapping - Mapped "{[/swagger-resources/configuration/ui]}" onto public org.springframework.http.ResponseEntity<springfox.documentation.swagger.web.UiConfiguration> springfox.documentation.swagger.web.ApiResourceController.uiConfiguration()
2019-08-04 14:59:01.876 [restartedMain] INFO  o.s.w.s.m.m.a.RequestMappingHandlerMapping - Mapped "{[/swagger-resources]}" onto public org.springframework.http.ResponseEntity<java.util.List<springfox.documentation.swagger.web.SwaggerResource>> springfox.documentation.swagger.web.ApiResourceController.swaggerResources()
2019-08-04 14:59:01.878 [restartedMain] INFO  o.s.w.s.m.m.a.RequestMappingHandlerMapping - Mapped "{[/swagger-resources/configuration/security]}" onto public org.springframework.http.ResponseEntity<springfox.documentation.swagger.web.SecurityConfiguration> springfox.documentation.swagger.web.ApiResourceController.securityConfiguration()
2019-08-04 14:59:01.886 [restartedMain] INFO  o.s.w.s.m.m.a.RequestMappingHandlerMapping - Mapped "{[/error]}" onto public org.springframework.http.ResponseEntity<java.util.Map<java.lang.String, java.lang.Object>> org.springframework.boot.autoconfigure.web.servlet.error.BasicErrorController.error(javax.servlet.http.HttpServletRequest)
2019-08-04 14:59:01.887 [restartedMain] INFO  o.s.w.s.m.m.a.RequestMappingHandlerMapping - Mapped "{[/error],produces=[text/html]}" onto public org.springframework.web.servlet.ModelAndView org.springframework.boot.autoconfigure.web.servlet.error.BasicErrorController.errorHtml(javax.servlet.http.HttpServletRequest,javax.servlet.http.HttpServletResponse)
2019-08-04 14:59:02.251 [restartedMain] INFO  com.shopping.config.RedisConfiguration - JedisPool init successful，host -> [47.52.130.233]；port -> [6379]
2019-08-04 14:59:02.536 [restartedMain] INFO  s.d.s.w.PropertySourcedRequestMappingHandlerMapping - Mapped URL path [/v2/api-docs] onto method [public org.springframework.http.ResponseEntity<springfox.documentation.spring.web.json.Json> springfox.documentation.swagger2.web.Swagger2Controller.getDocumentation(java.lang.String,javax.servlet.http.HttpServletRequest)]
2019-08-04 14:59:02.946 [restartedMain] INFO  o.s.web.servlet.handler.SimpleUrlHandlerMapping - Mapped URL path [/**/favicon.ico] onto handler of type [class org.springframework.web.servlet.resource.ResourceHttpRequestHandler]
2019-08-04 14:59:03.396 [restartedMain] INFO  o.s.w.s.m.m.a.RequestMappingHandlerAdapter - Looking for @ControllerAdvice: org.springframework.boot.web.servlet.context.AnnotationConfigServletWebServerApplicationContext@76faee49: startup date [Sun Aug 04 14:58:48 GMT+08:00 2019]; root of context hierarchy
2019-08-04 14:59:03.541 [restartedMain] INFO  o.s.web.servlet.handler.SimpleUrlHandlerMapping - Mapped URL path [/webjars/**] onto handler of type [class org.springframework.web.servlet.resource.ResourceHttpRequestHandler]
2019-08-04 14:59:03.541 [restartedMain] INFO  o.s.web.servlet.handler.SimpleUrlHandlerMapping - Mapped URL path [/**] onto handler of type [class org.springframework.web.servlet.resource.ResourceHttpRequestHandler]
2019-08-04 14:59:03.588 [restartedMain] INFO  o.s.w.s.m.m.a.ExceptionHandlerExceptionResolver - Detected @ExceptionHandler methods in gloablExceptionHandler
2019-08-04 14:59:04.773 [restartedMain] INFO  org.quartz.impl.StdSchedulerFactory - Using default implementation for ThreadExecutor
2019-08-04 14:59:04.799 [restartedMain] INFO  org.quartz.core.SchedulerSignalerImpl - Initialized Scheduler Signaller of type: class org.quartz.core.SchedulerSignalerImpl
2019-08-04 14:59:04.799 [restartedMain] INFO  org.quartz.core.QuartzScheduler - Quartz Scheduler v.2.3.0 created.
2019-08-04 14:59:04.800 [restartedMain] INFO  org.quartz.simpl.RAMJobStore - RAMJobStore initialized.
2019-08-04 14:59:04.802 [restartedMain] INFO  org.quartz.core.QuartzScheduler - Scheduler meta-data: Quartz Scheduler (v2.3.0) 'quartzScheduler' with instanceId 'NON_CLUSTERED'
  Scheduler class: 'org.quartz.core.QuartzScheduler' - running locally.
  NOT STARTED.
  Currently in standby mode.
  Number of jobs executed: 0
  Using thread pool 'org.quartz.simpl.SimpleThreadPool' - with 10 threads.
  Using job-store 'org.quartz.simpl.RAMJobStore' - which does not support persistence. and is not clustered.

2019-08-04 14:59:04.802 [restartedMain] INFO  org.quartz.impl.StdSchedulerFactory - Quartz scheduler 'quartzScheduler' initialized from an externally provided properties instance.
2019-08-04 14:59:04.802 [restartedMain] INFO  org.quartz.impl.StdSchedulerFactory - Quartz scheduler version: 2.3.0
2019-08-04 14:59:04.802 [restartedMain] INFO  org.quartz.core.QuartzScheduler - JobFactory set to: org.springframework.boot.autoconfigure.quartz.AutowireCapableBeanJobFactory@709cf1dd
2019-08-04 14:59:05.316 [restartedMain] INFO  o.s.b.d.autoconfigure.OptionalLiveReloadServer - LiveReload server is running on port 35729
2019-08-04 14:59:05.415 [restartedMain] INFO  o.s.jmx.export.annotation.AnnotationMBeanExporter - Registering beans for JMX exposure on startup
2019-08-04 14:59:05.421 [restartedMain] INFO  o.s.jmx.export.annotation.AnnotationMBeanExporter - Bean with name 'dataSource' has been autodetected for JMX exposure
2019-08-04 14:59:05.443 [restartedMain] INFO  o.s.jmx.export.annotation.AnnotationMBeanExporter - Bean with name 'rabbitConnectionFactory' has been autodetected for JMX exposure
2019-08-04 14:59:05.451 [restartedMain] INFO  o.s.jmx.export.annotation.AnnotationMBeanExporter - Located MBean 'dataSource': registering with JMX server as MBean [com.alibaba.druid.spring.boot.autoconfigure:name=dataSource,type=DruidDataSourceWrapper]
2019-08-04 14:59:05.453 [restartedMain] INFO  o.s.jmx.export.annotation.AnnotationMBeanExporter - Located managed bean 'rabbitConnectionFactory': registering with JMX server as MBean [org.springframework.amqp.rabbit.connection:name=rabbitConnectionFactory,type=CachingConnectionFactory]
2019-08-04 14:59:05.545 [restartedMain] INFO  o.s.context.support.DefaultLifecycleProcessor - Starting beans in phase 2147483647
2019-08-04 14:59:05.546 [restartedMain] INFO  s.d.s.web.plugins.DocumentationPluginsBootstrapper - Context refreshed
2019-08-04 14:59:05.616 [restartedMain] INFO  s.d.s.web.plugins.DocumentationPluginsBootstrapper - Found 1 custom documentation plugin(s)
2019-08-04 14:59:05.711 [restartedMain] INFO  s.d.spring.web.scanners.ApiListingReferenceScanner - Scanning for api listing references
2019-08-04 14:59:06.496 [restartedMain] INFO  s.d.s.w.r.operation.CachingOperationNameGenerator - Generating unique operation named: addProductOrdersUsingPOST_1
2019-08-04 14:59:06.785 [restartedMain] INFO  s.d.s.w.r.operation.CachingOperationNameGenerator - Generating unique operation named: findAddressUsingGET_1
2019-08-04 14:59:06.865 [SimpleAsyncTaskExecutor-1] INFO  o.s.a.rabbit.connection.CachingConnectionFactory - Attempting to connect to: [47.52.130.233:5672]
2019-08-04 14:59:06.975 [SimpleAsyncTaskExecutor-1] INFO  o.s.a.rabbit.connection.CachingConnectionFactory - Created new connection: rabbitConnectionFactory#4c8284c2:0/SimpleConnection@2c3ef5f8 [delegate=amqp://shopping@47.52.130.233:5672/shopping_test, localPort= 54418]
2019-08-04 14:59:07.877 [restartedMain] INFO  o.s.scheduling.quartz.SchedulerFactoryBean - Starting Quartz Scheduler now
2019-08-04 14:59:07.877 [restartedMain] INFO  org.quartz.core.QuartzScheduler - Scheduler quartzScheduler_$_NON_CLUSTERED started.
2019-08-04 14:59:07.917 [restartedMain] INFO  o.s.s.a.ScheduledAnnotationBeanPostProcessor - No TaskScheduler/ScheduledExecutorService bean found for scheduled processing
2019-08-04 14:59:07.933 [restartedMain] INFO  org.apache.coyote.http11.Http11NioProtocol - Starting ProtocolHandler ["http-nio-8081"]
2019-08-04 14:59:07.955 [restartedMain] INFO  org.apache.tomcat.util.net.NioSelectorPool - Using a shared selector for servlet write/read
2019-08-04 14:59:07.992 [restartedMain] INFO  o.s.boot.web.embedded.tomcat.TomcatWebServer - Tomcat started on port(s): 8081 (http) with context path ''
2019-08-04 14:59:08.002 [restartedMain] INFO  com.shopping.ShoppingApplication - Started ShoppingApplication in 21.569 seconds (JVM running for 24.312)
2019-08-04 14:59:19.844 [http-nio-8081-exec-1] INFO  o.a.c.core.ContainerBase.[Tomcat].[localhost].[/] - Initializing Spring FrameworkServlet 'dispatcherServlet'
2019-08-04 14:59:19.844 [http-nio-8081-exec-1] INFO  org.springframework.web.servlet.DispatcherServlet - FrameworkServlet 'dispatcherServlet': initialization started
2019-08-04 14:59:19.915 [http-nio-8081-exec-1] INFO  org.springframework.web.servlet.DispatcherServlet - FrameworkServlet 'dispatcherServlet': initialization completed in 71 ms
2019-08-04 15:02:52.979 [http-nio-8081-exec-5] INFO  com.shopping.service.mq.MQSender - send messageOrderCard:{"addressId":"308227407955886080","cartIdArray":["310068459796955136"],"discountId":"","orderMap":{"1156550302271299585":"19080415021559032192"},"orderSrc":"0","supplierMap":{"1156550302271299585":[{"cartId":"310068459796955136","createTime":1564902082000,"isDelete":"0","postage":10.00,"productCount":1,"productId":"6060b685ba27b601f36e337ee133f045","productImage":"https://shopping-002.oss-cn-beijing.aliyuncs.com/images/20190731210249/1564578169251-a02f4375-97fa-4b55.jpg","productName":"2019夏装新款潮ins网红女T恤短袖宽松纯棉上衣打底衫刺绣字母韩版","rmbPrice":1000.00,"supplierId":"1156550302271299585","updateTime":1564902082000,"userId":"308222263377788928"}]},"userId":"308222263377788928"}
2019-08-04 15:02:53.239 [SimpleAsyncTaskExecutor-1] INFO  com.shopping.service.mq.MQReceiver - receive0rderCard message:{"addressId":"308227407955886080","cartIdArray":["310068459796955136"],"discountId":"","orderMap":{"1156550302271299585":"19080415021559032192"},"orderSrc":"0","supplierMap":{"1156550302271299585":[{"cartId":"310068459796955136","createTime":1564902082000,"isDelete":"0","postage":10.00,"productCount":1,"productId":"6060b685ba27b601f36e337ee133f045","productImage":"https://shopping-002.oss-cn-beijing.aliyuncs.com/images/20190731210249/1564578169251-a02f4375-97fa-4b55.jpg","productName":"2019夏装新款潮ins网红女T恤短袖宽松纯棉上衣打底衫刺绣字母韩版","rmbPrice":1000.00,"supplierId":"1156550302271299585","updateTime":1564902082000,"userId":"308222263377788928"}]},"userId":"308222263377788928"}
2019-08-04 15:14:31.405 [http-nio-8081-exec-3] INFO  com.shopping.service.mq.MQSender - send messageOrderCard:{"addressId":"308227407955886080","cartIdArray":["310071357159243776"],"discountId":"","orderMap":{"1156550302271299585":"19080415141083869475"},"orderSrc":"0","supplierMap":{"1156550302271299585":[{"cartId":"310071357159243776","createTime":1564902772000,"isDelete":"0","postage":10.00,"productCount":4,"productId":"6060b685ba27b601f36e337ee133f045","productImage":"https://shopping-002.oss-cn-beijing.aliyuncs.com/images/20190731210249/1564578169251-a02f4375-97fa-4b55.jpg","productName":"2019夏装新款潮ins网红女T恤短袖宽松纯棉上衣打底衫刺绣字母韩版","rmbPrice":1000.00,"supplierId":"1156550302271299585","updateTime":1564902777000,"userId":"308222263377788928"}]},"userId":"308222263377788928"}
2019-08-04 15:14:31.465 [SimpleAsyncTaskExecutor-1] INFO  com.shopping.service.mq.MQReceiver - receive0rderCard message:{"addressId":"308227407955886080","cartIdArray":["310071357159243776"],"discountId":"","orderMap":{"1156550302271299585":"19080415141083869475"},"orderSrc":"0","supplierMap":{"1156550302271299585":[{"cartId":"310071357159243776","createTime":1564902772000,"isDelete":"0","postage":10.00,"productCount":4,"productId":"6060b685ba27b601f36e337ee133f045","productImage":"https://shopping-002.oss-cn-beijing.aliyuncs.com/images/20190731210249/1564578169251-a02f4375-97fa-4b55.jpg","productName":"2019夏装新款潮ins网红女T恤短袖宽松纯棉上衣打底衫刺绣字母韩版","rmbPrice":1000.00,"supplierId":"1156550302271299585","updateTime":1564902777000,"userId":"308222263377788928"}]},"userId":"308222263377788928"}
2019-08-04 15:43:34.459 [http-nio-8081-exec-8] INFO  com.shopping.service.mq.MQSender - send messageOrderCard:{"addressId":"308227407955886080","cartIdArray":["310078745970999296"],"discountId":"","orderMap":{"1156550302271299585":"19080415430148216612"},"orderSrc":"0","supplierMap":{"1156550302271299585":[{"cartId":"310078745970999296","createTime":1564904534000,"isDelete":"0","postage":10.00,"productCount":1,"productId":"6060b685ba27b601f36e337ee133f045","productImage":"https://shopping-002.oss-cn-beijing.aliyuncs.com/images/20190731210249/1564578169251-a02f4375-97fa-4b55.jpg","productName":"2019夏装新款潮ins网红女T恤短袖宽松纯棉上衣打底衫刺绣字母韩版","rmbPrice":1000.00,"supplierId":"1156550302271299585","updateTime":1564904534000,"userId":"308222263377788928"}]},"userId":"308222263377788928"}
2019-08-04 15:43:34.479 [SimpleAsyncTaskExecutor-1] INFO  com.shopping.service.mq.MQReceiver - receive0rderCard message:{"addressId":"308227407955886080","cartIdArray":["310078745970999296"],"discountId":"","orderMap":{"1156550302271299585":"19080415430148216612"},"orderSrc":"0","supplierMap":{"1156550302271299585":[{"cartId":"310078745970999296","createTime":1564904534000,"isDelete":"0","postage":10.00,"productCount":1,"productId":"6060b685ba27b601f36e337ee133f045","productImage":"https://shopping-002.oss-cn-beijing.aliyuncs.com/images/20190731210249/1564578169251-a02f4375-97fa-4b55.jpg","productName":"2019夏装新款潮ins网红女T恤短袖宽松纯棉上衣打底衫刺绣字母韩版","rmbPrice":1000.00,"supplierId":"1156550302271299585","updateTime":1564904534000,"userId":"308222263377788928"}]},"userId":"308222263377788928"}
2019-08-04 22:23:45.474 [http-nio-8081-exec-3] INFO  com.shopping.service.mq.MQSender - send messageOrderCard:{"addressId":"308227407955886080","cartIdArray":["310179223559995392","310179071256428544"],"discountId":"","orderMap":{"1156550302271299585":"19080422231239167043"},"orderSrc":"0","supplierMap":{"1156550302271299585":[{"cartId":"310179071256428544","createTime":1564928453000,"isDelete":"0","postage":10.00,"productCount":1,"productId":"d7de609f212dafb0c0e518b2e1fee51b","productImage":"https://shopping-002.oss-cn-beijing.aliyuncs.com/images/20190731233442/1564587282058-fd1ff3cf-6271-4594.jpg","productName":"滑板车配件","rmbPrice":100.00,"supplierId":"1156550302271299585","updateTime":1564928453000,"userId":"308222263377788928"},{"cartId":"310179223559995392","createTime":1564928490000,"isDelete":"0","productCount":1,"productId":"1a4a6482efbf13c6ef54bf764314e176","productImage":"https://shopping-002.oss-cn-beijing.aliyuncs.com/images/20190731210448/1564578288372-d932d671-a3c9-4fce.jpg","productName":"女神专用","rmbPrice":1100.00,"supplierId":"1156550302271299585","updateTime":1564928490000,"userId":"308222263377788928"}]},"userId":"308222263377788928"}
2019-08-04 22:23:45.500 [SimpleAsyncTaskExecutor-1] INFO  com.shopping.service.mq.MQReceiver - receive0rderCard message:{"addressId":"308227407955886080","cartIdArray":["310179223559995392","310179071256428544"],"discountId":"","orderMap":{"1156550302271299585":"19080422231239167043"},"orderSrc":"0","supplierMap":{"1156550302271299585":[{"cartId":"310179071256428544","createTime":1564928453000,"isDelete":"0","postage":10.00,"productCount":1,"productId":"d7de609f212dafb0c0e518b2e1fee51b","productImage":"https://shopping-002.oss-cn-beijing.aliyuncs.com/images/20190731233442/1564587282058-fd1ff3cf-6271-4594.jpg","productName":"滑板车配件","rmbPrice":100.00,"supplierId":"1156550302271299585","updateTime":1564928453000,"userId":"308222263377788928"},{"cartId":"310179223559995392","createTime":1564928490000,"isDelete":"0","productCount":1,"productId":"1a4a6482efbf13c6ef54bf764314e176","productImage":"https://shopping-002.oss-cn-beijing.aliyuncs.com/images/20190731210448/1564578288372-d932d671-a3c9-4fce.jpg","productName":"女神专用","rmbPrice":1100.00,"supplierId":"1156550302271299585","updateTime":1564928490000,"userId":"308222263377788928"}]},"userId":"308222263377788928"}
2019-08-04 23:38:13.284 [http-nio-8081-exec-4] INFO  com.shopping.service.mq.MQSender - send messageOrderCard:{"addressId":"308227407955886080","cartIdArray":["310198313175482368","310197628556017664"],"discountId":"","orderMap":{"1156550302271299585":"19080423380925358287"},"orderSrc":"0","supplierMap":{"1156550302271299585":[{"cartId":"310197628556017664","createTime":1564932878000,"isDelete":"0","productCount":2,"productId":"1a4a6482efbf13c6ef54bf764314e176","productImage":"https://shopping-002.oss-cn-beijing.aliyuncs.com/images/20190731210448/1564578288372-d932d671-a3c9-4fce.jpg","productName":"女神专用","rmbPrice":1100.00,"supplierId":"1156550302271299585","updateTime":1564932925000,"userId":"308222263377788928"},{"cartId":"310198313175482368","createTime":1564933041000,"isDelete":"0","postage":10.00,"productCount":1,"productId":"d7de609f212dafb0c0e518b2e1fee51b","productImage":"https://shopping-002.oss-cn-beijing.aliyuncs.com/images/20190731233442/1564587282058-fd1ff3cf-6271-4594.jpg","productName":"滑板车配件","rmbPrice":100.00,"supplierId":"1156550302271299585","updateTime":1564933041000,"userId":"308222263377788928"}]},"userId":"308222263377788928"}
2019-08-04 23:38:13.318 [SimpleAsyncTaskExecutor-1] INFO  com.shopping.service.mq.MQReceiver - receive0rderCard message:{"addressId":"308227407955886080","cartIdArray":["310198313175482368","310197628556017664"],"discountId":"","orderMap":{"1156550302271299585":"19080423380925358287"},"orderSrc":"0","supplierMap":{"1156550302271299585":[{"cartId":"310197628556017664","createTime":1564932878000,"isDelete":"0","productCount":2,"productId":"1a4a6482efbf13c6ef54bf764314e176","productImage":"https://shopping-002.oss-cn-beijing.aliyuncs.com/images/20190731210448/1564578288372-d932d671-a3c9-4fce.jpg","productName":"女神专用","rmbPrice":1100.00,"supplierId":"1156550302271299585","updateTime":1564932925000,"userId":"308222263377788928"},{"cartId":"310198313175482368","createTime":1564933041000,"isDelete":"0","postage":10.00,"productCount":1,"productId":"d7de609f212dafb0c0e518b2e1fee51b","productImage":"https://shopping-002.oss-cn-beijing.aliyuncs.com/images/20190731233442/1564587282058-fd1ff3cf-6271-4594.jpg","productName":"滑板车配件","rmbPrice":100.00,"supplierId":"1156550302271299585","updateTime":1564933041000,"userId":"308222263377788928"}]},"userId":"308222263377788928"}
