2019-08-06 09:51:27.603 [restartedMain] INFO  com.shopping.ShoppingApplication - Starting ShoppingApplication on 2013-20190402PI with PID 9476 (D:\work\project\shopping\web\target\classes started by Administrator in D:\work\project\shopping)
2019-08-06 09:51:27.608 [restartedMain] INFO  com.shopping.ShoppingApplication - The following profiles are active: local
2019-08-06 09:51:27.835 [restartedMain] INFO  o.s.b.w.s.c.AnnotationConfigServletWebServerApplicationContext - Refreshing org.springframework.boot.web.servlet.context.AnnotationConfigServletWebServerApplicationContext@4c42e336: startup date [Tue Aug 06 09:51:27 GMT+08:00 2019]; root of context hierarchy
2019-08-06 09:51:32.842 [restartedMain] INFO  o.s.b.factory.support.DefaultListableBeanFactory - Overriding bean definition for bean 'rabbitTemplate' with a different definition: replacing [Root bean: class [null]; scope=; abstract=false; lazyInit=false; autowireMode=3; dependencyCheck=0; autowireCandidate=true; primary=false; factoryBeanName=MQConfig; factoryMethodName=rabbitTemplate; initMethodName=null; destroyMethodName=(inferred); defined in class path resource [com/shopping/service/mq/MQConfig.class]] with [Root bean: class [null]; scope=; abstract=false; lazyInit=false; autowireMode=3; dependencyCheck=0; autowireCandidate=true; primary=false; factoryBeanName=org.springframework.boot.autoconfigure.amqp.RabbitAutoConfiguration$RabbitTemplateConfiguration; factoryMethodName=rabbitTemplate; initMethodName=null; destroyMethodName=(inferred); defined in class path resource [org/springframework/boot/autoconfigure/amqp/RabbitAutoConfiguration$RabbitTemplateConfiguration.class]]
2019-08-06 09:51:32.973 [restartedMain] INFO  o.s.d.r.config.RepositoryConfigurationDelegate - Multiple Spring Data modules found, entering strict repository configuration mode!
2019-08-06 09:51:33.405 [restartedMain] INFO  o.s.b.factory.support.DefaultListableBeanFactory - Overriding bean definition for bean 'redisMessageListenerContainer' with a different definition: replacing [Root bean: class [null]; scope=; abstract=false; lazyInit=false; autowireMode=3; dependencyCheck=0; autowireCandidate=true; primary=false; factoryBeanName=redisConfiguration; factoryMethodName=redisMessageListenerContainer; initMethodName=null; destroyMethodName=(inferred); defined in class path resource [com/shopping/config/RedisConfiguration.class]] with [Root bean: class [null]; scope=; abstract=false; lazyInit=false; autowireMode=3; dependencyCheck=0; autowireCandidate=true; primary=false; factoryBeanName=org.springframework.boot.autoconfigure.session.RedisSessionConfiguration$SpringBootRedisHttpSessionConfiguration; factoryMethodName=redisMessageListenerContainer; initMethodName=null; destroyMethodName=(inferred); defined in class path resource [org/springframework/boot/autoconfigure/session/RedisSessionConfiguration$SpringBootRedisHttpSessionConfiguration.class]]
2019-08-06 09:51:34.616 [restartedMain] INFO  o.s.c.s.PostProcessorRegistrationDelegate$BeanPostProcessorChecker - Bean 'org.springframework.amqp.rabbit.annotation.RabbitBootstrapConfiguration' of type [org.springframework.amqp.rabbit.annotation.RabbitBootstrapConfiguration$$EnhancerBySpringCGLIB$$faa29bd3] is not eligible for getting processed by all BeanPostProcessors (for example: not eligible for auto-proxying)
2019-08-06 09:51:34.756 [restartedMain] INFO  o.s.c.s.PostProcessorRegistrationDelegate$BeanPostProcessorChecker - Bean 'org.springframework.transaction.annotation.ProxyTransactionManagementConfiguration' of type [org.springframework.transaction.annotation.ProxyTransactionManagementConfiguration$$EnhancerBySpringCGLIB$$3436dda5] is not eligible for getting processed by all BeanPostProcessors (for example: not eligible for auto-proxying)
2019-08-06 09:51:34.903 [restartedMain] INFO  o.s.c.s.PostProcessorRegistrationDelegate$BeanPostProcessorChecker - Bean 'org.springframework.boot.context.properties.ConversionServiceDeducer$Factory' of type [org.springframework.boot.context.properties.ConversionServiceDeducer$Factory] is not eligible for getting processed by all BeanPostProcessors (for example: not eligible for auto-proxying)
2019-08-06 09:51:34.921 [restartedMain] INFO  o.s.c.s.PostProcessorRegistrationDelegate$BeanPostProcessorChecker - Bean 'com.shopping.config.RedisConfiguration$DataJedisProperties' of type [com.shopping.config.RedisConfiguration$DataJedisProperties] is not eligible for getting processed by all BeanPostProcessors (for example: not eligible for auto-proxying)
2019-08-06 09:51:34.923 [restartedMain] INFO  com.shopping.config.RedisConfiguration - Create JedisConnectionFactory successful
2019-08-06 09:51:35.032 [restartedMain] INFO  o.s.c.s.PostProcessorRegistrationDelegate$BeanPostProcessorChecker - Bean 'jedisConnectionFactory' of type [org.springframework.data.redis.connection.jedis.JedisConnectionFactory] is not eligible for getting processed by all BeanPostProcessors (for example: not eligible for auto-proxying)
2019-08-06 09:51:35.040 [restartedMain] INFO  o.s.c.s.PostProcessorRegistrationDelegate$BeanPostProcessorChecker - Bean 'redisConfiguration' of type [com.shopping.config.RedisConfiguration$$EnhancerBySpringCGLIB$$8a90f0d8] is not eligible for getting processed by all BeanPostProcessors (for example: not eligible for auto-proxying)
2019-08-06 09:51:35.048 [restartedMain] INFO  com.shopping.config.RedisConfiguration - 初始化 -> [CacheManager RedisCacheManager Start]
2019-08-06 09:51:35.096 [restartedMain] INFO  o.s.c.s.PostProcessorRegistrationDelegate$BeanPostProcessorChecker - Bean 'cacheManager' of type [org.springframework.data.redis.cache.RedisCacheManager] is not eligible for getting processed by all BeanPostProcessors (for example: not eligible for auto-proxying)
2019-08-06 09:51:35.112 [restartedMain] INFO  o.s.c.s.PostProcessorRegistrationDelegate$BeanPostProcessorChecker - Bean 'keyGenerator' of type [com.shopping.config.RedisConfiguration$$Lambda$260/1737220267] is not eligible for getting processed by all BeanPostProcessors (for example: not eligible for auto-proxying)
2019-08-06 09:51:35.115 [restartedMain] INFO  com.shopping.config.RedisConfiguration - 初始化 -> [Redis CacheErrorHandler]
2019-08-06 09:51:35.127 [restartedMain] INFO  o.s.c.s.PostProcessorRegistrationDelegate$BeanPostProcessorChecker - Bean 'errorHandler' of type [com.shopping.config.RedisConfiguration$1] is not eligible for getting processed by all BeanPostProcessors (for example: not eligible for auto-proxying)
2019-08-06 09:51:36.437 [restartedMain] INFO  o.s.boot.web.embedded.tomcat.TomcatWebServer - Tomcat initialized with port(s): 8081 (http)
2019-08-06 09:51:36.471 [restartedMain] INFO  org.apache.coyote.http11.Http11NioProtocol - Initializing ProtocolHandler ["http-nio-8081"]
2019-08-06 09:51:36.505 [restartedMain] INFO  org.apache.catalina.core.StandardService - Starting service [Tomcat]
2019-08-06 09:51:36.505 [restartedMain] INFO  org.apache.catalina.core.StandardEngine - Starting Servlet Engine: Apache Tomcat/8.5.31
2019-08-06 09:51:36.518 [localhost-startStop-1] INFO  org.apache.catalina.core.AprLifecycleListener - The APR based Apache Tomcat Native library which allows optimal performance in production environments was not found on the java.library.path: [C:\Program Files\Java\jdk1.8.0_202\bin;C:\Windows\Sun\Java\bin;C:\Windows\system32;C:\Windows;C:\Program Files (x86)\Common Files\Oracle\Java\javapath;C:\Windows\system32;C:\Windows;C:\Windows\System32\Wbem;C:\Windows\System32\WindowsPowerShell\v1.0\;C:\Program Files (x86)\Windows7Master;C:\Program Files\Java\jdk1.8.0_202\bin;C:\Program Files\Java\jdk1.8.0_202\jre\bin;D:\tools\apache-maven-3.6.0\bin\;C:\Program Files\TortoiseSVN\bin;C:\Program Files\Git\cmd;.]
2019-08-06 09:51:36.881 [localhost-startStop-1] INFO  o.a.c.core.ContainerBase.[Tomcat].[localhost].[/] - Initializing Spring embedded WebApplicationContext
2019-08-06 09:51:36.882 [localhost-startStop-1] INFO  org.springframework.web.context.ContextLoader - Root WebApplicationContext: initialization completed in 9051 ms
2019-08-06 09:51:37.573 [localhost-startStop-1] INFO  o.s.boot.web.servlet.FilterRegistrationBean - Mapping filter: 'characterEncodingFilter' to: [/*]
2019-08-06 09:51:37.574 [localhost-startStop-1] INFO  o.s.boot.web.servlet.FilterRegistrationBean - Mapping filter: 'sessionRepositoryFilter' to: [/*]
2019-08-06 09:51:37.574 [localhost-startStop-1] INFO  o.s.boot.web.servlet.FilterRegistrationBean - Mapping filter: 'hiddenHttpMethodFilter' to: [/*]
2019-08-06 09:51:37.575 [localhost-startStop-1] INFO  o.s.boot.web.servlet.FilterRegistrationBean - Mapping filter: 'httpPutFormContentFilter' to: [/*]
2019-08-06 09:51:37.575 [localhost-startStop-1] INFO  o.s.boot.web.servlet.FilterRegistrationBean - Mapping filter: 'requestContextFilter' to: [/*]
2019-08-06 09:51:37.575 [localhost-startStop-1] INFO  o.s.boot.web.servlet.FilterRegistrationBean - Mapping filter: 'corsFilter' to: [/*]
2019-08-06 09:51:37.575 [localhost-startStop-1] INFO  o.s.boot.web.servlet.ServletRegistrationBean - Servlet dispatcherServlet mapped to [/]
2019-08-06 09:51:37.858 [restartedMain] INFO  c.a.d.s.b.a.DruidDataSourceAutoConfigure - Init DruidDataSource
2019-08-06 09:51:38.150 [restartedMain] INFO  com.alibaba.druid.pool.DruidDataSource - {dataSource-1} inited
2019-08-06 09:54:18.978 [restartedMain] INFO  com.shopping.ShoppingApplication - Starting ShoppingApplication on 2013-20190402PI with PID 6536 (D:\work\project\shopping\web\target\classes started by Administrator in D:\work\project\shopping)
2019-08-06 09:54:18.979 [restartedMain] INFO  com.shopping.ShoppingApplication - The following profiles are active: local
2019-08-06 09:54:19.162 [restartedMain] INFO  o.s.b.w.s.c.AnnotationConfigServletWebServerApplicationContext - Refreshing org.springframework.boot.web.servlet.context.AnnotationConfigServletWebServerApplicationContext@64b9b19f: startup date [Tue Aug 06 09:54:19 GMT+08:00 2019]; root of context hierarchy
2019-08-06 09:54:23.476 [restartedMain] INFO  o.s.b.factory.support.DefaultListableBeanFactory - Overriding bean definition for bean 'rabbitTemplate' with a different definition: replacing [Root bean: class [null]; scope=; abstract=false; lazyInit=false; autowireMode=3; dependencyCheck=0; autowireCandidate=true; primary=false; factoryBeanName=MQConfig; factoryMethodName=rabbitTemplate; initMethodName=null; destroyMethodName=(inferred); defined in class path resource [com/shopping/service/mq/MQConfig.class]] with [Root bean: class [null]; scope=; abstract=false; lazyInit=false; autowireMode=3; dependencyCheck=0; autowireCandidate=true; primary=false; factoryBeanName=org.springframework.boot.autoconfigure.amqp.RabbitAutoConfiguration$RabbitTemplateConfiguration; factoryMethodName=rabbitTemplate; initMethodName=null; destroyMethodName=(inferred); defined in class path resource [org/springframework/boot/autoconfigure/amqp/RabbitAutoConfiguration$RabbitTemplateConfiguration.class]]
2019-08-06 09:54:23.587 [restartedMain] INFO  o.s.d.r.config.RepositoryConfigurationDelegate - Multiple Spring Data modules found, entering strict repository configuration mode!
2019-08-06 09:54:23.947 [restartedMain] INFO  o.s.b.factory.support.DefaultListableBeanFactory - Overriding bean definition for bean 'redisMessageListenerContainer' with a different definition: replacing [Root bean: class [null]; scope=; abstract=false; lazyInit=false; autowireMode=3; dependencyCheck=0; autowireCandidate=true; primary=false; factoryBeanName=redisConfiguration; factoryMethodName=redisMessageListenerContainer; initMethodName=null; destroyMethodName=(inferred); defined in class path resource [com/shopping/config/RedisConfiguration.class]] with [Root bean: class [null]; scope=; abstract=false; lazyInit=false; autowireMode=3; dependencyCheck=0; autowireCandidate=true; primary=false; factoryBeanName=org.springframework.boot.autoconfigure.session.RedisSessionConfiguration$SpringBootRedisHttpSessionConfiguration; factoryMethodName=redisMessageListenerContainer; initMethodName=null; destroyMethodName=(inferred); defined in class path resource [org/springframework/boot/autoconfigure/session/RedisSessionConfiguration$SpringBootRedisHttpSessionConfiguration.class]]
2019-08-06 09:54:25.144 [restartedMain] INFO  o.s.c.s.PostProcessorRegistrationDelegate$BeanPostProcessorChecker - Bean 'org.springframework.amqp.rabbit.annotation.RabbitBootstrapConfiguration' of type [org.springframework.amqp.rabbit.annotation.RabbitBootstrapConfiguration$$EnhancerBySpringCGLIB$$7127f7c1] is not eligible for getting processed by all BeanPostProcessors (for example: not eligible for auto-proxying)
2019-08-06 09:54:25.281 [restartedMain] INFO  o.s.c.s.PostProcessorRegistrationDelegate$BeanPostProcessorChecker - Bean 'org.springframework.transaction.annotation.ProxyTransactionManagementConfiguration' of type [org.springframework.transaction.annotation.ProxyTransactionManagementConfiguration$$EnhancerBySpringCGLIB$$aabc3993] is not eligible for getting processed by all BeanPostProcessors (for example: not eligible for auto-proxying)
2019-08-06 09:54:25.413 [restartedMain] INFO  o.s.c.s.PostProcessorRegistrationDelegate$BeanPostProcessorChecker - Bean 'org.springframework.boot.context.properties.ConversionServiceDeducer$Factory' of type [org.springframework.boot.context.properties.ConversionServiceDeducer$Factory] is not eligible for getting processed by all BeanPostProcessors (for example: not eligible for auto-proxying)
2019-08-06 09:54:25.428 [restartedMain] INFO  o.s.c.s.PostProcessorRegistrationDelegate$BeanPostProcessorChecker - Bean 'com.shopping.config.RedisConfiguration$DataJedisProperties' of type [com.shopping.config.RedisConfiguration$DataJedisProperties] is not eligible for getting processed by all BeanPostProcessors (for example: not eligible for auto-proxying)
2019-08-06 09:54:25.429 [restartedMain] INFO  com.shopping.config.RedisConfiguration - Create JedisConnectionFactory successful
2019-08-06 09:54:25.533 [restartedMain] INFO  o.s.c.s.PostProcessorRegistrationDelegate$BeanPostProcessorChecker - Bean 'jedisConnectionFactory' of type [org.springframework.data.redis.connection.jedis.JedisConnectionFactory] is not eligible for getting processed by all BeanPostProcessors (for example: not eligible for auto-proxying)
2019-08-06 09:54:25.538 [restartedMain] INFO  o.s.c.s.PostProcessorRegistrationDelegate$BeanPostProcessorChecker - Bean 'redisConfiguration' of type [com.shopping.config.RedisConfiguration$$EnhancerBySpringCGLIB$$1164cc6] is not eligible for getting processed by all BeanPostProcessors (for example: not eligible for auto-proxying)
2019-08-06 09:54:25.548 [restartedMain] INFO  com.shopping.config.RedisConfiguration - 初始化 -> [CacheManager RedisCacheManager Start]
2019-08-06 09:54:25.591 [restartedMain] INFO  o.s.c.s.PostProcessorRegistrationDelegate$BeanPostProcessorChecker - Bean 'cacheManager' of type [org.springframework.data.redis.cache.RedisCacheManager] is not eligible for getting processed by all BeanPostProcessors (for example: not eligible for auto-proxying)
2019-08-06 09:54:25.601 [restartedMain] INFO  o.s.c.s.PostProcessorRegistrationDelegate$BeanPostProcessorChecker - Bean 'keyGenerator' of type [com.shopping.config.RedisConfiguration$$Lambda$261/1222475717] is not eligible for getting processed by all BeanPostProcessors (for example: not eligible for auto-proxying)
2019-08-06 09:54:25.605 [restartedMain] INFO  com.shopping.config.RedisConfiguration - 初始化 -> [Redis CacheErrorHandler]
2019-08-06 09:54:25.614 [restartedMain] INFO  o.s.c.s.PostProcessorRegistrationDelegate$BeanPostProcessorChecker - Bean 'errorHandler' of type [com.shopping.config.RedisConfiguration$1] is not eligible for getting processed by all BeanPostProcessors (for example: not eligible for auto-proxying)
2019-08-06 09:54:26.779 [restartedMain] INFO  o.s.boot.web.embedded.tomcat.TomcatWebServer - Tomcat initialized with port(s): 8081 (http)
2019-08-06 09:54:26.818 [restartedMain] INFO  org.apache.coyote.http11.Http11NioProtocol - Initializing ProtocolHandler ["http-nio-8081"]
2019-08-06 09:54:26.845 [restartedMain] INFO  org.apache.catalina.core.StandardService - Starting service [Tomcat]
2019-08-06 09:54:26.845 [restartedMain] INFO  org.apache.catalina.core.StandardEngine - Starting Servlet Engine: Apache Tomcat/8.5.31
2019-08-06 09:54:26.860 [localhost-startStop-1] INFO  org.apache.catalina.core.AprLifecycleListener - The APR based Apache Tomcat Native library which allows optimal performance in production environments was not found on the java.library.path: [C:\Program Files\Java\jdk1.8.0_202\bin;C:\Windows\Sun\Java\bin;C:\Windows\system32;C:\Windows;C:\Program Files (x86)\Common Files\Oracle\Java\javapath;C:\Windows\system32;C:\Windows;C:\Windows\System32\Wbem;C:\Windows\System32\WindowsPowerShell\v1.0\;C:\Program Files (x86)\Windows7Master;C:\Program Files\Java\jdk1.8.0_202\bin;C:\Program Files\Java\jdk1.8.0_202\jre\bin;D:\tools\apache-maven-3.6.0\bin\;C:\Program Files\TortoiseSVN\bin;C:\Program Files\Git\cmd;.]
2019-08-06 09:54:27.203 [localhost-startStop-1] INFO  o.a.c.core.ContainerBase.[Tomcat].[localhost].[/] - Initializing Spring embedded WebApplicationContext
2019-08-06 09:54:27.204 [localhost-startStop-1] INFO  org.springframework.web.context.ContextLoader - Root WebApplicationContext: initialization completed in 8042 ms
2019-08-06 09:54:27.886 [localhost-startStop-1] INFO  o.s.boot.web.servlet.FilterRegistrationBean - Mapping filter: 'characterEncodingFilter' to: [/*]
2019-08-06 09:54:27.887 [localhost-startStop-1] INFO  o.s.boot.web.servlet.FilterRegistrationBean - Mapping filter: 'sessionRepositoryFilter' to: [/*]
2019-08-06 09:54:27.888 [localhost-startStop-1] INFO  o.s.boot.web.servlet.FilterRegistrationBean - Mapping filter: 'hiddenHttpMethodFilter' to: [/*]
2019-08-06 09:54:27.888 [localhost-startStop-1] INFO  o.s.boot.web.servlet.FilterRegistrationBean - Mapping filter: 'httpPutFormContentFilter' to: [/*]
2019-08-06 09:54:27.888 [localhost-startStop-1] INFO  o.s.boot.web.servlet.FilterRegistrationBean - Mapping filter: 'requestContextFilter' to: [/*]
2019-08-06 09:54:27.888 [localhost-startStop-1] INFO  o.s.boot.web.servlet.FilterRegistrationBean - Mapping filter: 'corsFilter' to: [/*]
2019-08-06 09:54:27.889 [localhost-startStop-1] INFO  o.s.boot.web.servlet.ServletRegistrationBean - Servlet dispatcherServlet mapped to [/]
2019-08-06 09:54:28.145 [restartedMain] INFO  c.a.d.s.b.a.DruidDataSourceAutoConfigure - Init DruidDataSource
2019-08-06 09:54:28.441 [restartedMain] INFO  com.alibaba.druid.pool.DruidDataSource - {dataSource-1} inited
2019-08-06 09:54:29.855 [restartedMain] INFO  com.shopping.service.common.ConstantMap - Init SystemArgs ==> ConstantMap.
2019-08-06 09:54:30.060 [restartedMain] INFO  com.shopping.service.common.ConstantMap - ConstantMap put key:currency_name,value:TZB.
2019-08-06 09:54:30.061 [restartedMain] INFO  com.shopping.service.common.ConstantMap - ConstantMap put key:rmb_name,value:RMB.
2019-08-06 09:54:30.061 [restartedMain] INFO  com.shopping.service.common.ConstantMap - ConstantMap put key:admin_id,value:1.
2019-08-06 09:54:30.061 [restartedMain] INFO  com.shopping.service.common.ConstantMap - ConstantMap put key:bigImage,value:[].
2019-08-06 09:54:30.061 [restartedMain] INFO  com.shopping.service.common.ConstantMap - ConstantMap put key:withdraw_fee_is_open,value:1.
2019-08-06 09:54:30.061 [restartedMain] INFO  com.shopping.service.common.ConstantMap - ConstantMap put key:kenImage,value:[].
2019-08-06 09:54:30.061 [restartedMain] INFO  com.shopping.service.common.ConstantMap - ConstantMap put key:max_withdraw_num,value:1000000.
2019-08-06 09:54:30.061 [restartedMain] INFO  com.shopping.service.common.ConstantMap - ConstantMap put key:enBigImage,value:[].
2019-08-06 09:54:30.061 [restartedMain] INFO  com.shopping.service.common.ConstantMap - ConstantMap put key:day_draw_coin_times,value:3.
2019-08-06 09:54:30.062 [restartedMain] INFO  com.shopping.service.common.ConstantMap - ConstantMap put key:kImage,value:[].
2019-08-06 09:54:30.062 [restartedMain] INFO  com.shopping.service.common.ConstantMap - Init virtualCoinType ==> ConstantMap.
2019-08-06 09:54:34.811 [restartedMain] INFO  o.s.w.s.m.m.a.RequestMappingHandlerMapping - Mapped "{[/api/account/withdrawCoin],methods=[POST]}" onto public com.shopping.vo.MessageVO com.shopping.api.CapitalOperationApi.withdrawCoin(java.lang.String,java.lang.String,java.math.BigDecimal,java.lang.String,java.lang.String,javax.servlet.http.HttpSession) throws java.lang.Exception
2019-08-06 09:54:34.814 [restartedMain] INFO  o.s.w.s.m.m.a.RequestMappingHandlerMapping - Mapped "{[/api/account/cancelWithdraw],methods=[POST]}" onto public com.shopping.vo.MessageVO com.shopping.api.CapitalOperationApi.cancelWithdraw(java.lang.String,javax.servlet.http.HttpSession)
2019-08-06 09:54:34.816 [restartedMain] INFO  o.s.w.s.m.m.a.RequestMappingHandlerMapping - Mapped "{[/api/account/getChargeWithdrawList],methods=[GET]}" onto public com.shopping.vo.MessageVO<com.shopping.vo.BaseListResult<java.util.List<com.shopping.vo.money.CapitalOperationVo>>> com.shopping.api.CapitalOperationApi.getChargeWithdrawList(java.lang.String,javax.servlet.http.HttpSession,java.lang.String,java.lang.String,java.lang.Integer,java.lang.Integer,java.lang.String) throws java.lang.Exception
2019-08-06 09:54:34.817 [restartedMain] INFO  o.s.w.s.m.m.a.RequestMappingHandlerMapping - Mapped "{[/api/account/getChargeAddress],methods=[GET]}" onto public com.shopping.vo.MessageVO com.shopping.api.ChargeAddressApi.getChargeAddress(java.lang.String,javax.servlet.http.HttpSession,boolean) throws java.lang.Exception
2019-08-06 09:54:34.819 [restartedMain] INFO  o.s.w.s.m.m.a.RequestMappingHandlerMapping - Mapped "{[/api/user/findCollections],methods=[GET]}" onto public com.shopping.vo.MessageVO<com.shopping.vo.BaseListResult<java.util.List<com.shopping.vo.user.CollectionVo>>> com.shopping.api.CollectionApi.findCollections(java.lang.String,java.lang.Integer,java.lang.Integer,javax.servlet.http.HttpSession)
2019-08-06 09:54:34.820 [restartedMain] INFO  o.s.w.s.m.m.a.RequestMappingHandlerMapping - Mapped "{[/api/user/findLikeProduct],methods=[GET]}" onto public com.shopping.vo.MessageVO<com.shopping.vo.BaseListResult<java.util.List<com.shopping.vo.product.ProductInfoVo>>> com.shopping.api.CollectionApi.findLikeProduct(java.lang.String,java.lang.Integer,java.lang.Integer,javax.servlet.http.HttpSession)
2019-08-06 09:54:34.821 [restartedMain] INFO  o.s.w.s.m.m.a.RequestMappingHandlerMapping - Mapped "{[/api/user/addProductToCollection],methods=[POST]}" onto public com.shopping.vo.MessageVO com.shopping.api.CollectionApi.addProductToCollection(java.lang.String,javax.servlet.http.HttpSession)
2019-08-06 09:54:34.822 [restartedMain] INFO  o.s.w.s.m.m.a.RequestMappingHandlerMapping - Mapped "{[/api/user/deleteCollections],methods=[POST]}" onto public com.shopping.vo.MessageVO com.shopping.api.CollectionApi.deleteCollections(java.lang.String,javax.servlet.http.HttpSession)
2019-08-06 09:54:34.823 [restartedMain] INFO  o.s.w.s.m.m.a.RequestMappingHandlerMapping - Mapped "{[/api/user/addFeedback],methods=[POST]}" onto public com.shopping.vo.MessageVO com.shopping.api.FeedbackApi.addFeedback(com.shopping.vo.user.FeedbackRequest,javax.servlet.http.HttpSession) throws java.lang.Exception
2019-08-06 09:54:34.824 [restartedMain] INFO  o.s.w.s.m.m.a.RequestMappingHandlerMapping - Mapped "{[/api/file/upload],methods=[POST]}" onto public com.shopping.vo.MessageVO<java.util.List<java.lang.String>> com.shopping.api.FileApi.upload(org.springframework.web.multipart.MultipartFile[])
2019-08-06 09:54:34.826 [restartedMain] INFO  o.s.w.s.m.m.a.RequestMappingHandlerMapping - Mapped "{[/api/index/getIndexInfo],methods=[GET]}" onto public com.shopping.vo.MessageVO<com.shopping.vo.index.IndexVo> com.shopping.api.IndexApi.getIndexInfo(javax.servlet.http.HttpServletRequest)
2019-08-06 09:54:34.827 [restartedMain] INFO  o.s.w.s.m.m.a.RequestMappingHandlerMapping - Mapped "{[/api/index/getSupplierList],methods=[GET]}" onto public com.shopping.vo.MessageVO<com.shopping.vo.BaseListResult<java.util.List<com.shopping.entity.SupplierInfo>>> com.shopping.api.IndexApi.getSupplierList(int,int,javax.servlet.http.HttpServletRequest)
2019-08-06 09:54:34.828 [restartedMain] INFO  o.s.w.s.m.m.a.RequestMappingHandlerMapping - Mapped "{[/api/index/getIndexProductList],methods=[GET]}" onto public com.shopping.vo.MessageVO<com.shopping.vo.BaseListResult<java.util.List<com.shopping.vo.product.ProductInfoVo>>> com.shopping.api.IndexApi.getIndexProductList(int,int)
2019-08-06 09:54:34.829 [restartedMain] INFO  o.s.w.s.m.m.a.RequestMappingHandlerMapping - Mapped "{[/api/index/getAdvertListByType],methods=[GET]}" onto public com.shopping.vo.MessageVO<java.util.List<com.shopping.entity.Advertisement>> com.shopping.api.IndexApi.getAdvertListByType(java.lang.String)
2019-08-06 09:54:34.830 [restartedMain] INFO  o.s.w.s.m.m.a.RequestMappingHandlerMapping - Mapped "{[/api/account/findLatestAchievementPrice],methods=[GET]}" onto public com.shopping.vo.MessageVO com.shopping.api.LatestAchievementPriceApi.findLatestAchievementPrice()
2019-08-06 09:54:34.832 [restartedMain] INFO  o.s.w.s.m.m.a.RequestMappingHandlerMapping - Mapped "{[/api/message/getMessageList],methods=[GET]}" onto public com.shopping.vo.MessageVO<com.shopping.vo.BaseListResult<java.util.List<com.shopping.vo.message.MessageBeanVo>>> com.shopping.api.MessageApi.getMessageList(int,int,javax.servlet.http.HttpSession)
2019-08-06 09:54:34.832 [restartedMain] INFO  o.s.w.s.m.m.a.RequestMappingHandlerMapping - Mapped "{[/api/message/getMessageDetail],methods=[GET]}" onto public com.shopping.vo.MessageVO<com.shopping.vo.message.MessageBeanVo> com.shopping.api.MessageApi.getMessageDetail(java.lang.String)
2019-08-06 09:54:34.838 [restartedMain] INFO  o.s.w.s.m.m.a.RequestMappingHandlerMapping - Mapped "{[/api/order/myInfo],methods=[GET]}" onto public com.shopping.vo.MessageVO<com.shopping.vo.user.MyInfoVo> com.shopping.api.OrderApi.myInfo(javax.servlet.http.HttpSession)
2019-08-06 09:54:34.839 [restartedMain] INFO  o.s.w.s.m.m.a.RequestMappingHandlerMapping - Mapped "{[/api/order/getOrderListByState],methods=[GET]}" onto public com.shopping.vo.MessageVO<com.shopping.vo.BaseListResult<java.util.List<com.shopping.vo.order.OrderVo>>> com.shopping.api.OrderApi.getOrderListByState(java.lang.String,int,int,javax.servlet.http.HttpSession)
2019-08-06 09:54:34.840 [restartedMain] INFO  o.s.w.s.m.m.a.RequestMappingHandlerMapping - Mapped "{[/api/order/refundApplication],methods=[POST]}" onto public com.shopping.vo.MessageVO<com.shopping.entity.OrderRefundsGoods> com.shopping.api.OrderApi.refundApplication(com.shopping.vo.order.RefundsRequestVo,javax.servlet.http.HttpSession) throws java.lang.Exception
2019-08-06 09:54:34.841 [restartedMain] INFO  o.s.w.s.m.m.a.RequestMappingHandlerMapping - Mapped "{[/api/order/updateReceivingAddress],methods=[POST]}" onto public com.shopping.vo.MessageVO<com.shopping.vo.order.RefundVo> com.shopping.api.OrderApi.updateReceivingAddress(java.lang.String,java.lang.String)
2019-08-06 09:54:34.841 [restartedMain] INFO  o.s.w.s.m.m.a.RequestMappingHandlerMapping - Mapped "{[/api/order/getOrderDetailMoney],methods=[POST]}" onto public com.shopping.vo.MessageVO<java.util.List<com.shopping.vo.order.OrderVo>> com.shopping.api.OrderApi.getOrderDetailMoney(java.util.List<java.lang.String>,javax.servlet.http.HttpSession)
2019-08-06 09:54:34.842 [restartedMain] INFO  o.s.w.s.m.m.a.RequestMappingHandlerMapping - Mapped "{[/api/order/confirmReceipt],methods=[POST]}" onto public com.shopping.vo.MessageVO com.shopping.api.OrderApi.confirmReceipt(java.lang.String)
2019-08-06 09:54:34.843 [restartedMain] INFO  o.s.w.s.m.m.a.RequestMappingHandlerMapping - Mapped "{[/api/order/getRefundsList],methods=[GET]}" onto public com.shopping.vo.MessageVO<com.shopping.vo.BaseListResult<java.util.List<com.shopping.vo.order.RefundsRecordVo>>> com.shopping.api.OrderApi.getRefundsList(int,int,java.lang.String,javax.servlet.http.HttpSession)
2019-08-06 09:54:34.844 [restartedMain] INFO  o.s.w.s.m.m.a.RequestMappingHandlerMapping - Mapped "{[/api/order/cancelOrder],methods=[POST]}" onto public com.shopping.vo.MessageVO com.shopping.api.OrderApi.cancelOrder(java.lang.String,java.lang.String,javax.servlet.http.HttpSession)
2019-08-06 09:54:34.845 [restartedMain] INFO  o.s.w.s.m.m.a.RequestMappingHandlerMapping - Mapped "{[/api/order/afterSaleDetails],methods=[GET]}" onto public com.shopping.vo.MessageVO<com.shopping.vo.order.RefundVo> com.shopping.api.OrderApi.afterSaleDetails(java.lang.String,java.lang.String,java.lang.String)
2019-08-06 09:54:34.845 [restartedMain] INFO  o.s.w.s.m.m.a.RequestMappingHandlerMapping - Mapped "{[/api/order/deleteOrder],methods=[POST]}" onto public com.shopping.vo.MessageVO<com.shopping.vo.order.RefundVo> com.shopping.api.OrderApi.deleteOrder(java.lang.String)
2019-08-06 09:54:34.846 [restartedMain] INFO  o.s.w.s.m.m.a.RequestMappingHandlerMapping - Mapped "{[/api/order/getOrderDetail],methods=[POST]}" onto public com.shopping.vo.MessageVO<com.shopping.vo.order.OrderDetailVo> com.shopping.api.OrderApi.getOrderDetail(java.lang.String,javax.servlet.http.HttpSession)
2019-08-06 09:54:34.846 [restartedMain] INFO  o.s.w.s.m.m.a.RequestMappingHandlerMapping - Mapped "{[/api/order/addProductOrders],methods=[POST]}" onto public com.shopping.vo.MessageVO com.shopping.api.OrderApi.addProductOrders(java.lang.String,java.lang.String,java.lang.String,java.lang.String,java.lang.Integer,javax.servlet.http.HttpSession)
2019-08-06 09:54:34.846 [restartedMain] INFO  o.s.w.s.m.m.a.RequestMappingHandlerMapping - Mapped "{[/api/order/paymentOfOrder],methods=[POST]}" onto public com.shopping.vo.MessageVO com.shopping.api.OrderApi.paymentOfOrder(com.shopping.vo.order.PaymentOfOrderVo,javax.servlet.http.HttpSession) throws java.lang.Exception
2019-08-06 09:54:34.855 [restartedMain] INFO  o.s.w.s.m.m.a.RequestMappingHandlerMapping - Mapped "{[/api/user/addCartOrders],methods=[POST]}" onto public com.shopping.vo.MessageVO<java.util.List<java.lang.String>> com.shopping.api.OrderCartApi.addProductOrders(com.shopping.vo.order.CartOrdersV0,javax.servlet.http.HttpSession) throws java.lang.Exception
2019-08-06 09:54:34.856 [restartedMain] INFO  o.s.w.s.m.m.a.RequestMappingHandlerMapping - Mapped "{[/api/user/updateCartInfo],methods=[POST]}" onto public com.shopping.vo.MessageVO com.shopping.api.OrderCartApi.updateCartInfo(java.lang.String,java.lang.Integer,javax.servlet.http.HttpSession)
2019-08-06 09:54:34.856 [restartedMain] INFO  o.s.w.s.m.m.a.RequestMappingHandlerMapping - Mapped "{[/api/user/findCarts],methods=[GET]}" onto public com.shopping.vo.MessageVO<com.shopping.vo.BaseListResult<java.util.List<com.shopping.vo.user.OrderCartVo>>> com.shopping.api.OrderCartApi.findCarts(java.lang.String,java.lang.Integer,java.lang.Integer,javax.servlet.http.HttpSession)
2019-08-06 09:54:34.857 [restartedMain] INFO  o.s.w.s.m.m.a.RequestMappingHandlerMapping - Mapped "{[/api/user/addProductToCart],methods=[POST]}" onto public com.shopping.vo.MessageVO com.shopping.api.OrderCartApi.addProductToCart(java.lang.String,java.lang.Integer,javax.servlet.http.HttpSession)
2019-08-06 09:54:34.857 [restartedMain] INFO  o.s.w.s.m.m.a.RequestMappingHandlerMapping - Mapped "{[/api/user/deleteCarts],methods=[POST]}" onto public com.shopping.vo.MessageVO com.shopping.api.OrderCartApi.deleteCarts(com.shopping.vo.order.ClearOderCartRequest,javax.servlet.http.HttpSession)
2019-08-06 09:54:34.857 [restartedMain] INFO  o.s.w.s.m.m.a.RequestMappingHandlerMapping - Mapped "{[/api/user/addMoreProductToCart],methods=[POST]}" onto public com.shopping.vo.MessageVO com.shopping.api.OrderCartApi.addMoreProductToCart(java.util.List<com.shopping.vo.order.ProductToCartVo>,javax.servlet.http.HttpSession)
2019-08-06 09:54:34.859 [restartedMain] INFO  o.s.w.s.m.m.a.RequestMappingHandlerMapping - Mapped "{[/api/category/getAllCategory],methods=[POST]}" onto public com.shopping.vo.MessageVO<java.util.List<com.shopping.vo.product.ProductCategoryVo>> com.shopping.api.ProductCategoryApi.getAllCategory()
2019-08-06 09:54:34.860 [restartedMain] INFO  o.s.w.s.m.m.a.RequestMappingHandlerMapping - Mapped "{[/api/category/getAllByByParentId],methods=[POST]}" onto public com.shopping.vo.MessageVO<java.util.List<com.shopping.vo.product.ProductCategoryVo>> com.shopping.api.ProductCategoryApi.getAllByByParentId(java.lang.String)
2019-08-06 09:54:34.863 [restartedMain] INFO  o.s.w.s.m.m.a.RequestMappingHandlerMapping - Mapped "{[/api/product/getEntry],methods=[POST]}" onto public com.shopping.vo.MessageVO<java.util.List<com.shopping.vo.product.EntryVo>> com.shopping.api.ProductInfoApi.getEntry(java.lang.String)
2019-08-06 09:54:34.864 [restartedMain] INFO  o.s.w.s.m.m.a.RequestMappingHandlerMapping - Mapped "{[/api/product/getProductOrSupplier],methods=[GET]}" onto public com.shopping.vo.MessageVO<com.shopping.vo.BaseListResult<java.util.List<?>>> com.shopping.api.ProductInfoApi.getProduct(int,int,java.lang.String,int,java.lang.String,boolean)
2019-08-06 09:54:34.864 [restartedMain] INFO  o.s.w.s.m.m.a.RequestMappingHandlerMapping - Mapped "{[/api/product/getProduct],methods=[POST]}" onto public com.shopping.vo.MessageVO<com.shopping.vo.BaseListResult<java.util.List<com.shopping.vo.product.ProductInfoVo>>> com.shopping.api.ProductInfoApi.getProduct(int,int,java.lang.String,java.lang.String,java.lang.String,java.lang.String,java.lang.String,java.lang.String,java.lang.String,boolean)
2019-08-06 09:54:34.865 [restartedMain] INFO  o.s.w.s.m.m.a.RequestMappingHandlerMapping - Mapped "{[/api/product/getProductById],methods=[POST]}" onto public com.shopping.vo.MessageVO<com.shopping.vo.product.ProductInfoVo> com.shopping.api.ProductInfoApi.getProductById(java.lang.String)
2019-08-06 09:54:34.865 [restartedMain] INFO  o.s.w.s.m.m.a.RequestMappingHandlerMapping - Mapped "{[/api/product/getProductBySupplier],methods=[POST]}" onto public com.shopping.vo.MessageVO<com.shopping.vo.product.PorductBySupplierVo> com.shopping.api.ProductInfoApi.getProductBySupplier(int,int,java.lang.String,java.lang.String,java.lang.String,java.lang.String,boolean)
2019-08-06 09:54:34.867 [restartedMain] INFO  o.s.w.s.m.m.a.RequestMappingHandlerMapping - Mapped "{[/api/kuaidi/getShipByNo],methods=[GET]}" onto public com.shopping.vo.MessageVO<com.alibaba.fastjson.JSONObject> com.shopping.api.ShippingInfoApi.refundApplication(java.lang.String,java.lang.String,java.lang.String) throws java.lang.Exception
2019-08-06 09:54:34.868 [restartedMain] INFO  o.s.w.s.m.m.a.RequestMappingHandlerMapping - Mapped "{[/api/accountdetail/getAccountDetailByUserId],methods=[GET]}" onto public com.shopping.vo.MessageVO<com.shopping.vo.BaseListResult<java.util.List<com.shopping.vo.user.UserAccountCollectVo>>> com.shopping.api.UserAccountDetailApi.getAccountDetailByUserId(java.lang.String,java.lang.String,java.lang.Integer,java.lang.Integer,javax.servlet.http.HttpSession)
2019-08-06 09:54:34.870 [restartedMain] INFO  o.s.w.s.m.m.a.RequestMappingHandlerMapping - Mapped "{[/api/user/deleteAddress],methods=[POST]}" onto public com.shopping.vo.MessageVO com.shopping.api.UserAddressApi.deleteAddress(java.lang.String,javax.servlet.http.HttpSession)
2019-08-06 09:54:34.871 [restartedMain] INFO  o.s.w.s.m.m.a.RequestMappingHandlerMapping - Mapped "{[/api/user/addAddress],methods=[POST]}" onto public com.shopping.vo.MessageVO com.shopping.api.UserAddressApi.addAddress(com.shopping.vo.user.UserAddressVo,javax.servlet.http.HttpSession)
2019-08-06 09:54:34.871 [restartedMain] INFO  o.s.w.s.m.m.a.RequestMappingHandlerMapping - Mapped "{[/api/user/updateAddress],methods=[POST]}" onto public com.shopping.vo.MessageVO com.shopping.api.UserAddressApi.updateAddress(com.shopping.vo.user.UserAddressVo,javax.servlet.http.HttpSession)
2019-08-06 09:54:34.872 [restartedMain] INFO  o.s.w.s.m.m.a.RequestMappingHandlerMapping - Mapped "{[/api/user/findAddress],methods=[GET]}" onto public com.shopping.vo.MessageVO<com.shopping.vo.BaseListResult<java.util.List<com.shopping.vo.user.UserAddressVo>>> com.shopping.api.UserAddressApi.findAddress(java.lang.String,java.lang.Integer,java.lang.Integer,javax.servlet.http.HttpSession)
2019-08-06 09:54:34.872 [restartedMain] INFO  o.s.w.s.m.m.a.RequestMappingHandlerMapping - Mapped "{[/api/user/updateDefaultAddress],methods=[POST]}" onto public com.shopping.vo.MessageVO com.shopping.api.UserAddressApi.updateDefaultAddress(java.lang.String,javax.servlet.http.HttpSession)
2019-08-06 09:54:34.878 [restartedMain] INFO  o.s.w.s.m.m.a.RequestMappingHandlerMapping - Mapped "{[/api/user/getMessage],methods=[GET]}" onto public com.shopping.vo.MessageVO<com.shopping.entity.User> com.shopping.api.UserApi.getMessage(javax.servlet.http.HttpSession)
2019-08-06 09:54:34.879 [restartedMain] INFO  o.s.w.s.m.m.a.RequestMappingHandlerMapping - Mapped "{[/api/user/login],methods=[POST]}" onto public com.shopping.vo.MessageVO<com.shopping.vo.user.UserLoginVo> com.shopping.api.UserApi.login(com.shopping.vo.user.UserLoginVo,javax.servlet.http.HttpServletRequest)
2019-08-06 09:54:34.879 [restartedMain] INFO  o.s.w.s.m.m.a.RequestMappingHandlerMapping - Mapped "{[/api/user/registUser],methods=[POST]}" onto public com.shopping.vo.MessageVO com.shopping.api.UserApi.registUser(com.shopping.vo.user.UserRegistVo,javax.servlet.http.HttpServletRequest) throws java.lang.Exception
2019-08-06 09:54:34.880 [restartedMain] INFO  o.s.w.s.m.m.a.RequestMappingHandlerMapping - Mapped "{[/api/user/sendSms],methods=[POST]}" onto public com.shopping.vo.MessageVO com.shopping.api.UserApi.sendSms(java.lang.String,java.lang.String,javax.servlet.http.HttpServletRequest)
2019-08-06 09:54:34.880 [restartedMain] INFO  o.s.w.s.m.m.a.RequestMappingHandlerMapping - Mapped "{[/api/user/logout],methods=[POST]}" onto public com.shopping.vo.MessageVO com.shopping.api.UserApi.userLogout(javax.servlet.http.HttpSession)
2019-08-06 09:54:34.880 [restartedMain] INFO  o.s.w.s.m.m.a.RequestMappingHandlerMapping - Mapped "{[/api/user/modifyPassWord],methods=[POST]}" onto public com.shopping.vo.MessageVO com.shopping.api.UserApi.modifyPassWord(com.shopping.vo.user.UserInfo,javax.servlet.http.HttpServletRequest)
2019-08-06 09:54:34.880 [restartedMain] INFO  o.s.w.s.m.m.a.RequestMappingHandlerMapping - Mapped "{[/api/user/forgetPassWord],methods=[POST]}" onto public com.shopping.vo.MessageVO com.shopping.api.UserApi.forgetPassWord(com.shopping.vo.user.ForgetPasswordVo,javax.servlet.http.HttpServletRequest)
2019-08-06 09:54:34.881 [restartedMain] INFO  o.s.w.s.m.m.a.RequestMappingHandlerMapping - Mapped "{[/api/user/updatePhone],methods=[POST]}" onto public com.shopping.vo.MessageVO com.shopping.api.UserApi.updatePhone(com.shopping.vo.user.UpdatePhoneVo,javax.servlet.http.HttpServletRequest)
2019-08-06 09:54:34.881 [restartedMain] INFO  o.s.w.s.m.m.a.RequestMappingHandlerMapping - Mapped "{[/api/user/getUserDetail],methods=[POST]}" onto public com.shopping.vo.MessageVO<com.shopping.vo.user.UserDetailVo> com.shopping.api.UserApi.getUserDetail(javax.servlet.http.HttpSession)
2019-08-06 09:54:34.882 [restartedMain] INFO  o.s.w.s.m.m.a.RequestMappingHandlerMapping - Mapped "{[/api/user/modifyUserDetail],methods=[POST]}" onto public com.shopping.vo.MessageVO<com.shopping.vo.user.UserDetailVo> com.shopping.api.UserApi.modifyUserDetail(com.shopping.vo.user.UserDetailVo,javax.servlet.http.HttpSession)
2019-08-06 09:54:34.883 [restartedMain] INFO  o.s.w.s.m.m.a.RequestMappingHandlerMapping - Mapped "{[/api/user/modifyPayPassWord],methods=[POST]}" onto public com.shopping.vo.MessageVO com.shopping.api.UserApi.modifyPayPassWord(com.shopping.vo.user.UserInfo,javax.servlet.http.HttpServletRequest)
2019-08-06 09:54:34.883 [restartedMain] INFO  o.s.w.s.m.m.a.RequestMappingHandlerMapping - Mapped "{[/api/user/forgetPayPassWord],methods=[POST]}" onto public com.shopping.vo.MessageVO com.shopping.api.UserApi.forgetPayPassWord(java.lang.String,java.lang.String)
2019-08-06 09:54:34.884 [restartedMain] INFO  o.s.w.s.m.m.a.RequestMappingHandlerMapping - Mapped "{[/api/user/verifyUpdatePhoneCode],methods=[POST]}" onto public com.shopping.vo.MessageVO com.shopping.api.UserApi.verifyUpdatePhoneCode(java.lang.String,java.lang.String,int)
2019-08-06 09:54:34.885 [restartedMain] INFO  o.s.w.s.m.m.a.RequestMappingHandlerMapping - Mapped "{[/api/user/uploadUserHeadImag],methods=[POST]}" onto public com.shopping.vo.MessageVO<?> com.shopping.api.UserApi.uploadUserHeadImag(org.springframework.web.multipart.MultipartFile,javax.servlet.http.HttpSession) throws java.lang.Exception
2019-08-06 09:54:34.886 [restartedMain] INFO  o.s.w.s.m.m.a.RequestMappingHandlerMapping - Mapped "{[/api/user/findVersion],methods=[GET]}" onto public com.shopping.vo.MessageVO<com.shopping.vo.BaseListResult<java.util.List<com.shopping.vo.user.VersionVo>>> com.shopping.api.VersionApi.findAddress(java.lang.String,java.lang.Integer,java.lang.Integer)
2019-08-06 09:54:34.889 [restartedMain] INFO  o.s.w.s.m.m.a.RequestMappingHandlerMapping - Mapped "{[/api/account/getWithdrawAddress],methods=[GET]}" onto public com.shopping.vo.MessageVO<com.shopping.vo.BaseListResult<java.util.List<com.shopping.vo.money.WithdrawAddressVo>>> com.shopping.api.WithdrawAddressApi.getWithdrawAddress(javax.servlet.http.HttpSession,java.lang.String,java.lang.String,java.lang.Integer,java.lang.Integer) throws java.lang.Exception
2019-08-06 09:54:34.889 [restartedMain] INFO  o.s.w.s.m.m.a.RequestMappingHandlerMapping - Mapped "{[/api/account/addWithdrawAddress],methods=[POST]}" onto public com.shopping.vo.MessageVO com.shopping.api.WithdrawAddressApi.addWithdrawAddress(java.lang.String,java.lang.String,java.lang.String,javax.servlet.http.HttpSession,java.lang.String) throws java.lang.Exception
2019-08-06 09:54:34.889 [restartedMain] INFO  o.s.w.s.m.m.a.RequestMappingHandlerMapping - Mapped "{[/api/account/updateWithdrawAddress],methods=[POST]}" onto public com.shopping.vo.MessageVO com.shopping.api.WithdrawAddressApi.updateWithdrawAddress(java.lang.String,java.lang.String,java.lang.String,java.lang.String,javax.servlet.http.HttpSession)
2019-08-06 09:54:34.890 [restartedMain] INFO  o.s.w.s.m.m.a.RequestMappingHandlerMapping - Mapped "{[/api/account/deleteWithdrawAddress],methods=[POST]}" onto public com.shopping.vo.MessageVO com.shopping.api.WithdrawAddressApi.deleteWithdrawAddress(java.lang.String,javax.servlet.http.HttpSession)
2019-08-06 09:54:34.890 [restartedMain] INFO  o.s.w.s.m.m.a.RequestMappingHandlerMapping - Mapped "{[/api/account/updateDefaultWithdrawAddress],methods=[POST]}" onto public com.shopping.vo.MessageVO com.shopping.api.WithdrawAddressApi.updateDefaultWithdrawAddress(java.lang.String,javax.servlet.http.HttpSession)
2019-08-06 09:54:34.902 [restartedMain] INFO  o.s.w.s.m.m.a.RequestMappingHandlerMapping - Mapped "{[/swagger-resources/configuration/security]}" onto public org.springframework.http.ResponseEntity<springfox.documentation.swagger.web.SecurityConfiguration> springfox.documentation.swagger.web.ApiResourceController.securityConfiguration()
2019-08-06 09:54:34.904 [restartedMain] INFO  o.s.w.s.m.m.a.RequestMappingHandlerMapping - Mapped "{[/swagger-resources/configuration/ui]}" onto public org.springframework.http.ResponseEntity<springfox.documentation.swagger.web.UiConfiguration> springfox.documentation.swagger.web.ApiResourceController.uiConfiguration()
2019-08-06 09:54:34.905 [restartedMain] INFO  o.s.w.s.m.m.a.RequestMappingHandlerMapping - Mapped "{[/swagger-resources]}" onto public org.springframework.http.ResponseEntity<java.util.List<springfox.documentation.swagger.web.SwaggerResource>> springfox.documentation.swagger.web.ApiResourceController.swaggerResources()
2019-08-06 09:54:34.913 [restartedMain] INFO  o.s.w.s.m.m.a.RequestMappingHandlerMapping - Mapped "{[/error]}" onto public org.springframework.http.ResponseEntity<java.util.Map<java.lang.String, java.lang.Object>> org.springframework.boot.autoconfigure.web.servlet.error.BasicErrorController.error(javax.servlet.http.HttpServletRequest)
2019-08-06 09:54:34.914 [restartedMain] INFO  o.s.w.s.m.m.a.RequestMappingHandlerMapping - Mapped "{[/error],produces=[text/html]}" onto public org.springframework.web.servlet.ModelAndView org.springframework.boot.autoconfigure.web.servlet.error.BasicErrorController.errorHtml(javax.servlet.http.HttpServletRequest,javax.servlet.http.HttpServletResponse)
2019-08-06 09:54:35.325 [restartedMain] INFO  com.shopping.config.RedisConfiguration - JedisPool init successful，host -> [47.52.130.233]；port -> [6379]
2019-08-06 09:54:35.623 [restartedMain] INFO  s.d.s.w.PropertySourcedRequestMappingHandlerMapping - Mapped URL path [/v2/api-docs] onto method [public org.springframework.http.ResponseEntity<springfox.documentation.spring.web.json.Json> springfox.documentation.swagger2.web.Swagger2Controller.getDocumentation(java.lang.String,javax.servlet.http.HttpServletRequest)]
2019-08-06 09:54:36.068 [restartedMain] INFO  o.s.web.servlet.handler.SimpleUrlHandlerMapping - Mapped URL path [/**/favicon.ico] onto handler of type [class org.springframework.web.servlet.resource.ResourceHttpRequestHandler]
2019-08-06 09:54:36.623 [restartedMain] INFO  o.s.w.s.m.m.a.RequestMappingHandlerAdapter - Looking for @ControllerAdvice: org.springframework.boot.web.servlet.context.AnnotationConfigServletWebServerApplicationContext@64b9b19f: startup date [Tue Aug 06 09:54:19 GMT+08:00 2019]; root of context hierarchy
2019-08-06 09:54:36.795 [restartedMain] INFO  o.s.web.servlet.handler.SimpleUrlHandlerMapping - Mapped URL path [/webjars/**] onto handler of type [class org.springframework.web.servlet.resource.ResourceHttpRequestHandler]
2019-08-06 09:54:36.795 [restartedMain] INFO  o.s.web.servlet.handler.SimpleUrlHandlerMapping - Mapped URL path [/**] onto handler of type [class org.springframework.web.servlet.resource.ResourceHttpRequestHandler]
2019-08-06 09:54:36.849 [restartedMain] INFO  o.s.w.s.m.m.a.ExceptionHandlerExceptionResolver - Detected @ExceptionHandler methods in gloablExceptionHandler
2019-08-06 09:54:38.347 [restartedMain] INFO  org.quartz.impl.StdSchedulerFactory - Using default implementation for ThreadExecutor
2019-08-06 09:54:38.378 [restartedMain] INFO  org.quartz.core.SchedulerSignalerImpl - Initialized Scheduler Signaller of type: class org.quartz.core.SchedulerSignalerImpl
2019-08-06 09:54:38.378 [restartedMain] INFO  org.quartz.core.QuartzScheduler - Quartz Scheduler v.2.3.0 created.
2019-08-06 09:54:38.380 [restartedMain] INFO  org.quartz.simpl.RAMJobStore - RAMJobStore initialized.
2019-08-06 09:54:38.381 [restartedMain] INFO  org.quartz.core.QuartzScheduler - Scheduler meta-data: Quartz Scheduler (v2.3.0) 'quartzScheduler' with instanceId 'NON_CLUSTERED'
  Scheduler class: 'org.quartz.core.QuartzScheduler' - running locally.
  NOT STARTED.
  Currently in standby mode.
  Number of jobs executed: 0
  Using thread pool 'org.quartz.simpl.SimpleThreadPool' - with 10 threads.
  Using job-store 'org.quartz.simpl.RAMJobStore' - which does not support persistence. and is not clustered.

2019-08-06 09:54:38.382 [restartedMain] INFO  org.quartz.impl.StdSchedulerFactory - Quartz scheduler 'quartzScheduler' initialized from an externally provided properties instance.
2019-08-06 09:54:38.382 [restartedMain] INFO  org.quartz.impl.StdSchedulerFactory - Quartz scheduler version: 2.3.0
2019-08-06 09:54:38.382 [restartedMain] INFO  org.quartz.core.QuartzScheduler - JobFactory set to: org.springframework.boot.autoconfigure.quartz.AutowireCapableBeanJobFactory@58e9564c
2019-08-06 09:54:39.023 [restartedMain] INFO  o.s.b.d.autoconfigure.OptionalLiveReloadServer - LiveReload server is running on port 35729
2019-08-06 09:54:39.135 [restartedMain] INFO  o.s.jmx.export.annotation.AnnotationMBeanExporter - Registering beans for JMX exposure on startup
2019-08-06 09:54:39.140 [restartedMain] INFO  o.s.jmx.export.annotation.AnnotationMBeanExporter - Bean with name 'dataSource' has been autodetected for JMX exposure
2019-08-06 09:54:39.164 [restartedMain] INFO  o.s.jmx.export.annotation.AnnotationMBeanExporter - Bean with name 'rabbitConnectionFactory' has been autodetected for JMX exposure
2019-08-06 09:54:39.174 [restartedMain] INFO  o.s.jmx.export.annotation.AnnotationMBeanExporter - Located MBean 'dataSource': registering with JMX server as MBean [com.alibaba.druid.spring.boot.autoconfigure:name=dataSource,type=DruidDataSourceWrapper]
2019-08-06 09:54:39.177 [restartedMain] INFO  o.s.jmx.export.annotation.AnnotationMBeanExporter - Located managed bean 'rabbitConnectionFactory': registering with JMX server as MBean [org.springframework.amqp.rabbit.connection:name=rabbitConnectionFactory,type=CachingConnectionFactory]
2019-08-06 09:54:39.293 [restartedMain] INFO  o.s.context.support.DefaultLifecycleProcessor - Starting beans in phase 2147483647
2019-08-06 09:54:39.294 [restartedMain] INFO  s.d.s.web.plugins.DocumentationPluginsBootstrapper - Context refreshed
2019-08-06 09:54:39.359 [restartedMain] INFO  s.d.s.web.plugins.DocumentationPluginsBootstrapper - Found 1 custom documentation plugin(s)
2019-08-06 09:54:39.462 [restartedMain] INFO  s.d.spring.web.scanners.ApiListingReferenceScanner - Scanning for api listing references
2019-08-06 09:54:40.416 [restartedMain] INFO  s.d.s.w.r.operation.CachingOperationNameGenerator - Generating unique operation named: addProductOrdersUsingPOST_1
2019-08-06 09:54:40.748 [restartedMain] INFO  s.d.s.w.r.operation.CachingOperationNameGenerator - Generating unique operation named: findAddressUsingGET_1
2019-08-06 09:54:40.831 [SimpleAsyncTaskExecutor-1] INFO  o.s.a.rabbit.connection.CachingConnectionFactory - Attempting to connect to: [47.52.130.233:5672]
2019-08-06 09:54:40.972 [SimpleAsyncTaskExecutor-1] INFO  o.s.a.rabbit.connection.CachingConnectionFactory - Created new connection: rabbitConnectionFactory#7fce0414:0/SimpleConnection@3b1cd58e [delegate=amqp://shopping@47.52.130.233:5672/shopping_dev, localPort= 58556]
2019-08-06 09:54:41.976 [restartedMain] INFO  o.s.scheduling.quartz.SchedulerFactoryBean - Starting Quartz Scheduler now
2019-08-06 09:54:41.977 [restartedMain] INFO  org.quartz.core.QuartzScheduler - Scheduler quartzScheduler_$_NON_CLUSTERED started.
2019-08-06 09:54:42.018 [restartedMain] INFO  o.s.s.a.ScheduledAnnotationBeanPostProcessor - No TaskScheduler/ScheduledExecutorService bean found for scheduled processing
2019-08-06 09:54:42.040 [restartedMain] INFO  org.apache.coyote.http11.Http11NioProtocol - Starting ProtocolHandler ["http-nio-8081"]
2019-08-06 09:54:42.064 [restartedMain] INFO  org.apache.tomcat.util.net.NioSelectorPool - Using a shared selector for servlet write/read
2019-08-06 09:54:42.111 [restartedMain] INFO  o.s.boot.web.embedded.tomcat.TomcatWebServer - Tomcat started on port(s): 8081 (http) with context path ''
2019-08-06 09:54:42.124 [restartedMain] INFO  com.shopping.ShoppingApplication - Started ShoppingApplication in 24.06 seconds (JVM running for 27.05)
2019-08-06 09:55:54.473 [http-nio-8081-exec-1] INFO  o.a.c.core.ContainerBase.[Tomcat].[localhost].[/] - Initializing Spring FrameworkServlet 'dispatcherServlet'
2019-08-06 09:55:54.473 [http-nio-8081-exec-1] INFO  org.springframework.web.servlet.DispatcherServlet - FrameworkServlet 'dispatcherServlet': initialization started
2019-08-06 09:55:54.536 [http-nio-8081-exec-1] INFO  org.springframework.web.servlet.DispatcherServlet - FrameworkServlet 'dispatcherServlet': initialization completed in 62 ms
2019-08-06 10:07:52.125 [SimpleAsyncTaskExecutor-1] INFO  o.s.a.r.listener.SimpleMessageListenerContainer - Restarting Consumer@7ce4b82b: tags=[{amq.ctag-h_9CpZwENn99iY8oKvgoVg=orders.queue}], channel=Cached Rabbit Channel: AMQChannel(amqp://shopping@47.52.130.233:5672/shopping_dev,1), conn: Proxy@7f621669 Shared Rabbit Connection: SimpleConnection@3b1cd58e [delegate=amqp://shopping@47.52.130.233:5672/shopping_dev, localPort= 58556], acknowledgeMode=AUTO local queue size=0
2019-08-06 10:07:52.133 [SimpleAsyncTaskExecutor-2] INFO  o.s.a.rabbit.connection.CachingConnectionFactory - Attempting to connect to: [47.52.130.233:5672]
2019-08-06 10:07:52.202 [SimpleAsyncTaskExecutor-2] INFO  o.s.a.rabbit.connection.CachingConnectionFactory - Created new connection: rabbitConnectionFactory#7fce0414:1/SimpleConnection@573e81db [delegate=amqp://shopping@47.52.130.233:5672/shopping_dev, localPort= 58964]
2019-08-06 10:07:52.224 [Thread-52] INFO  o.s.b.w.s.c.AnnotationConfigServletWebServerApplicationContext - Closing org.springframework.boot.web.servlet.context.AnnotationConfigServletWebServerApplicationContext@64b9b19f: startup date [Tue Aug 06 09:54:19 GMT+08:00 2019]; root of context hierarchy
2019-08-06 10:07:52.233 [Thread-52] INFO  o.s.context.support.DefaultLifecycleProcessor - Stopping beans in phase 2147483647
2019-08-06 10:07:53.112 [SimpleAsyncTaskExecutor-1] INFO  o.s.a.r.listener.SimpleMessageListenerContainer - Restarting Consumer@250dc53f: tags=[{amq.ctag-JB7S4DGudjNETyOP8IYtKA=ordercar.queue}], channel=Cached Rabbit Channel: AMQChannel(amqp://shopping@47.52.130.233:5672/shopping_dev,2), conn: Proxy@7f621669 Shared Rabbit Connection: SimpleConnection@573e81db [delegate=amqp://shopping@47.52.130.233:5672/shopping_dev, localPort= 58964], acknowledgeMode=AUTO local queue size=0
2019-08-06 10:07:57.260 [Thread-52] INFO  o.s.a.r.listener.SimpleMessageListenerContainer - Waiting for workers to finish.
2019-08-06 10:07:57.618 [Thread-52] INFO  o.s.a.r.listener.SimpleMessageListenerContainer - Successfully waited for workers to finish.
2019-08-06 10:07:57.634 [Thread-52] INFO  o.s.a.r.listener.SimpleMessageListenerContainer - Waiting for workers to finish.
2019-08-06 10:07:58.254 [Thread-52] INFO  o.s.a.r.listener.SimpleMessageListenerContainer - Successfully waited for workers to finish.
2019-08-06 10:07:58.254 [Thread-52] INFO  org.quartz.core.QuartzScheduler - Scheduler quartzScheduler_$_NON_CLUSTERED paused.
2019-08-06 10:07:58.255 [Thread-52] INFO  o.s.context.support.DefaultLifecycleProcessor - Stopping beans in phase 0
2019-08-06 10:07:58.261 [Thread-52] INFO  o.s.scheduling.quartz.SchedulerFactoryBean - Shutting down Quartz Scheduler
2019-08-06 10:07:58.262 [Thread-52] INFO  org.quartz.core.QuartzScheduler - Scheduler quartzScheduler_$_NON_CLUSTERED shutting down.
2019-08-06 10:07:58.262 [Thread-52] INFO  org.quartz.core.QuartzScheduler - Scheduler quartzScheduler_$_NON_CLUSTERED paused.
2019-08-06 10:07:58.264 [Thread-52] INFO  org.quartz.core.QuartzScheduler - Scheduler quartzScheduler_$_NON_CLUSTERED shutdown complete.
2019-08-06 10:07:58.265 [Thread-52] INFO  o.s.a.r.listener.SimpleMessageListenerContainer - Shutdown ignored - container is not active already
2019-08-06 10:07:58.265 [Thread-52] INFO  o.s.a.r.listener.SimpleMessageListenerContainer - Shutdown ignored - container is not active already
2019-08-06 10:07:58.265 [Thread-52] INFO  o.s.jmx.export.annotation.AnnotationMBeanExporter - Unregistering JMX-exposed beans on shutdown
2019-08-06 10:07:58.267 [Thread-52] INFO  o.s.jmx.export.annotation.AnnotationMBeanExporter - Unregistering JMX-exposed beans
2019-08-06 10:07:58.306 [Thread-52] INFO  com.alibaba.druid.pool.DruidDataSource - {dataSource-1} closed
2019-08-06 10:08:18.063 [restartedMain] INFO  com.shopping.ShoppingApplication - Starting ShoppingApplication on 2013-20190402PI with PID 9700 (D:\work\project\shopping\web\target\classes started by Administrator in D:\work\project\shopping)
2019-08-06 10:08:18.064 [restartedMain] INFO  com.shopping.ShoppingApplication - The following profiles are active: local
2019-08-06 10:08:18.849 [restartedMain] INFO  o.s.b.w.s.c.AnnotationConfigServletWebServerApplicationContext - Refreshing org.springframework.boot.web.servlet.context.AnnotationConfigServletWebServerApplicationContext@5ed7a108: startup date [Tue Aug 06 10:08:18 GMT+08:00 2019]; root of context hierarchy
2019-08-06 10:08:24.074 [restartedMain] INFO  o.s.b.factory.support.DefaultListableBeanFactory - Overriding bean definition for bean 'rabbitTemplate' with a different definition: replacing [Root bean: class [null]; scope=; abstract=false; lazyInit=false; autowireMode=3; dependencyCheck=0; autowireCandidate=true; primary=false; factoryBeanName=MQConfig; factoryMethodName=rabbitTemplate; initMethodName=null; destroyMethodName=(inferred); defined in class path resource [com/shopping/service/mq/MQConfig.class]] with [Root bean: class [null]; scope=; abstract=false; lazyInit=false; autowireMode=3; dependencyCheck=0; autowireCandidate=true; primary=false; factoryBeanName=org.springframework.boot.autoconfigure.amqp.RabbitAutoConfiguration$RabbitTemplateConfiguration; factoryMethodName=rabbitTemplate; initMethodName=null; destroyMethodName=(inferred); defined in class path resource [org/springframework/boot/autoconfigure/amqp/RabbitAutoConfiguration$RabbitTemplateConfiguration.class]]
2019-08-06 10:08:24.212 [restartedMain] INFO  o.s.d.r.config.RepositoryConfigurationDelegate - Multiple Spring Data modules found, entering strict repository configuration mode!
2019-08-06 10:08:24.666 [restartedMain] INFO  o.s.b.factory.support.DefaultListableBeanFactory - Overriding bean definition for bean 'redisMessageListenerContainer' with a different definition: replacing [Root bean: class [null]; scope=; abstract=false; lazyInit=false; autowireMode=3; dependencyCheck=0; autowireCandidate=true; primary=false; factoryBeanName=redisConfiguration; factoryMethodName=redisMessageListenerContainer; initMethodName=null; destroyMethodName=(inferred); defined in class path resource [com/shopping/config/RedisConfiguration.class]] with [Root bean: class [null]; scope=; abstract=false; lazyInit=false; autowireMode=3; dependencyCheck=0; autowireCandidate=true; primary=false; factoryBeanName=org.springframework.boot.autoconfigure.session.RedisSessionConfiguration$SpringBootRedisHttpSessionConfiguration; factoryMethodName=redisMessageListenerContainer; initMethodName=null; destroyMethodName=(inferred); defined in class path resource [org/springframework/boot/autoconfigure/session/RedisSessionConfiguration$SpringBootRedisHttpSessionConfiguration.class]]
2019-08-06 10:08:26.219 [restartedMain] INFO  o.s.c.s.PostProcessorRegistrationDelegate$BeanPostProcessorChecker - Bean 'org.springframework.amqp.rabbit.annotation.RabbitBootstrapConfiguration' of type [org.springframework.amqp.rabbit.annotation.RabbitBootstrapConfiguration$$EnhancerBySpringCGLIB$$490bf897] is not eligible for getting processed by all BeanPostProcessors (for example: not eligible for auto-proxying)
2019-08-06 10:08:26.391 [restartedMain] INFO  o.s.c.s.PostProcessorRegistrationDelegate$BeanPostProcessorChecker - Bean 'org.springframework.transaction.annotation.ProxyTransactionManagementConfiguration' of type [org.springframework.transaction.annotation.ProxyTransactionManagementConfiguration$$EnhancerBySpringCGLIB$$82a03a69] is not eligible for getting processed by all BeanPostProcessors (for example: not eligible for auto-proxying)
2019-08-06 10:08:26.567 [restartedMain] INFO  o.s.c.s.PostProcessorRegistrationDelegate$BeanPostProcessorChecker - Bean 'org.springframework.boot.context.properties.ConversionServiceDeducer$Factory' of type [org.springframework.boot.context.properties.ConversionServiceDeducer$Factory] is not eligible for getting processed by all BeanPostProcessors (for example: not eligible for auto-proxying)
2019-08-06 10:08:26.588 [restartedMain] INFO  o.s.c.s.PostProcessorRegistrationDelegate$BeanPostProcessorChecker - Bean 'com.shopping.config.RedisConfiguration$DataJedisProperties' of type [com.shopping.config.RedisConfiguration$DataJedisProperties] is not eligible for getting processed by all BeanPostProcessors (for example: not eligible for auto-proxying)
2019-08-06 10:08:26.589 [restartedMain] INFO  com.shopping.config.RedisConfiguration - Create JedisConnectionFactory successful
2019-08-06 10:08:26.714 [restartedMain] INFO  o.s.c.s.PostProcessorRegistrationDelegate$BeanPostProcessorChecker - Bean 'jedisConnectionFactory' of type [org.springframework.data.redis.connection.jedis.JedisConnectionFactory] is not eligible for getting processed by all BeanPostProcessors (for example: not eligible for auto-proxying)
2019-08-06 10:08:26.721 [restartedMain] INFO  o.s.c.s.PostProcessorRegistrationDelegate$BeanPostProcessorChecker - Bean 'redisConfiguration' of type [com.shopping.config.RedisConfiguration$$EnhancerBySpringCGLIB$$d8fa4d9c] is not eligible for getting processed by all BeanPostProcessors (for example: not eligible for auto-proxying)
2019-08-06 10:08:26.731 [restartedMain] INFO  com.shopping.config.RedisConfiguration - 初始化 -> [CacheManager RedisCacheManager Start]
2019-08-06 10:08:26.796 [restartedMain] INFO  o.s.c.s.PostProcessorRegistrationDelegate$BeanPostProcessorChecker - Bean 'cacheManager' of type [org.springframework.data.redis.cache.RedisCacheManager] is not eligible for getting processed by all BeanPostProcessors (for example: not eligible for auto-proxying)
2019-08-06 10:08:26.809 [restartedMain] INFO  o.s.c.s.PostProcessorRegistrationDelegate$BeanPostProcessorChecker - Bean 'keyGenerator' of type [com.shopping.config.RedisConfiguration$$Lambda$260/362162818] is not eligible for getting processed by all BeanPostProcessors (for example: not eligible for auto-proxying)
2019-08-06 10:08:26.815 [restartedMain] INFO  com.shopping.config.RedisConfiguration - 初始化 -> [Redis CacheErrorHandler]
2019-08-06 10:08:26.824 [restartedMain] INFO  o.s.c.s.PostProcessorRegistrationDelegate$BeanPostProcessorChecker - Bean 'errorHandler' of type [com.shopping.config.RedisConfiguration$1] is not eligible for getting processed by all BeanPostProcessors (for example: not eligible for auto-proxying)
2019-08-06 10:08:28.305 [restartedMain] INFO  o.s.boot.web.embedded.tomcat.TomcatWebServer - Tomcat initialized with port(s): 8081 (http)
2019-08-06 10:08:28.344 [restartedMain] INFO  org.apache.coyote.http11.Http11NioProtocol - Initializing ProtocolHandler ["http-nio-8081"]
2019-08-06 10:08:28.374 [restartedMain] INFO  org.apache.catalina.core.StandardService - Starting service [Tomcat]
2019-08-06 10:08:28.375 [restartedMain] INFO  org.apache.catalina.core.StandardEngine - Starting Servlet Engine: Apache Tomcat/8.5.31
2019-08-06 10:08:28.393 [localhost-startStop-1] INFO  org.apache.catalina.core.AprLifecycleListener - The APR based Apache Tomcat Native library which allows optimal performance in production environments was not found on the java.library.path: [C:\Program Files\Java\jdk1.8.0_202\bin;C:\Windows\Sun\Java\bin;C:\Windows\system32;C:\Windows;C:\Program Files (x86)\Common Files\Oracle\Java\javapath;C:\Windows\system32;C:\Windows;C:\Windows\System32\Wbem;C:\Windows\System32\WindowsPowerShell\v1.0\;C:\Program Files (x86)\Windows7Master;C:\Program Files\Java\jdk1.8.0_202\bin;C:\Program Files\Java\jdk1.8.0_202\jre\bin;D:\tools\apache-maven-3.6.0\bin\;C:\Program Files\TortoiseSVN\bin;C:\Program Files\Git\cmd;.]
2019-08-06 10:08:28.808 [localhost-startStop-1] INFO  o.a.c.core.ContainerBase.[Tomcat].[localhost].[/] - Initializing Spring embedded WebApplicationContext
2019-08-06 10:08:28.809 [localhost-startStop-1] INFO  org.springframework.web.context.ContextLoader - Root WebApplicationContext: initialization completed in 9960 ms
2019-08-06 10:08:29.622 [localhost-startStop-1] INFO  o.s.boot.web.servlet.FilterRegistrationBean - Mapping filter: 'characterEncodingFilter' to: [/*]
2019-08-06 10:08:29.623 [localhost-startStop-1] INFO  o.s.boot.web.servlet.FilterRegistrationBean - Mapping filter: 'sessionRepositoryFilter' to: [/*]
2019-08-06 10:08:29.623 [localhost-startStop-1] INFO  o.s.boot.web.servlet.FilterRegistrationBean - Mapping filter: 'hiddenHttpMethodFilter' to: [/*]
2019-08-06 10:08:29.623 [localhost-startStop-1] INFO  o.s.boot.web.servlet.FilterRegistrationBean - Mapping filter: 'httpPutFormContentFilter' to: [/*]
2019-08-06 10:08:29.624 [localhost-startStop-1] INFO  o.s.boot.web.servlet.FilterRegistrationBean - Mapping filter: 'requestContextFilter' to: [/*]
2019-08-06 10:08:29.625 [localhost-startStop-1] INFO  o.s.boot.web.servlet.FilterRegistrationBean - Mapping filter: 'corsFilter' to: [/*]
2019-08-06 10:08:29.625 [localhost-startStop-1] INFO  o.s.boot.web.servlet.ServletRegistrationBean - Servlet dispatcherServlet mapped to [/]
2019-08-06 10:08:29.951 [restartedMain] INFO  c.a.d.s.b.a.DruidDataSourceAutoConfigure - Init DruidDataSource
2019-08-06 10:08:30.268 [restartedMain] INFO  com.alibaba.druid.pool.DruidDataSource - {dataSource-1} inited
2019-08-06 10:08:31.768 [restartedMain] INFO  com.shopping.service.common.ConstantMap - Init SystemArgs ==> ConstantMap.
2019-08-06 10:08:32.013 [restartedMain] INFO  com.shopping.service.common.ConstantMap - ConstantMap put key:currency_name,value:TZB.
2019-08-06 10:08:32.014 [restartedMain] INFO  com.shopping.service.common.ConstantMap - ConstantMap put key:rmb_name,value:RMB.
2019-08-06 10:08:32.014 [restartedMain] INFO  com.shopping.service.common.ConstantMap - ConstantMap put key:admin_id,value:1.
2019-08-06 10:08:32.014 [restartedMain] INFO  com.shopping.service.common.ConstantMap - ConstantMap put key:bigImage,value:[].
2019-08-06 10:08:32.014 [restartedMain] INFO  com.shopping.service.common.ConstantMap - ConstantMap put key:withdraw_fee_is_open,value:1.
2019-08-06 10:08:32.014 [restartedMain] INFO  com.shopping.service.common.ConstantMap - ConstantMap put key:kenImage,value:[].
2019-08-06 10:08:32.014 [restartedMain] INFO  com.shopping.service.common.ConstantMap - ConstantMap put key:max_withdraw_num,value:1000000.
2019-08-06 10:08:32.014 [restartedMain] INFO  com.shopping.service.common.ConstantMap - ConstantMap put key:enBigImage,value:[].
2019-08-06 10:08:32.015 [restartedMain] INFO  com.shopping.service.common.ConstantMap - ConstantMap put key:day_draw_coin_times,value:3.
2019-08-06 10:08:32.015 [restartedMain] INFO  com.shopping.service.common.ConstantMap - ConstantMap put key:kImage,value:[].
2019-08-06 10:08:32.015 [restartedMain] INFO  com.shopping.service.common.ConstantMap - Init virtualCoinType ==> ConstantMap.
2019-08-06 10:08:37.622 [restartedMain] INFO  o.s.w.s.m.m.a.RequestMappingHandlerMapping - Mapped "{[/api/account/withdrawCoin],methods=[POST]}" onto public com.shopping.vo.MessageVO com.shopping.api.CapitalOperationApi.withdrawCoin(java.lang.String,java.lang.String,java.math.BigDecimal,java.lang.String,java.lang.String,javax.servlet.http.HttpSession) throws java.lang.Exception
2019-08-06 10:08:37.626 [restartedMain] INFO  o.s.w.s.m.m.a.RequestMappingHandlerMapping - Mapped "{[/api/account/cancelWithdraw],methods=[POST]}" onto public com.shopping.vo.MessageVO com.shopping.api.CapitalOperationApi.cancelWithdraw(java.lang.String,javax.servlet.http.HttpSession)
2019-08-06 10:08:37.628 [restartedMain] INFO  o.s.w.s.m.m.a.RequestMappingHandlerMapping - Mapped "{[/api/account/getChargeWithdrawList],methods=[GET]}" onto public com.shopping.vo.MessageVO<com.shopping.vo.BaseListResult<java.util.List<com.shopping.vo.money.CapitalOperationVo>>> com.shopping.api.CapitalOperationApi.getChargeWithdrawList(java.lang.String,javax.servlet.http.HttpSession,java.lang.String,java.lang.String,java.lang.Integer,java.lang.Integer,java.lang.String) throws java.lang.Exception
2019-08-06 10:08:37.631 [restartedMain] INFO  o.s.w.s.m.m.a.RequestMappingHandlerMapping - Mapped "{[/api/account/getChargeAddress],methods=[GET]}" onto public com.shopping.vo.MessageVO com.shopping.api.ChargeAddressApi.getChargeAddress(java.lang.String,javax.servlet.http.HttpSession,boolean) throws java.lang.Exception
2019-08-06 10:08:37.634 [restartedMain] INFO  o.s.w.s.m.m.a.RequestMappingHandlerMapping - Mapped "{[/api/user/findCollections],methods=[GET]}" onto public com.shopping.vo.MessageVO<com.shopping.vo.BaseListResult<java.util.List<com.shopping.vo.user.CollectionVo>>> com.shopping.api.CollectionApi.findCollections(java.lang.String,java.lang.Integer,java.lang.Integer,javax.servlet.http.HttpSession)
2019-08-06 10:08:37.635 [restartedMain] INFO  o.s.w.s.m.m.a.RequestMappingHandlerMapping - Mapped "{[/api/user/findLikeProduct],methods=[GET]}" onto public com.shopping.vo.MessageVO<com.shopping.vo.BaseListResult<java.util.List<com.shopping.vo.product.ProductInfoVo>>> com.shopping.api.CollectionApi.findLikeProduct(java.lang.String,java.lang.Integer,java.lang.Integer,javax.servlet.http.HttpSession)
2019-08-06 10:08:37.636 [restartedMain] INFO  o.s.w.s.m.m.a.RequestMappingHandlerMapping - Mapped "{[/api/user/addProductToCollection],methods=[POST]}" onto public com.shopping.vo.MessageVO com.shopping.api.CollectionApi.addProductToCollection(java.lang.String,javax.servlet.http.HttpSession)
2019-08-06 10:08:37.636 [restartedMain] INFO  o.s.w.s.m.m.a.RequestMappingHandlerMapping - Mapped "{[/api/user/deleteCollections],methods=[POST]}" onto public com.shopping.vo.MessageVO com.shopping.api.CollectionApi.deleteCollections(java.lang.String,javax.servlet.http.HttpSession)
2019-08-06 10:08:37.637 [restartedMain] INFO  o.s.w.s.m.m.a.RequestMappingHandlerMapping - Mapped "{[/api/user/addFeedback],methods=[POST]}" onto public com.shopping.vo.MessageVO com.shopping.api.FeedbackApi.addFeedback(com.shopping.vo.user.FeedbackRequest,javax.servlet.http.HttpSession) throws java.lang.Exception
2019-08-06 10:08:37.638 [restartedMain] INFO  o.s.w.s.m.m.a.RequestMappingHandlerMapping - Mapped "{[/api/file/upload],methods=[POST]}" onto public com.shopping.vo.MessageVO<java.util.List<java.lang.String>> com.shopping.api.FileApi.upload(org.springframework.web.multipart.MultipartFile[])
2019-08-06 10:08:37.640 [restartedMain] INFO  o.s.w.s.m.m.a.RequestMappingHandlerMapping - Mapped "{[/api/index/getIndexInfo],methods=[GET]}" onto public com.shopping.vo.MessageVO<com.shopping.vo.index.IndexVo> com.shopping.api.IndexApi.getIndexInfo(javax.servlet.http.HttpServletRequest)
2019-08-06 10:08:37.643 [restartedMain] INFO  o.s.w.s.m.m.a.RequestMappingHandlerMapping - Mapped "{[/api/index/getSupplierList],methods=[GET]}" onto public com.shopping.vo.MessageVO<com.shopping.vo.BaseListResult<java.util.List<com.shopping.entity.SupplierInfo>>> com.shopping.api.IndexApi.getSupplierList(int,int,javax.servlet.http.HttpServletRequest)
2019-08-06 10:08:37.644 [restartedMain] INFO  o.s.w.s.m.m.a.RequestMappingHandlerMapping - Mapped "{[/api/index/getIndexProductList],methods=[GET]}" onto public com.shopping.vo.MessageVO<com.shopping.vo.BaseListResult<java.util.List<com.shopping.vo.product.ProductInfoVo>>> com.shopping.api.IndexApi.getIndexProductList(int,int)
2019-08-06 10:08:37.645 [restartedMain] INFO  o.s.w.s.m.m.a.RequestMappingHandlerMapping - Mapped "{[/api/index/getAdvertListByType],methods=[GET]}" onto public com.shopping.vo.MessageVO<java.util.List<com.shopping.entity.Advertisement>> com.shopping.api.IndexApi.getAdvertListByType(java.lang.String)
2019-08-06 10:08:37.648 [restartedMain] INFO  o.s.w.s.m.m.a.RequestMappingHandlerMapping - Mapped "{[/api/account/findLatestAchievementPrice],methods=[GET]}" onto public com.shopping.vo.MessageVO com.shopping.api.LatestAchievementPriceApi.findLatestAchievementPrice()
2019-08-06 10:08:37.650 [restartedMain] INFO  o.s.w.s.m.m.a.RequestMappingHandlerMapping - Mapped "{[/api/message/getMessageList],methods=[GET]}" onto public com.shopping.vo.MessageVO<com.shopping.vo.BaseListResult<java.util.List<com.shopping.vo.message.MessageBeanVo>>> com.shopping.api.MessageApi.getMessageList(int,int,javax.servlet.http.HttpSession)
2019-08-06 10:08:37.651 [restartedMain] INFO  o.s.w.s.m.m.a.RequestMappingHandlerMapping - Mapped "{[/api/message/getMessageDetail],methods=[GET]}" onto public com.shopping.vo.MessageVO<com.shopping.vo.message.MessageBeanVo> com.shopping.api.MessageApi.getMessageDetail(java.lang.String)
2019-08-06 10:08:37.658 [restartedMain] INFO  o.s.w.s.m.m.a.RequestMappingHandlerMapping - Mapped "{[/api/order/myInfo],methods=[GET]}" onto public com.shopping.vo.MessageVO<com.shopping.vo.user.MyInfoVo> com.shopping.api.OrderApi.myInfo(javax.servlet.http.HttpSession)
2019-08-06 10:08:37.659 [restartedMain] INFO  o.s.w.s.m.m.a.RequestMappingHandlerMapping - Mapped "{[/api/order/confirmReceipt],methods=[POST]}" onto public com.shopping.vo.MessageVO com.shopping.api.OrderApi.confirmReceipt(java.lang.String)
2019-08-06 10:08:37.660 [restartedMain] INFO  o.s.w.s.m.m.a.RequestMappingHandlerMapping - Mapped "{[/api/order/getRefundsList],methods=[GET]}" onto public com.shopping.vo.MessageVO<com.shopping.vo.BaseListResult<java.util.List<com.shopping.vo.order.RefundsRecordVo>>> com.shopping.api.OrderApi.getRefundsList(int,int,java.lang.String,javax.servlet.http.HttpSession)
2019-08-06 10:08:37.660 [restartedMain] INFO  o.s.w.s.m.m.a.RequestMappingHandlerMapping - Mapped "{[/api/order/cancelOrder],methods=[POST]}" onto public com.shopping.vo.MessageVO com.shopping.api.OrderApi.cancelOrder(java.lang.String,java.lang.String,javax.servlet.http.HttpSession)
2019-08-06 10:08:37.661 [restartedMain] INFO  o.s.w.s.m.m.a.RequestMappingHandlerMapping - Mapped "{[/api/order/afterSaleDetails],methods=[GET]}" onto public com.shopping.vo.MessageVO<com.shopping.vo.order.RefundVo> com.shopping.api.OrderApi.afterSaleDetails(java.lang.String,java.lang.String,java.lang.String)
2019-08-06 10:08:37.661 [restartedMain] INFO  o.s.w.s.m.m.a.RequestMappingHandlerMapping - Mapped "{[/api/order/deleteOrder],methods=[POST]}" onto public com.shopping.vo.MessageVO<com.shopping.vo.order.RefundVo> com.shopping.api.OrderApi.deleteOrder(java.lang.String)
2019-08-06 10:08:37.663 [restartedMain] INFO  o.s.w.s.m.m.a.RequestMappingHandlerMapping - Mapped "{[/api/order/getOrderListByState],methods=[GET]}" onto public com.shopping.vo.MessageVO<com.shopping.vo.BaseListResult<java.util.List<com.shopping.vo.order.OrderVo>>> com.shopping.api.OrderApi.getOrderListByState(java.lang.String,int,int,javax.servlet.http.HttpSession)
2019-08-06 10:08:37.664 [restartedMain] INFO  o.s.w.s.m.m.a.RequestMappingHandlerMapping - Mapped "{[/api/order/refundApplication],methods=[POST]}" onto public com.shopping.vo.MessageVO<com.shopping.entity.OrderRefundsGoods> com.shopping.api.OrderApi.refundApplication(com.shopping.vo.order.RefundsRequestVo,javax.servlet.http.HttpSession) throws java.lang.Exception
2019-08-06 10:08:37.664 [restartedMain] INFO  o.s.w.s.m.m.a.RequestMappingHandlerMapping - Mapped "{[/api/order/updateReceivingAddress],methods=[POST]}" onto public com.shopping.vo.MessageVO<com.shopping.vo.order.RefundVo> com.shopping.api.OrderApi.updateReceivingAddress(java.lang.String,java.lang.String)
2019-08-06 10:08:37.665 [restartedMain] INFO  o.s.w.s.m.m.a.RequestMappingHandlerMapping - Mapped "{[/api/order/getOrderDetailMoney],methods=[POST]}" onto public com.shopping.vo.MessageVO<java.util.List<com.shopping.vo.order.OrderVo>> com.shopping.api.OrderApi.getOrderDetailMoney(java.util.List<java.lang.String>,javax.servlet.http.HttpSession)
2019-08-06 10:08:37.665 [restartedMain] INFO  o.s.w.s.m.m.a.RequestMappingHandlerMapping - Mapped "{[/api/order/getOrderDetail],methods=[POST]}" onto public com.shopping.vo.MessageVO<com.shopping.vo.order.OrderDetailVo> com.shopping.api.OrderApi.getOrderDetail(java.lang.String,javax.servlet.http.HttpSession)
2019-08-06 10:08:37.666 [restartedMain] INFO  o.s.w.s.m.m.a.RequestMappingHandlerMapping - Mapped "{[/api/order/addProductOrders],methods=[POST]}" onto public com.shopping.vo.MessageVO com.shopping.api.OrderApi.addProductOrders(java.lang.String,java.lang.String,java.lang.String,java.lang.String,java.lang.Integer,javax.servlet.http.HttpSession)
2019-08-06 10:08:37.666 [restartedMain] INFO  o.s.w.s.m.m.a.RequestMappingHandlerMapping - Mapped "{[/api/order/paymentOfOrder],methods=[POST]}" onto public com.shopping.vo.MessageVO com.shopping.api.OrderApi.paymentOfOrder(com.shopping.vo.order.PaymentOfOrderVo,javax.servlet.http.HttpSession) throws java.lang.Exception
2019-08-06 10:08:37.679 [restartedMain] INFO  o.s.w.s.m.m.a.RequestMappingHandlerMapping - Mapped "{[/api/user/addMoreProductToCart],methods=[POST]}" onto public com.shopping.vo.MessageVO com.shopping.api.OrderCartApi.addMoreProductToCart(java.util.List<com.shopping.vo.order.ProductToCartVo>,javax.servlet.http.HttpSession)
2019-08-06 10:08:37.680 [restartedMain] INFO  o.s.w.s.m.m.a.RequestMappingHandlerMapping - Mapped "{[/api/user/addCartOrders],methods=[POST]}" onto public com.shopping.vo.MessageVO<java.util.List<java.lang.String>> com.shopping.api.OrderCartApi.addProductOrders(com.shopping.vo.order.CartOrdersV0,javax.servlet.http.HttpSession) throws java.lang.Exception
2019-08-06 10:08:37.681 [restartedMain] INFO  o.s.w.s.m.m.a.RequestMappingHandlerMapping - Mapped "{[/api/user/deleteCarts],methods=[POST]}" onto public com.shopping.vo.MessageVO com.shopping.api.OrderCartApi.deleteCarts(com.shopping.vo.order.ClearOderCartRequest,javax.servlet.http.HttpSession)
2019-08-06 10:08:37.681 [restartedMain] INFO  o.s.w.s.m.m.a.RequestMappingHandlerMapping - Mapped "{[/api/user/addProductToCart],methods=[POST]}" onto public com.shopping.vo.MessageVO com.shopping.api.OrderCartApi.addProductToCart(java.lang.String,java.lang.Integer,javax.servlet.http.HttpSession)
2019-08-06 10:08:37.682 [restartedMain] INFO  o.s.w.s.m.m.a.RequestMappingHandlerMapping - Mapped "{[/api/user/updateCartInfo],methods=[POST]}" onto public com.shopping.vo.MessageVO com.shopping.api.OrderCartApi.updateCartInfo(java.lang.String,java.lang.Integer,javax.servlet.http.HttpSession)
2019-08-06 10:08:37.683 [restartedMain] INFO  o.s.w.s.m.m.a.RequestMappingHandlerMapping - Mapped "{[/api/user/findCarts],methods=[GET]}" onto public com.shopping.vo.MessageVO<com.shopping.vo.BaseListResult<java.util.List<com.shopping.vo.user.OrderCartVo>>> com.shopping.api.OrderCartApi.findCarts(java.lang.String,java.lang.Integer,java.lang.Integer,javax.servlet.http.HttpSession)
2019-08-06 10:08:37.686 [restartedMain] INFO  o.s.w.s.m.m.a.RequestMappingHandlerMapping - Mapped "{[/api/category/getAllByByParentId],methods=[POST]}" onto public com.shopping.vo.MessageVO<java.util.List<com.shopping.vo.product.ProductCategoryVo>> com.shopping.api.ProductCategoryApi.getAllByByParentId(java.lang.String)
2019-08-06 10:08:37.687 [restartedMain] INFO  o.s.w.s.m.m.a.RequestMappingHandlerMapping - Mapped "{[/api/category/getAllCategory],methods=[POST]}" onto public com.shopping.vo.MessageVO<java.util.List<com.shopping.vo.product.ProductCategoryVo>> com.shopping.api.ProductCategoryApi.getAllCategory()
2019-08-06 10:08:37.691 [restartedMain] INFO  o.s.w.s.m.m.a.RequestMappingHandlerMapping - Mapped "{[/api/product/getEntry],methods=[POST]}" onto public com.shopping.vo.MessageVO<java.util.List<com.shopping.vo.product.EntryVo>> com.shopping.api.ProductInfoApi.getEntry(java.lang.String)
2019-08-06 10:08:37.692 [restartedMain] INFO  o.s.w.s.m.m.a.RequestMappingHandlerMapping - Mapped "{[/api/product/getProductBySupplier],methods=[POST]}" onto public com.shopping.vo.MessageVO<com.shopping.vo.product.PorductBySupplierVo> com.shopping.api.ProductInfoApi.getProductBySupplier(int,int,java.lang.String,java.lang.String,java.lang.String,java.lang.String,boolean)
2019-08-06 10:08:37.694 [restartedMain] INFO  o.s.w.s.m.m.a.RequestMappingHandlerMapping - Mapped "{[/api/product/getProductOrSupplier],methods=[GET]}" onto public com.shopping.vo.MessageVO<com.shopping.vo.BaseListResult<java.util.List<?>>> com.shopping.api.ProductInfoApi.getProduct(int,int,java.lang.String,int,java.lang.String,boolean)
2019-08-06 10:08:37.694 [restartedMain] INFO  o.s.w.s.m.m.a.RequestMappingHandlerMapping - Mapped "{[/api/product/getProduct],methods=[POST]}" onto public com.shopping.vo.MessageVO<com.shopping.vo.BaseListResult<java.util.List<com.shopping.vo.product.ProductInfoVo>>> com.shopping.api.ProductInfoApi.getProduct(int,int,java.lang.String,java.lang.String,java.lang.String,java.lang.String,java.lang.String,java.lang.String,java.lang.String,boolean)
2019-08-06 10:08:37.696 [restartedMain] INFO  o.s.w.s.m.m.a.RequestMappingHandlerMapping - Mapped "{[/api/product/getProductById],methods=[POST]}" onto public com.shopping.vo.MessageVO<com.shopping.vo.product.ProductInfoVo> com.shopping.api.ProductInfoApi.getProductById(java.lang.String)
2019-08-06 10:08:37.698 [restartedMain] INFO  o.s.w.s.m.m.a.RequestMappingHandlerMapping - Mapped "{[/api/kuaidi/getShipByNo],methods=[GET]}" onto public com.shopping.vo.MessageVO<com.alibaba.fastjson.JSONObject> com.shopping.api.ShippingInfoApi.refundApplication(java.lang.String,java.lang.String,java.lang.String) throws java.lang.Exception
2019-08-06 10:08:37.699 [restartedMain] INFO  o.s.w.s.m.m.a.RequestMappingHandlerMapping - Mapped "{[/api/accountdetail/getAccountDetailByUserId],methods=[GET]}" onto public com.shopping.vo.MessageVO<com.shopping.vo.BaseListResult<java.util.List<com.shopping.vo.user.UserAccountCollectVo>>> com.shopping.api.UserAccountDetailApi.getAccountDetailByUserId(java.lang.String,java.lang.String,java.lang.Integer,java.lang.Integer,javax.servlet.http.HttpSession)
2019-08-06 10:08:37.703 [restartedMain] INFO  o.s.w.s.m.m.a.RequestMappingHandlerMapping - Mapped "{[/api/user/updateDefaultAddress],methods=[POST]}" onto public com.shopping.vo.MessageVO com.shopping.api.UserAddressApi.updateDefaultAddress(java.lang.String,javax.servlet.http.HttpSession)
2019-08-06 10:08:37.703 [restartedMain] INFO  o.s.w.s.m.m.a.RequestMappingHandlerMapping - Mapped "{[/api/user/deleteAddress],methods=[POST]}" onto public com.shopping.vo.MessageVO com.shopping.api.UserAddressApi.deleteAddress(java.lang.String,javax.servlet.http.HttpSession)
2019-08-06 10:08:37.704 [restartedMain] INFO  o.s.w.s.m.m.a.RequestMappingHandlerMapping - Mapped "{[/api/user/addAddress],methods=[POST]}" onto public com.shopping.vo.MessageVO com.shopping.api.UserAddressApi.addAddress(com.shopping.vo.user.UserAddressVo,javax.servlet.http.HttpSession)
2019-08-06 10:08:37.704 [restartedMain] INFO  o.s.w.s.m.m.a.RequestMappingHandlerMapping - Mapped "{[/api/user/updateAddress],methods=[POST]}" onto public com.shopping.vo.MessageVO com.shopping.api.UserAddressApi.updateAddress(com.shopping.vo.user.UserAddressVo,javax.servlet.http.HttpSession)
2019-08-06 10:08:37.705 [restartedMain] INFO  o.s.w.s.m.m.a.RequestMappingHandlerMapping - Mapped "{[/api/user/findAddress],methods=[GET]}" onto public com.shopping.vo.MessageVO<com.shopping.vo.BaseListResult<java.util.List<com.shopping.vo.user.UserAddressVo>>> com.shopping.api.UserAddressApi.findAddress(java.lang.String,java.lang.Integer,java.lang.Integer,javax.servlet.http.HttpSession)
2019-08-06 10:08:37.719 [restartedMain] INFO  o.s.w.s.m.m.a.RequestMappingHandlerMapping - Mapped "{[/api/user/getMessage],methods=[GET]}" onto public com.shopping.vo.MessageVO<com.shopping.entity.User> com.shopping.api.UserApi.getMessage(javax.servlet.http.HttpSession)
2019-08-06 10:08:37.719 [restartedMain] INFO  o.s.w.s.m.m.a.RequestMappingHandlerMapping - Mapped "{[/api/user/modifyPayPassWord],methods=[POST]}" onto public com.shopping.vo.MessageVO com.shopping.api.UserApi.modifyPayPassWord(com.shopping.vo.user.UserInfo,javax.servlet.http.HttpServletRequest)
2019-08-06 10:08:37.720 [restartedMain] INFO  o.s.w.s.m.m.a.RequestMappingHandlerMapping - Mapped "{[/api/user/forgetPayPassWord],methods=[POST]}" onto public com.shopping.vo.MessageVO com.shopping.api.UserApi.forgetPayPassWord(java.lang.String,java.lang.String)
2019-08-06 10:08:37.720 [restartedMain] INFO  o.s.w.s.m.m.a.RequestMappingHandlerMapping - Mapped "{[/api/user/verifyUpdatePhoneCode],methods=[POST]}" onto public com.shopping.vo.MessageVO com.shopping.api.UserApi.verifyUpdatePhoneCode(java.lang.String,java.lang.String,int)
2019-08-06 10:08:37.721 [restartedMain] INFO  o.s.w.s.m.m.a.RequestMappingHandlerMapping - Mapped "{[/api/user/uploadUserHeadImag],methods=[POST]}" onto public com.shopping.vo.MessageVO<?> com.shopping.api.UserApi.uploadUserHeadImag(org.springframework.web.multipart.MultipartFile,javax.servlet.http.HttpSession) throws java.lang.Exception
2019-08-06 10:08:37.721 [restartedMain] INFO  o.s.w.s.m.m.a.RequestMappingHandlerMapping - Mapped "{[/api/user/login],methods=[POST]}" onto public com.shopping.vo.MessageVO<com.shopping.vo.user.UserLoginVo> com.shopping.api.UserApi.login(com.shopping.vo.user.UserLoginVo,javax.servlet.http.HttpServletRequest)
2019-08-06 10:08:37.722 [restartedMain] INFO  o.s.w.s.m.m.a.RequestMappingHandlerMapping - Mapped "{[/api/user/registUser],methods=[POST]}" onto public com.shopping.vo.MessageVO com.shopping.api.UserApi.registUser(com.shopping.vo.user.UserRegistVo,javax.servlet.http.HttpServletRequest) throws java.lang.Exception
2019-08-06 10:08:37.722 [restartedMain] INFO  o.s.w.s.m.m.a.RequestMappingHandlerMapping - Mapped "{[/api/user/sendSms],methods=[POST]}" onto public com.shopping.vo.MessageVO com.shopping.api.UserApi.sendSms(java.lang.String,java.lang.String,javax.servlet.http.HttpServletRequest)
2019-08-06 10:08:37.722 [restartedMain] INFO  o.s.w.s.m.m.a.RequestMappingHandlerMapping - Mapped "{[/api/user/logout],methods=[POST]}" onto public com.shopping.vo.MessageVO com.shopping.api.UserApi.userLogout(javax.servlet.http.HttpSession)
2019-08-06 10:08:37.723 [restartedMain] INFO  o.s.w.s.m.m.a.RequestMappingHandlerMapping - Mapped "{[/api/user/modifyPassWord],methods=[POST]}" onto public com.shopping.vo.MessageVO com.shopping.api.UserApi.modifyPassWord(com.shopping.vo.user.UserInfo,javax.servlet.http.HttpServletRequest)
2019-08-06 10:08:37.724 [restartedMain] INFO  o.s.w.s.m.m.a.RequestMappingHandlerMapping - Mapped "{[/api/user/forgetPassWord],methods=[POST]}" onto public com.shopping.vo.MessageVO com.shopping.api.UserApi.forgetPassWord(com.shopping.vo.user.ForgetPasswordVo,javax.servlet.http.HttpServletRequest)
2019-08-06 10:08:37.724 [restartedMain] INFO  o.s.w.s.m.m.a.RequestMappingHandlerMapping - Mapped "{[/api/user/updatePhone],methods=[POST]}" onto public com.shopping.vo.MessageVO com.shopping.api.UserApi.updatePhone(com.shopping.vo.user.UpdatePhoneVo,javax.servlet.http.HttpServletRequest)
2019-08-06 10:08:37.725 [restartedMain] INFO  o.s.w.s.m.m.a.RequestMappingHandlerMapping - Mapped "{[/api/user/getUserDetail],methods=[POST]}" onto public com.shopping.vo.MessageVO<com.shopping.vo.user.UserDetailVo> com.shopping.api.UserApi.getUserDetail(javax.servlet.http.HttpSession)
2019-08-06 10:08:37.726 [restartedMain] INFO  o.s.w.s.m.m.a.RequestMappingHandlerMapping - Mapped "{[/api/user/modifyUserDetail],methods=[POST]}" onto public com.shopping.vo.MessageVO<com.shopping.vo.user.UserDetailVo> com.shopping.api.UserApi.modifyUserDetail(com.shopping.vo.user.UserDetailVo,javax.servlet.http.HttpSession)
2019-08-06 10:08:37.727 [restartedMain] INFO  o.s.w.s.m.m.a.RequestMappingHandlerMapping - Mapped "{[/api/user/findVersion],methods=[GET]}" onto public com.shopping.vo.MessageVO<com.shopping.vo.BaseListResult<java.util.List<com.shopping.vo.user.VersionVo>>> com.shopping.api.VersionApi.findAddress(java.lang.String,java.lang.Integer,java.lang.Integer)
2019-08-06 10:08:37.729 [restartedMain] INFO  o.s.w.s.m.m.a.RequestMappingHandlerMapping - Mapped "{[/api/account/getWithdrawAddress],methods=[GET]}" onto public com.shopping.vo.MessageVO<com.shopping.vo.BaseListResult<java.util.List<com.shopping.vo.money.WithdrawAddressVo>>> com.shopping.api.WithdrawAddressApi.getWithdrawAddress(javax.servlet.http.HttpSession,java.lang.String,java.lang.String,java.lang.Integer,java.lang.Integer) throws java.lang.Exception
2019-08-06 10:08:37.730 [restartedMain] INFO  o.s.w.s.m.m.a.RequestMappingHandlerMapping - Mapped "{[/api/account/addWithdrawAddress],methods=[POST]}" onto public com.shopping.vo.MessageVO com.shopping.api.WithdrawAddressApi.addWithdrawAddress(java.lang.String,java.lang.String,java.lang.String,javax.servlet.http.HttpSession,java.lang.String) throws java.lang.Exception
2019-08-06 10:08:37.730 [restartedMain] INFO  o.s.w.s.m.m.a.RequestMappingHandlerMapping - Mapped "{[/api/account/updateWithdrawAddress],methods=[POST]}" onto public com.shopping.vo.MessageVO com.shopping.api.WithdrawAddressApi.updateWithdrawAddress(java.lang.String,java.lang.String,java.lang.String,java.lang.String,javax.servlet.http.HttpSession)
2019-08-06 10:08:37.731 [restartedMain] INFO  o.s.w.s.m.m.a.RequestMappingHandlerMapping - Mapped "{[/api/account/deleteWithdrawAddress],methods=[POST]}" onto public com.shopping.vo.MessageVO com.shopping.api.WithdrawAddressApi.deleteWithdrawAddress(java.lang.String,javax.servlet.http.HttpSession)
2019-08-06 10:08:37.732 [restartedMain] INFO  o.s.w.s.m.m.a.RequestMappingHandlerMapping - Mapped "{[/api/account/updateDefaultWithdrawAddress],methods=[POST]}" onto public com.shopping.vo.MessageVO com.shopping.api.WithdrawAddressApi.updateDefaultWithdrawAddress(java.lang.String,javax.servlet.http.HttpSession)
2019-08-06 10:08:37.745 [restartedMain] INFO  o.s.w.s.m.m.a.RequestMappingHandlerMapping - Mapped "{[/swagger-resources/configuration/ui]}" onto public org.springframework.http.ResponseEntity<springfox.documentation.swagger.web.UiConfiguration> springfox.documentation.swagger.web.ApiResourceController.uiConfiguration()
2019-08-06 10:08:37.748 [restartedMain] INFO  o.s.w.s.m.m.a.RequestMappingHandlerMapping - Mapped "{[/swagger-resources]}" onto public org.springframework.http.ResponseEntity<java.util.List<springfox.documentation.swagger.web.SwaggerResource>> springfox.documentation.swagger.web.ApiResourceController.swaggerResources()
2019-08-06 10:08:37.751 [restartedMain] INFO  o.s.w.s.m.m.a.RequestMappingHandlerMapping - Mapped "{[/swagger-resources/configuration/security]}" onto public org.springframework.http.ResponseEntity<springfox.documentation.swagger.web.SecurityConfiguration> springfox.documentation.swagger.web.ApiResourceController.securityConfiguration()
2019-08-06 10:08:37.759 [restartedMain] INFO  o.s.w.s.m.m.a.RequestMappingHandlerMapping - Mapped "{[/error]}" onto public org.springframework.http.ResponseEntity<java.util.Map<java.lang.String, java.lang.Object>> org.springframework.boot.autoconfigure.web.servlet.error.BasicErrorController.error(javax.servlet.http.HttpServletRequest)
2019-08-06 10:08:37.760 [restartedMain] INFO  o.s.w.s.m.m.a.RequestMappingHandlerMapping - Mapped "{[/error],produces=[text/html]}" onto public org.springframework.web.servlet.ModelAndView org.springframework.boot.autoconfigure.web.servlet.error.BasicErrorController.errorHtml(javax.servlet.http.HttpServletRequest,javax.servlet.http.HttpServletResponse)
2019-08-06 10:08:38.253 [restartedMain] INFO  com.shopping.config.RedisConfiguration - JedisPool init successful，host -> [47.52.130.233]；port -> [6379]
2019-08-06 10:08:38.590 [restartedMain] INFO  s.d.s.w.PropertySourcedRequestMappingHandlerMapping - Mapped URL path [/v2/api-docs] onto method [public org.springframework.http.ResponseEntity<springfox.documentation.spring.web.json.Json> springfox.documentation.swagger2.web.Swagger2Controller.getDocumentation(java.lang.String,javax.servlet.http.HttpServletRequest)]
2019-08-06 10:08:39.146 [restartedMain] INFO  o.s.web.servlet.handler.SimpleUrlHandlerMapping - Mapped URL path [/**/favicon.ico] onto handler of type [class org.springframework.web.servlet.resource.ResourceHttpRequestHandler]
2019-08-06 10:08:39.796 [restartedMain] INFO  o.s.w.s.m.m.a.RequestMappingHandlerAdapter - Looking for @ControllerAdvice: org.springframework.boot.web.servlet.context.AnnotationConfigServletWebServerApplicationContext@5ed7a108: startup date [Tue Aug 06 10:08:18 GMT+08:00 2019]; root of context hierarchy
2019-08-06 10:08:39.996 [restartedMain] INFO  o.s.web.servlet.handler.SimpleUrlHandlerMapping - Mapped URL path [/webjars/**] onto handler of type [class org.springframework.web.servlet.resource.ResourceHttpRequestHandler]
2019-08-06 10:08:39.996 [restartedMain] INFO  o.s.web.servlet.handler.SimpleUrlHandlerMapping - Mapped URL path [/**] onto handler of type [class org.springframework.web.servlet.resource.ResourceHttpRequestHandler]
2019-08-06 10:08:40.058 [restartedMain] INFO  o.s.w.s.m.m.a.ExceptionHandlerExceptionResolver - Detected @ExceptionHandler methods in gloablExceptionHandler
2019-08-06 10:08:41.805 [restartedMain] INFO  org.quartz.impl.StdSchedulerFactory - Using default implementation for ThreadExecutor
2019-08-06 10:08:41.841 [restartedMain] INFO  org.quartz.core.SchedulerSignalerImpl - Initialized Scheduler Signaller of type: class org.quartz.core.SchedulerSignalerImpl
2019-08-06 10:08:41.841 [restartedMain] INFO  org.quartz.core.QuartzScheduler - Quartz Scheduler v.2.3.0 created.
2019-08-06 10:08:41.843 [restartedMain] INFO  org.quartz.simpl.RAMJobStore - RAMJobStore initialized.
2019-08-06 10:08:41.845 [restartedMain] INFO  org.quartz.core.QuartzScheduler - Scheduler meta-data: Quartz Scheduler (v2.3.0) 'quartzScheduler' with instanceId 'NON_CLUSTERED'
  Scheduler class: 'org.quartz.core.QuartzScheduler' - running locally.
  NOT STARTED.
  Currently in standby mode.
  Number of jobs executed: 0
  Using thread pool 'org.quartz.simpl.SimpleThreadPool' - with 10 threads.
  Using job-store 'org.quartz.simpl.RAMJobStore' - which does not support persistence. and is not clustered.

2019-08-06 10:08:41.845 [restartedMain] INFO  org.quartz.impl.StdSchedulerFactory - Quartz scheduler 'quartzScheduler' initialized from an externally provided properties instance.
2019-08-06 10:08:41.845 [restartedMain] INFO  org.quartz.impl.StdSchedulerFactory - Quartz scheduler version: 2.3.0
2019-08-06 10:08:41.845 [restartedMain] INFO  org.quartz.core.QuartzScheduler - JobFactory set to: org.springframework.boot.autoconfigure.quartz.AutowireCapableBeanJobFactory@bf0245e
2019-08-06 10:08:42.459 [restartedMain] INFO  o.s.b.d.autoconfigure.OptionalLiveReloadServer - LiveReload server is running on port 35729
2019-08-06 10:08:42.586 [restartedMain] INFO  o.s.jmx.export.annotation.AnnotationMBeanExporter - Registering beans for JMX exposure on startup
2019-08-06 10:08:42.594 [restartedMain] INFO  o.s.jmx.export.annotation.AnnotationMBeanExporter - Bean with name 'dataSource' has been autodetected for JMX exposure
2019-08-06 10:08:42.623 [restartedMain] INFO  o.s.jmx.export.annotation.AnnotationMBeanExporter - Bean with name 'rabbitConnectionFactory' has been autodetected for JMX exposure
2019-08-06 10:08:42.639 [restartedMain] INFO  o.s.jmx.export.annotation.AnnotationMBeanExporter - Located MBean 'dataSource': registering with JMX server as MBean [com.alibaba.druid.spring.boot.autoconfigure:name=dataSource,type=DruidDataSourceWrapper]
2019-08-06 10:08:42.641 [restartedMain] INFO  o.s.jmx.export.annotation.AnnotationMBeanExporter - Located managed bean 'rabbitConnectionFactory': registering with JMX server as MBean [org.springframework.amqp.rabbit.connection:name=rabbitConnectionFactory,type=CachingConnectionFactory]
2019-08-06 10:08:42.788 [restartedMain] INFO  o.s.context.support.DefaultLifecycleProcessor - Starting beans in phase 2147483647
2019-08-06 10:08:42.789 [restartedMain] INFO  s.d.s.web.plugins.DocumentationPluginsBootstrapper - Context refreshed
2019-08-06 10:08:42.855 [restartedMain] INFO  s.d.s.web.plugins.DocumentationPluginsBootstrapper - Found 1 custom documentation plugin(s)
2019-08-06 10:08:42.970 [restartedMain] INFO  s.d.spring.web.scanners.ApiListingReferenceScanner - Scanning for api listing references
2019-08-06 10:08:44.144 [restartedMain] INFO  s.d.s.w.r.operation.CachingOperationNameGenerator - Generating unique operation named: addProductOrdersUsingPOST_1
2019-08-06 10:08:44.546 [restartedMain] INFO  s.d.s.w.r.operation.CachingOperationNameGenerator - Generating unique operation named: findAddressUsingGET_1
2019-08-06 10:08:44.652 [SimpleAsyncTaskExecutor-1] INFO  o.s.a.rabbit.connection.CachingConnectionFactory - Attempting to connect to: [47.52.130.233:5672]
2019-08-06 10:08:44.785 [SimpleAsyncTaskExecutor-1] INFO  o.s.a.rabbit.connection.CachingConnectionFactory - Created new connection: rabbitConnectionFactory#765c57a3:0/SimpleConnection@27860002 [delegate=amqp://shopping@47.52.130.233:5672/shopping_dev, localPort= 59007]
2019-08-06 10:08:45.248 [restartedMain] INFO  o.s.scheduling.quartz.SchedulerFactoryBean - Starting Quartz Scheduler now
2019-08-06 10:08:45.249 [restartedMain] INFO  org.quartz.core.QuartzScheduler - Scheduler quartzScheduler_$_NON_CLUSTERED started.
2019-08-06 10:08:45.309 [restartedMain] INFO  o.s.s.a.ScheduledAnnotationBeanPostProcessor - No TaskScheduler/ScheduledExecutorService bean found for scheduled processing
2019-08-06 10:08:45.337 [restartedMain] INFO  org.apache.coyote.http11.Http11NioProtocol - Starting ProtocolHandler ["http-nio-8081"]
2019-08-06 10:08:45.982 [restartedMain] INFO  org.apache.tomcat.util.net.NioSelectorPool - Using a shared selector for servlet write/read
2019-08-06 10:08:46.049 [restartedMain] INFO  o.s.boot.web.embedded.tomcat.TomcatWebServer - Tomcat started on port(s): 8081 (http) with context path ''
2019-08-06 10:08:46.066 [restartedMain] INFO  com.shopping.ShoppingApplication - Started ShoppingApplication in 29.865 seconds (JVM running for 37.297)
2019-08-06 10:09:02.048 [http-nio-8081-exec-1] INFO  o.a.c.core.ContainerBase.[Tomcat].[localhost].[/] - Initializing Spring FrameworkServlet 'dispatcherServlet'
2019-08-06 10:09:02.049 [http-nio-8081-exec-1] INFO  org.springframework.web.servlet.DispatcherServlet - FrameworkServlet 'dispatcherServlet': initialization started
2019-08-06 10:09:02.127 [http-nio-8081-exec-1] INFO  org.springframework.web.servlet.DispatcherServlet - FrameworkServlet 'dispatcherServlet': initialization completed in 78 ms
2019-08-06 10:12:44.436 [Thread-63] INFO  o.s.b.w.s.c.AnnotationConfigServletWebServerApplicationContext - Closing org.springframework.boot.web.servlet.context.AnnotationConfigServletWebServerApplicationContext@5ed7a108: startup date [Tue Aug 06 10:08:18 GMT+08:00 2019]; root of context hierarchy
2019-08-06 10:12:44.442 [Thread-63] INFO  o.s.context.support.DefaultLifecycleProcessor - Stopping beans in phase 2147483647
2019-08-06 10:12:44.480 [Thread-63] INFO  o.s.a.r.listener.SimpleMessageListenerContainer - Waiting for workers to finish.
