2019-08-12 10:22:03.999 [restartedMain] INFO  com.shopping.ShoppingApplication - Starting ShoppingApplication on 2013-20190402PI with PID 5580 (D:\work\project\shopping\web\target\classes started by Administrator in D:\work\project\shopping)
2019-08-12 10:22:04.004 [restartedMain] INFO  com.shopping.ShoppingApplication - The following profiles are active: local
2019-08-12 10:22:04.301 [restartedMain] INFO  o.s.b.w.s.c.AnnotationConfigServletWebServerApplicationContext - Refreshing org.springframework.boot.web.servlet.context.AnnotationConfigServletWebServerApplicationContext@55039641: startup date [Mon Aug 12 10:22:04 GMT+08:00 2019]; root of context hierarchy
2019-08-12 10:22:10.729 [restartedMain] INFO  o.s.b.factory.support.DefaultListableBeanFactory - Overriding bean definition for bean 'rabbitTemplate' with a different definition: replacing [Root bean: class [null]; scope=; abstract=false; lazyInit=false; autowireMode=3; dependencyCheck=0; autowireCandidate=true; primary=false; factoryBeanName=MQConfig; factoryMethodName=rabbitTemplate; initMethodName=null; destroyMethodName=(inferred); defined in class path resource [com/shopping/service/mq/MQConfig.class]] with [Root bean: class [null]; scope=; abstract=false; lazyInit=false; autowireMode=3; dependencyCheck=0; autowireCandidate=true; primary=false; factoryBeanName=org.springframework.boot.autoconfigure.amqp.RabbitAutoConfiguration$RabbitTemplateConfiguration; factoryMethodName=rabbitTemplate; initMethodName=null; destroyMethodName=(inferred); defined in class path resource [org/springframework/boot/autoconfigure/amqp/RabbitAutoConfiguration$RabbitTemplateConfiguration.class]]
2019-08-12 10:22:10.819 [restartedMain] INFO  o.s.d.r.config.RepositoryConfigurationDelegate - Multiple Spring Data modules found, entering strict repository configuration mode!
2019-08-12 10:22:11.121 [restartedMain] INFO  o.s.b.factory.support.DefaultListableBeanFactory - Overriding bean definition for bean 'redisMessageListenerContainer' with a different definition: replacing [Root bean: class [null]; scope=; abstract=false; lazyInit=false; autowireMode=3; dependencyCheck=0; autowireCandidate=true; primary=false; factoryBeanName=redisConfiguration; factoryMethodName=redisMessageListenerContainer; initMethodName=null; destroyMethodName=(inferred); defined in class path resource [com/shopping/config/RedisConfiguration.class]] with [Root bean: class [null]; scope=; abstract=false; lazyInit=false; autowireMode=3; dependencyCheck=0; autowireCandidate=true; primary=false; factoryBeanName=org.springframework.boot.autoconfigure.session.RedisSessionConfiguration$SpringBootRedisHttpSessionConfiguration; factoryMethodName=redisMessageListenerContainer; initMethodName=null; destroyMethodName=(inferred); defined in class path resource [org/springframework/boot/autoconfigure/session/RedisSessionConfiguration$SpringBootRedisHttpSessionConfiguration.class]]
2019-08-12 10:22:12.096 [restartedMain] INFO  o.s.c.s.PostProcessorRegistrationDelegate$BeanPostProcessorChecker - Bean 'org.springframework.amqp.rabbit.annotation.RabbitBootstrapConfiguration' of type [org.springframework.amqp.rabbit.annotation.RabbitBootstrapConfiguration$$EnhancerBySpringCGLIB$$86267ee2] is not eligible for getting processed by all BeanPostProcessors (for example: not eligible for auto-proxying)
2019-08-12 10:22:12.211 [restartedMain] INFO  o.s.c.s.PostProcessorRegistrationDelegate$BeanPostProcessorChecker - Bean 'org.springframework.transaction.annotation.ProxyTransactionManagementConfiguration' of type [org.springframework.transaction.annotation.ProxyTransactionManagementConfiguration$$EnhancerBySpringCGLIB$$bfbac0b4] is not eligible for getting processed by all BeanPostProcessors (for example: not eligible for auto-proxying)
2019-08-12 10:22:12.335 [restartedMain] INFO  o.s.c.s.PostProcessorRegistrationDelegate$BeanPostProcessorChecker - Bean 'org.springframework.boot.context.properties.ConversionServiceDeducer$Factory' of type [org.springframework.boot.context.properties.ConversionServiceDeducer$Factory] is not eligible for getting processed by all BeanPostProcessors (for example: not eligible for auto-proxying)
2019-08-12 10:22:12.348 [restartedMain] INFO  o.s.c.s.PostProcessorRegistrationDelegate$BeanPostProcessorChecker - Bean 'com.shopping.config.RedisConfiguration$DataJedisProperties' of type [com.shopping.config.RedisConfiguration$DataJedisProperties] is not eligible for getting processed by all BeanPostProcessors (for example: not eligible for auto-proxying)
2019-08-12 10:22:12.349 [restartedMain] INFO  com.shopping.config.RedisConfiguration - Create JedisConnectionFactory successful
2019-08-12 10:22:12.436 [restartedMain] INFO  o.s.c.s.PostProcessorRegistrationDelegate$BeanPostProcessorChecker - Bean 'jedisConnectionFactory' of type [org.springframework.data.redis.connection.jedis.JedisConnectionFactory] is not eligible for getting processed by all BeanPostProcessors (for example: not eligible for auto-proxying)
2019-08-12 10:22:12.441 [restartedMain] INFO  o.s.c.s.PostProcessorRegistrationDelegate$BeanPostProcessorChecker - Bean 'redisConfiguration' of type [com.shopping.config.RedisConfiguration$$EnhancerBySpringCGLIB$$1614d3e7] is not eligible for getting processed by all BeanPostProcessors (for example: not eligible for auto-proxying)
2019-08-12 10:22:12.451 [restartedMain] INFO  com.shopping.config.RedisConfiguration - 初始化 -> [CacheManager RedisCacheManager Start]
2019-08-12 10:22:12.490 [restartedMain] INFO  o.s.c.s.PostProcessorRegistrationDelegate$BeanPostProcessorChecker - Bean 'cacheManager' of type [org.springframework.data.redis.cache.RedisCacheManager] is not eligible for getting processed by all BeanPostProcessors (for example: not eligible for auto-proxying)
2019-08-12 10:22:12.498 [restartedMain] INFO  o.s.c.s.PostProcessorRegistrationDelegate$BeanPostProcessorChecker - Bean 'keyGenerator' of type [com.shopping.config.RedisConfiguration$$Lambda$260/292464577] is not eligible for getting processed by all BeanPostProcessors (for example: not eligible for auto-proxying)
2019-08-12 10:22:12.500 [restartedMain] INFO  com.shopping.config.RedisConfiguration - 初始化 -> [Redis CacheErrorHandler]
2019-08-12 10:22:12.510 [restartedMain] INFO  o.s.c.s.PostProcessorRegistrationDelegate$BeanPostProcessorChecker - Bean 'errorHandler' of type [com.shopping.config.RedisConfiguration$1] is not eligible for getting processed by all BeanPostProcessors (for example: not eligible for auto-proxying)
2019-08-12 10:22:13.594 [restartedMain] INFO  o.s.boot.web.embedded.tomcat.TomcatWebServer - Tomcat initialized with port(s): 8081 (http)
2019-08-12 10:22:13.619 [restartedMain] INFO  org.apache.coyote.http11.Http11NioProtocol - Initializing ProtocolHandler ["http-nio-8081"]
2019-08-12 10:22:13.642 [restartedMain] INFO  org.apache.catalina.core.StandardService - Starting service [Tomcat]
2019-08-12 10:22:13.642 [restartedMain] INFO  org.apache.catalina.core.StandardEngine - Starting Servlet Engine: Apache Tomcat/8.5.31
2019-08-12 10:22:13.650 [localhost-startStop-1] INFO  org.apache.catalina.core.AprLifecycleListener - The APR based Apache Tomcat Native library which allows optimal performance in production environments was not found on the java.library.path: [C:\Program Files\Java\jdk1.8.0_202\bin;C:\Windows\Sun\Java\bin;C:\Windows\system32;C:\Windows;C:\Program Files (x86)\Common Files\Oracle\Java\javapath;C:\Windows\system32;C:\Windows;C:\Windows\System32\Wbem;C:\Windows\System32\WindowsPowerShell\v1.0\;C:\Program Files (x86)\Windows7Master;C:\Program Files\Java\jdk1.8.0_202\bin;C:\Program Files\Java\jdk1.8.0_202\jre\bin;D:\tools\apache-maven-3.6.0\bin\;C:\Program Files\TortoiseSVN\bin;C:\Program Files\Git\cmd;.]
2019-08-12 10:22:13.935 [localhost-startStop-1] INFO  o.a.c.core.ContainerBase.[Tomcat].[localhost].[/] - Initializing Spring embedded WebApplicationContext
2019-08-12 10:22:13.936 [localhost-startStop-1] INFO  org.springframework.web.context.ContextLoader - Root WebApplicationContext: initialization completed in 9634 ms
2019-08-12 10:22:14.466 [localhost-startStop-1] INFO  o.s.boot.web.servlet.FilterRegistrationBean - Mapping filter: 'characterEncodingFilter' to: [/*]
2019-08-12 10:22:14.467 [localhost-startStop-1] INFO  o.s.boot.web.servlet.FilterRegistrationBean - Mapping filter: 'sessionRepositoryFilter' to: [/*]
2019-08-12 10:22:14.467 [localhost-startStop-1] INFO  o.s.boot.web.servlet.FilterRegistrationBean - Mapping filter: 'hiddenHttpMethodFilter' to: [/*]
2019-08-12 10:22:14.467 [localhost-startStop-1] INFO  o.s.boot.web.servlet.FilterRegistrationBean - Mapping filter: 'httpPutFormContentFilter' to: [/*]
2019-08-12 10:22:14.467 [localhost-startStop-1] INFO  o.s.boot.web.servlet.FilterRegistrationBean - Mapping filter: 'requestContextFilter' to: [/*]
2019-08-12 10:22:14.467 [localhost-startStop-1] INFO  o.s.boot.web.servlet.FilterRegistrationBean - Mapping filter: 'corsFilter' to: [/*]
2019-08-12 10:22:14.467 [localhost-startStop-1] INFO  o.s.boot.web.servlet.ServletRegistrationBean - Servlet dispatcherServlet mapped to [/]
2019-08-12 10:22:14.661 [restartedMain] INFO  c.a.d.s.b.a.DruidDataSourceAutoConfigure - Init DruidDataSource
2019-08-12 10:22:14.935 [restartedMain] INFO  com.alibaba.druid.pool.DruidDataSource - {dataSource-1} inited
2019-08-12 11:53:50.487 [restartedMain] INFO  com.shopping.ShoppingApplication - Starting ShoppingApplication on 2013-20190402PI with PID 10980 (D:\work\project\shopping\web\target\classes started by Administrator in D:\work\project\shopping)
2019-08-12 11:53:50.488 [restartedMain] INFO  com.shopping.ShoppingApplication - The following profiles are active: local
2019-08-12 11:53:50.605 [restartedMain] INFO  o.s.b.w.s.c.AnnotationConfigServletWebServerApplicationContext - Refreshing org.springframework.boot.web.servlet.context.AnnotationConfigServletWebServerApplicationContext@b7538ec: startup date [Mon Aug 12 11:53:50 GMT+08:00 2019]; root of context hierarchy
2019-08-12 11:53:56.739 [restartedMain] INFO  o.s.b.factory.support.DefaultListableBeanFactory - Overriding bean definition for bean 'rabbitTemplate' with a different definition: replacing [Root bean: class [null]; scope=; abstract=false; lazyInit=false; autowireMode=3; dependencyCheck=0; autowireCandidate=true; primary=false; factoryBeanName=MQConfig; factoryMethodName=rabbitTemplate; initMethodName=null; destroyMethodName=(inferred); defined in class path resource [com/shopping/service/mq/MQConfig.class]] with [Root bean: class [null]; scope=; abstract=false; lazyInit=false; autowireMode=3; dependencyCheck=0; autowireCandidate=true; primary=false; factoryBeanName=org.springframework.boot.autoconfigure.amqp.RabbitAutoConfiguration$RabbitTemplateConfiguration; factoryMethodName=rabbitTemplate; initMethodName=null; destroyMethodName=(inferred); defined in class path resource [org/springframework/boot/autoconfigure/amqp/RabbitAutoConfiguration$RabbitTemplateConfiguration.class]]
2019-08-12 11:53:56.893 [restartedMain] INFO  o.s.d.r.config.RepositoryConfigurationDelegate - Multiple Spring Data modules found, entering strict repository configuration mode!
2019-08-12 11:53:57.284 [restartedMain] INFO  o.s.b.factory.support.DefaultListableBeanFactory - Overriding bean definition for bean 'redisMessageListenerContainer' with a different definition: replacing [Root bean: class [null]; scope=; abstract=false; lazyInit=false; autowireMode=3; dependencyCheck=0; autowireCandidate=true; primary=false; factoryBeanName=redisConfiguration; factoryMethodName=redisMessageListenerContainer; initMethodName=null; destroyMethodName=(inferred); defined in class path resource [com/shopping/config/RedisConfiguration.class]] with [Root bean: class [null]; scope=; abstract=false; lazyInit=false; autowireMode=3; dependencyCheck=0; autowireCandidate=true; primary=false; factoryBeanName=org.springframework.boot.autoconfigure.session.RedisSessionConfiguration$SpringBootRedisHttpSessionConfiguration; factoryMethodName=redisMessageListenerContainer; initMethodName=null; destroyMethodName=(inferred); defined in class path resource [org/springframework/boot/autoconfigure/session/RedisSessionConfiguration$SpringBootRedisHttpSessionConfiguration.class]]
2019-08-12 11:53:58.571 [restartedMain] INFO  o.s.c.s.PostProcessorRegistrationDelegate$BeanPostProcessorChecker - Bean 'org.springframework.amqp.rabbit.annotation.RabbitBootstrapConfiguration' of type [org.springframework.amqp.rabbit.annotation.RabbitBootstrapConfiguration$$EnhancerBySpringCGLIB$$83e3b729] is not eligible for getting processed by all BeanPostProcessors (for example: not eligible for auto-proxying)
2019-08-12 11:53:58.720 [restartedMain] INFO  o.s.c.s.PostProcessorRegistrationDelegate$BeanPostProcessorChecker - Bean 'org.springframework.transaction.annotation.ProxyTransactionManagementConfiguration' of type [org.springframework.transaction.annotation.ProxyTransactionManagementConfiguration$$EnhancerBySpringCGLIB$$bd77f8fb] is not eligible for getting processed by all BeanPostProcessors (for example: not eligible for auto-proxying)
2019-08-12 11:53:58.884 [restartedMain] INFO  o.s.c.s.PostProcessorRegistrationDelegate$BeanPostProcessorChecker - Bean 'org.springframework.boot.context.properties.ConversionServiceDeducer$Factory' of type [org.springframework.boot.context.properties.ConversionServiceDeducer$Factory] is not eligible for getting processed by all BeanPostProcessors (for example: not eligible for auto-proxying)
2019-08-12 11:53:58.897 [restartedMain] INFO  o.s.c.s.PostProcessorRegistrationDelegate$BeanPostProcessorChecker - Bean 'com.shopping.config.RedisConfiguration$DataJedisProperties' of type [com.shopping.config.RedisConfiguration$DataJedisProperties] is not eligible for getting processed by all BeanPostProcessors (for example: not eligible for auto-proxying)
2019-08-12 11:53:58.899 [restartedMain] INFO  com.shopping.config.RedisConfiguration - Create JedisConnectionFactory successful
2019-08-12 11:53:59.024 [restartedMain] INFO  o.s.c.s.PostProcessorRegistrationDelegate$BeanPostProcessorChecker - Bean 'jedisConnectionFactory' of type [org.springframework.data.redis.connection.jedis.JedisConnectionFactory] is not eligible for getting processed by all BeanPostProcessors (for example: not eligible for auto-proxying)
2019-08-12 11:53:59.028 [restartedMain] INFO  o.s.c.s.PostProcessorRegistrationDelegate$BeanPostProcessorChecker - Bean 'redisConfiguration' of type [com.shopping.config.RedisConfiguration$$EnhancerBySpringCGLIB$$13d20c2e] is not eligible for getting processed by all BeanPostProcessors (for example: not eligible for auto-proxying)
2019-08-12 11:53:59.035 [restartedMain] INFO  com.shopping.config.RedisConfiguration - 初始化 -> [CacheManager RedisCacheManager Start]
2019-08-12 11:53:59.085 [restartedMain] INFO  o.s.c.s.PostProcessorRegistrationDelegate$BeanPostProcessorChecker - Bean 'cacheManager' of type [org.springframework.data.redis.cache.RedisCacheManager] is not eligible for getting processed by all BeanPostProcessors (for example: not eligible for auto-proxying)
2019-08-12 11:53:59.096 [restartedMain] INFO  o.s.c.s.PostProcessorRegistrationDelegate$BeanPostProcessorChecker - Bean 'keyGenerator' of type [com.shopping.config.RedisConfiguration$$Lambda$260/1591235823] is not eligible for getting processed by all BeanPostProcessors (for example: not eligible for auto-proxying)
2019-08-12 11:53:59.099 [restartedMain] INFO  com.shopping.config.RedisConfiguration - 初始化 -> [Redis CacheErrorHandler]
2019-08-12 11:53:59.106 [restartedMain] INFO  o.s.c.s.PostProcessorRegistrationDelegate$BeanPostProcessorChecker - Bean 'errorHandler' of type [com.shopping.config.RedisConfiguration$1] is not eligible for getting processed by all BeanPostProcessors (for example: not eligible for auto-proxying)
2019-08-12 11:54:00.604 [restartedMain] INFO  o.s.boot.web.embedded.tomcat.TomcatWebServer - Tomcat initialized with port(s): 8081 (http)
2019-08-12 11:54:00.627 [restartedMain] INFO  org.apache.coyote.http11.Http11NioProtocol - Initializing ProtocolHandler ["http-nio-8081"]
2019-08-12 11:54:00.649 [restartedMain] INFO  org.apache.catalina.core.StandardService - Starting service [Tomcat]
2019-08-12 11:54:00.650 [restartedMain] INFO  org.apache.catalina.core.StandardEngine - Starting Servlet Engine: Apache Tomcat/8.5.31
2019-08-12 11:54:00.658 [localhost-startStop-1] INFO  org.apache.catalina.core.AprLifecycleListener - The APR based Apache Tomcat Native library which allows optimal performance in production environments was not found on the java.library.path: [C:\Program Files\Java\jdk1.8.0_202\bin;C:\Windows\Sun\Java\bin;C:\Windows\system32;C:\Windows;C:\Program Files (x86)\Common Files\Oracle\Java\javapath;C:\Windows\system32;C:\Windows;C:\Windows\System32\Wbem;C:\Windows\System32\WindowsPowerShell\v1.0\;C:\Program Files (x86)\Windows7Master;C:\Program Files\Java\jdk1.8.0_202\bin;C:\Program Files\Java\jdk1.8.0_202\jre\bin;D:\tools\apache-maven-3.6.0\bin\;C:\Program Files\TortoiseSVN\bin;C:\Program Files\Git\cmd;.]
2019-08-12 11:54:00.929 [localhost-startStop-1] INFO  o.a.c.core.ContainerBase.[Tomcat].[localhost].[/] - Initializing Spring embedded WebApplicationContext
2019-08-12 11:54:00.930 [localhost-startStop-1] INFO  org.springframework.web.context.ContextLoader - Root WebApplicationContext: initialization completed in 10326 ms
2019-08-12 11:54:01.475 [localhost-startStop-1] INFO  o.s.boot.web.servlet.FilterRegistrationBean - Mapping filter: 'characterEncodingFilter' to: [/*]
2019-08-12 11:54:01.476 [localhost-startStop-1] INFO  o.s.boot.web.servlet.FilterRegistrationBean - Mapping filter: 'sessionRepositoryFilter' to: [/*]
2019-08-12 11:54:01.476 [localhost-startStop-1] INFO  o.s.boot.web.servlet.FilterRegistrationBean - Mapping filter: 'hiddenHttpMethodFilter' to: [/*]
2019-08-12 11:54:01.477 [localhost-startStop-1] INFO  o.s.boot.web.servlet.FilterRegistrationBean - Mapping filter: 'httpPutFormContentFilter' to: [/*]
2019-08-12 11:54:01.477 [localhost-startStop-1] INFO  o.s.boot.web.servlet.FilterRegistrationBean - Mapping filter: 'requestContextFilter' to: [/*]
2019-08-12 11:54:01.477 [localhost-startStop-1] INFO  o.s.boot.web.servlet.FilterRegistrationBean - Mapping filter: 'corsFilter' to: [/*]
2019-08-12 11:54:01.477 [localhost-startStop-1] INFO  o.s.boot.web.servlet.ServletRegistrationBean - Servlet dispatcherServlet mapped to [/]
2019-08-12 11:54:01.698 [restartedMain] INFO  c.a.d.s.b.a.DruidDataSourceAutoConfigure - Init DruidDataSource
2019-08-12 11:54:01.926 [restartedMain] INFO  com.alibaba.druid.pool.DruidDataSource - {dataSource-1} inited
2019-08-12 11:54:03.101 [restartedMain] INFO  com.shopping.service.common.ConstantMap - Init SystemArgs ==> ConstantMap.
2019-08-12 11:54:03.272 [restartedMain] INFO  com.shopping.service.common.ConstantMap - ConstantMap put key:currency_name,value:TZB.
2019-08-12 11:54:03.273 [restartedMain] INFO  com.shopping.service.common.ConstantMap - ConstantMap put key:rmb_name,value:RMB.
2019-08-12 11:54:03.273 [restartedMain] INFO  com.shopping.service.common.ConstantMap - ConstantMap put key:admin_id,value:1.
2019-08-12 11:54:03.273 [restartedMain] INFO  com.shopping.service.common.ConstantMap - ConstantMap put key:bigImage,value:[].
2019-08-12 11:54:03.273 [restartedMain] INFO  com.shopping.service.common.ConstantMap - ConstantMap put key:withdraw_fee_is_open,value:1.
2019-08-12 11:54:03.273 [restartedMain] INFO  com.shopping.service.common.ConstantMap - ConstantMap put key:kenImage,value:[].
2019-08-12 11:54:03.273 [restartedMain] INFO  com.shopping.service.common.ConstantMap - ConstantMap put key:max_withdraw_num,value:1000000.
2019-08-12 11:54:03.273 [restartedMain] INFO  com.shopping.service.common.ConstantMap - ConstantMap put key:enBigImage,value:[].
2019-08-12 11:54:03.273 [restartedMain] INFO  com.shopping.service.common.ConstantMap - ConstantMap put key:day_draw_coin_times,value:3.
2019-08-12 11:54:03.273 [restartedMain] INFO  com.shopping.service.common.ConstantMap - ConstantMap put key:kImage,value:[].
2019-08-12 11:54:03.274 [restartedMain] INFO  com.shopping.service.common.ConstantMap - Init virtualCoinType ==> ConstantMap.
2019-08-12 11:54:07.579 [restartedMain] INFO  o.s.w.s.m.m.a.RequestMappingHandlerMapping - Mapped "{[/api/account/withdrawCoin],methods=[POST]}" onto public com.shopping.vo.MessageVO com.shopping.api.CapitalOperationApi.withdrawCoin(java.lang.String,java.lang.String,java.math.BigDecimal,java.lang.String,java.lang.String,javax.servlet.http.HttpSession) throws java.lang.Exception
2019-08-12 11:54:07.582 [restartedMain] INFO  o.s.w.s.m.m.a.RequestMappingHandlerMapping - Mapped "{[/api/account/cancelWithdraw],methods=[POST]}" onto public com.shopping.vo.MessageVO com.shopping.api.CapitalOperationApi.cancelWithdraw(java.lang.String,javax.servlet.http.HttpSession)
2019-08-12 11:54:07.584 [restartedMain] INFO  o.s.w.s.m.m.a.RequestMappingHandlerMapping - Mapped "{[/api/account/getChargeWithdrawList],methods=[GET]}" onto public com.shopping.vo.MessageVO<com.shopping.vo.BaseListResult<java.util.List<com.shopping.vo.money.CapitalOperationVo>>> com.shopping.api.CapitalOperationApi.getChargeWithdrawList(java.lang.String,javax.servlet.http.HttpSession,java.lang.String,java.lang.String,java.lang.Integer,java.lang.Integer,java.lang.String) throws java.lang.Exception
2019-08-12 11:54:07.585 [restartedMain] INFO  o.s.w.s.m.m.a.RequestMappingHandlerMapping - Mapped "{[/api/account/getChargeAddress],methods=[GET]}" onto public com.shopping.vo.MessageVO com.shopping.api.ChargeAddressApi.getChargeAddress(java.lang.String,javax.servlet.http.HttpSession,boolean) throws java.lang.Exception
2019-08-12 11:54:07.587 [restartedMain] INFO  o.s.w.s.m.m.a.RequestMappingHandlerMapping - Mapped "{[/api/user/findCollections],methods=[GET]}" onto public com.shopping.vo.MessageVO<com.shopping.vo.BaseListResult<java.util.List<com.shopping.vo.user.CollectionVo>>> com.shopping.api.CollectionApi.findCollections(java.lang.String,java.lang.Integer,java.lang.Integer,javax.servlet.http.HttpSession)
2019-08-12 11:54:07.589 [restartedMain] INFO  o.s.w.s.m.m.a.RequestMappingHandlerMapping - Mapped "{[/api/user/findLikeProduct],methods=[GET]}" onto public com.shopping.vo.MessageVO<com.shopping.vo.BaseListResult<java.util.List<com.shopping.vo.product.ProductInfoVo>>> com.shopping.api.CollectionApi.findLikeProduct(java.lang.String,java.lang.Integer,java.lang.Integer,javax.servlet.http.HttpSession)
2019-08-12 11:54:07.590 [restartedMain] INFO  o.s.w.s.m.m.a.RequestMappingHandlerMapping - Mapped "{[/api/user/addProductToCollection],methods=[POST]}" onto public com.shopping.vo.MessageVO com.shopping.api.CollectionApi.addProductToCollection(java.lang.String,javax.servlet.http.HttpSession)
2019-08-12 11:54:07.590 [restartedMain] INFO  o.s.w.s.m.m.a.RequestMappingHandlerMapping - Mapped "{[/api/user/deleteCollections],methods=[POST]}" onto public com.shopping.vo.MessageVO com.shopping.api.CollectionApi.deleteCollections(java.lang.String,javax.servlet.http.HttpSession)
2019-08-12 11:54:07.591 [restartedMain] INFO  o.s.w.s.m.m.a.RequestMappingHandlerMapping - Mapped "{[/api/user/addFeedback],methods=[POST]}" onto public com.shopping.vo.MessageVO com.shopping.api.FeedbackApi.addFeedback(com.shopping.vo.user.FeedbackRequest,javax.servlet.http.HttpSession) throws java.lang.Exception
2019-08-12 11:54:07.594 [restartedMain] INFO  o.s.w.s.m.m.a.RequestMappingHandlerMapping - Mapped "{[/api/file/upload],methods=[POST]}" onto public com.shopping.vo.MessageVO<java.util.List<java.lang.String>> com.shopping.api.FileApi.upload(org.springframework.web.multipart.MultipartFile[])
2019-08-12 11:54:07.596 [restartedMain] INFO  o.s.w.s.m.m.a.RequestMappingHandlerMapping - Mapped "{[/api/index/getIndexInfo],methods=[GET]}" onto public com.shopping.vo.MessageVO<com.shopping.vo.index.IndexVo> com.shopping.api.IndexApi.getIndexInfo(javax.servlet.http.HttpServletRequest)
2019-08-12 11:54:07.597 [restartedMain] INFO  o.s.w.s.m.m.a.RequestMappingHandlerMapping - Mapped "{[/api/index/getSupplierList],methods=[GET]}" onto public com.shopping.vo.MessageVO<com.shopping.vo.BaseListResult<java.util.List<com.shopping.entity.SupplierInfo>>> com.shopping.api.IndexApi.getSupplierList(int,int,javax.servlet.http.HttpServletRequest)
2019-08-12 11:54:07.598 [restartedMain] INFO  o.s.w.s.m.m.a.RequestMappingHandlerMapping - Mapped "{[/api/index/getIndexProductList],methods=[GET]}" onto public com.shopping.vo.MessageVO<com.shopping.vo.BaseListResult<java.util.List<com.shopping.vo.product.ProductInfoVo>>> com.shopping.api.IndexApi.getIndexProductList(int,int)
2019-08-12 11:54:07.599 [restartedMain] INFO  o.s.w.s.m.m.a.RequestMappingHandlerMapping - Mapped "{[/api/index/getAdvertListByType],methods=[GET]}" onto public com.shopping.vo.MessageVO<java.util.List<com.shopping.entity.Advertisement>> com.shopping.api.IndexApi.getAdvertListByType(java.lang.String)
2019-08-12 11:54:07.601 [restartedMain] INFO  o.s.w.s.m.m.a.RequestMappingHandlerMapping - Mapped "{[/api/account/findLatestAchievementPrice],methods=[GET]}" onto public com.shopping.vo.MessageVO com.shopping.api.LatestAchievementPriceApi.findLatestAchievementPrice()
2019-08-12 11:54:07.603 [restartedMain] INFO  o.s.w.s.m.m.a.RequestMappingHandlerMapping - Mapped "{[/api/message/getMessageList],methods=[GET]}" onto public com.shopping.vo.MessageVO<com.shopping.vo.BaseListResult<java.util.List<com.shopping.vo.message.MessageBeanVo>>> com.shopping.api.MessageApi.getMessageList(int,int,javax.servlet.http.HttpSession)
2019-08-12 11:54:07.603 [restartedMain] INFO  o.s.w.s.m.m.a.RequestMappingHandlerMapping - Mapped "{[/api/message/getMessageDetail],methods=[GET]}" onto public com.shopping.vo.MessageVO<com.shopping.vo.message.MessageBeanVo> com.shopping.api.MessageApi.getMessageDetail(java.lang.String)
2019-08-12 11:54:07.609 [restartedMain] INFO  o.s.w.s.m.m.a.RequestMappingHandlerMapping - Mapped "{[/api/order/myInfo],methods=[GET]}" onto public com.shopping.vo.MessageVO<com.shopping.vo.user.MyInfoVo> com.shopping.api.OrderApi.myInfo(javax.servlet.http.HttpSession)
2019-08-12 11:54:07.610 [restartedMain] INFO  o.s.w.s.m.m.a.RequestMappingHandlerMapping - Mapped "{[/api/order/confirmReceipt],methods=[POST]}" onto public com.shopping.vo.MessageVO com.shopping.api.OrderApi.confirmReceipt(java.lang.String)
2019-08-12 11:54:07.611 [restartedMain] INFO  o.s.w.s.m.m.a.RequestMappingHandlerMapping - Mapped "{[/api/order/getRefundsList],methods=[GET]}" onto public com.shopping.vo.MessageVO<com.shopping.vo.BaseListResult<java.util.List<com.shopping.vo.order.RefundsRecordVo>>> com.shopping.api.OrderApi.getRefundsList(int,int,java.lang.String,javax.servlet.http.HttpSession)
2019-08-12 11:54:07.611 [restartedMain] INFO  o.s.w.s.m.m.a.RequestMappingHandlerMapping - Mapped "{[/api/order/cancelOrder],methods=[POST]}" onto public com.shopping.vo.MessageVO com.shopping.api.OrderApi.cancelOrder(java.lang.String,java.lang.String,javax.servlet.http.HttpSession)
2019-08-12 11:54:07.612 [restartedMain] INFO  o.s.w.s.m.m.a.RequestMappingHandlerMapping - Mapped "{[/api/order/afterSaleDetails],methods=[GET]}" onto public com.shopping.vo.MessageVO<com.shopping.vo.order.RefundVo> com.shopping.api.OrderApi.afterSaleDetails(java.lang.String,java.lang.String,java.lang.String)
2019-08-12 11:54:07.613 [restartedMain] INFO  o.s.w.s.m.m.a.RequestMappingHandlerMapping - Mapped "{[/api/order/deleteOrder],methods=[POST]}" onto public com.shopping.vo.MessageVO<com.shopping.vo.order.RefundVo> com.shopping.api.OrderApi.deleteOrder(java.lang.String)
2019-08-12 11:54:07.616 [restartedMain] INFO  o.s.w.s.m.m.a.RequestMappingHandlerMapping - Mapped "{[/api/order/getOrderDetail],methods=[POST]}" onto public com.shopping.vo.MessageVO<com.shopping.vo.order.OrderDetailVo> com.shopping.api.OrderApi.getOrderDetail(java.lang.String,javax.servlet.http.HttpSession)
2019-08-12 11:54:07.617 [restartedMain] INFO  o.s.w.s.m.m.a.RequestMappingHandlerMapping - Mapped "{[/api/order/addProductOrders],methods=[POST]}" onto public com.shopping.vo.MessageVO com.shopping.api.OrderApi.addProductOrders(java.lang.String,java.lang.String,java.lang.String,java.lang.String,java.lang.Integer,javax.servlet.http.HttpSession)
2019-08-12 11:54:07.618 [restartedMain] INFO  o.s.w.s.m.m.a.RequestMappingHandlerMapping - Mapped "{[/api/order/paymentOfOrder],methods=[POST]}" onto public com.shopping.vo.MessageVO com.shopping.api.OrderApi.paymentOfOrder(com.shopping.vo.order.PaymentOfOrderVo,javax.servlet.http.HttpSession) throws java.lang.Exception
2019-08-12 11:54:07.618 [restartedMain] INFO  o.s.w.s.m.m.a.RequestMappingHandlerMapping - Mapped "{[/api/order/getOrderListByState],methods=[GET]}" onto public com.shopping.vo.MessageVO<com.shopping.vo.BaseListResult<java.util.List<com.shopping.vo.order.OrderVo>>> com.shopping.api.OrderApi.getOrderListByState(java.lang.String,int,int,javax.servlet.http.HttpSession)
2019-08-12 11:54:07.619 [restartedMain] INFO  o.s.w.s.m.m.a.RequestMappingHandlerMapping - Mapped "{[/api/order/refundApplication],methods=[POST]}" onto public com.shopping.vo.MessageVO<com.shopping.entity.OrderRefundsGoods> com.shopping.api.OrderApi.refundApplication(com.shopping.vo.order.RefundsRequestVo,javax.servlet.http.HttpSession) throws java.lang.Exception
2019-08-12 11:54:07.619 [restartedMain] INFO  o.s.w.s.m.m.a.RequestMappingHandlerMapping - Mapped "{[/api/order/updateReceivingAddress],methods=[POST]}" onto public com.shopping.vo.MessageVO<com.shopping.vo.order.RefundVo> com.shopping.api.OrderApi.updateReceivingAddress(java.lang.String,java.lang.String)
2019-08-12 11:54:07.620 [restartedMain] INFO  o.s.w.s.m.m.a.RequestMappingHandlerMapping - Mapped "{[/api/order/getOrderDetailMoney],methods=[POST]}" onto public com.shopping.vo.MessageVO<java.util.List<com.shopping.vo.order.OrderVo>> com.shopping.api.OrderApi.getOrderDetailMoney(java.util.List<java.lang.String>,javax.servlet.http.HttpSession)
2019-08-12 11:54:07.628 [restartedMain] INFO  o.s.w.s.m.m.a.RequestMappingHandlerMapping - Mapped "{[/api/user/addCartOrders],methods=[POST]}" onto public com.shopping.vo.MessageVO<java.util.List<java.lang.String>> com.shopping.api.OrderCartApi.addProductOrders(com.shopping.vo.order.CartOrdersV0,javax.servlet.http.HttpSession) throws java.lang.Exception
2019-08-12 11:54:07.629 [restartedMain] INFO  o.s.w.s.m.m.a.RequestMappingHandlerMapping - Mapped "{[/api/user/deleteCarts],methods=[POST]}" onto public com.shopping.vo.MessageVO com.shopping.api.OrderCartApi.deleteCarts(com.shopping.vo.order.ClearOderCartRequest,javax.servlet.http.HttpSession)
2019-08-12 11:54:07.629 [restartedMain] INFO  o.s.w.s.m.m.a.RequestMappingHandlerMapping - Mapped "{[/api/user/addProductToCart],methods=[POST]}" onto public com.shopping.vo.MessageVO com.shopping.api.OrderCartApi.addProductToCart(java.lang.String,java.lang.Integer,javax.servlet.http.HttpSession)
2019-08-12 11:54:07.629 [restartedMain] INFO  o.s.w.s.m.m.a.RequestMappingHandlerMapping - Mapped "{[/api/user/updateCartInfo],methods=[POST]}" onto public com.shopping.vo.MessageVO com.shopping.api.OrderCartApi.updateCartInfo(java.lang.String,java.lang.Integer,javax.servlet.http.HttpSession)
2019-08-12 11:54:07.630 [restartedMain] INFO  o.s.w.s.m.m.a.RequestMappingHandlerMapping - Mapped "{[/api/user/findCarts],methods=[GET]}" onto public com.shopping.vo.MessageVO<com.shopping.vo.BaseListResult<java.util.List<com.shopping.vo.user.OrderCartVo>>> com.shopping.api.OrderCartApi.findCarts(java.lang.String,java.lang.Integer,java.lang.Integer,javax.servlet.http.HttpSession)
2019-08-12 11:54:07.631 [restartedMain] INFO  o.s.w.s.m.m.a.RequestMappingHandlerMapping - Mapped "{[/api/user/addMoreProductToCart],methods=[POST]}" onto public com.shopping.vo.MessageVO com.shopping.api.OrderCartApi.addMoreProductToCart(java.util.List<com.shopping.vo.order.ProductToCartVo>,javax.servlet.http.HttpSession)
2019-08-12 11:54:07.632 [restartedMain] INFO  o.s.w.s.m.m.a.RequestMappingHandlerMapping - Mapped "{[/api/category/getAllCategory],methods=[POST]}" onto public com.shopping.vo.MessageVO<java.util.List<com.shopping.vo.product.ProductCategoryVo>> com.shopping.api.ProductCategoryApi.getAllCategory()
2019-08-12 11:54:07.632 [restartedMain] INFO  o.s.w.s.m.m.a.RequestMappingHandlerMapping - Mapped "{[/api/category/getAllByByParentId],methods=[POST]}" onto public com.shopping.vo.MessageVO<java.util.List<com.shopping.vo.product.ProductCategoryVo>> com.shopping.api.ProductCategoryApi.getAllByByParentId(java.lang.String)
2019-08-12 11:54:07.635 [restartedMain] INFO  o.s.w.s.m.m.a.RequestMappingHandlerMapping - Mapped "{[/api/product/getEntry],methods=[POST]}" onto public com.shopping.vo.MessageVO<java.util.List<com.shopping.vo.product.EntryVo>> com.shopping.api.ProductInfoApi.getEntry(java.lang.String)
2019-08-12 11:54:07.636 [restartedMain] INFO  o.s.w.s.m.m.a.RequestMappingHandlerMapping - Mapped "{[/api/product/getProductOrSupplier],methods=[GET]}" onto public com.shopping.vo.MessageVO<com.shopping.vo.BaseListResult<java.util.List<?>>> com.shopping.api.ProductInfoApi.getProduct(int,int,java.lang.String,int,java.lang.String,boolean)
2019-08-12 11:54:07.637 [restartedMain] INFO  o.s.w.s.m.m.a.RequestMappingHandlerMapping - Mapped "{[/api/product/getProduct],methods=[POST]}" onto public com.shopping.vo.MessageVO<com.shopping.vo.BaseListResult<java.util.List<com.shopping.vo.product.ProductInfoVo>>> com.shopping.api.ProductInfoApi.getProduct(int,int,java.lang.String,java.lang.String,java.lang.String,java.lang.String,java.lang.String,java.lang.String,java.lang.String,boolean)
2019-08-12 11:54:07.639 [restartedMain] INFO  o.s.w.s.m.m.a.RequestMappingHandlerMapping - Mapped "{[/api/product/getProductById],methods=[POST]}" onto public com.shopping.vo.MessageVO<com.shopping.vo.product.ProductInfoVo> com.shopping.api.ProductInfoApi.getProductById(java.lang.String)
2019-08-12 11:54:07.640 [restartedMain] INFO  o.s.w.s.m.m.a.RequestMappingHandlerMapping - Mapped "{[/api/product/getProductBySupplier],methods=[POST]}" onto public com.shopping.vo.MessageVO<com.shopping.vo.product.PorductBySupplierVo> com.shopping.api.ProductInfoApi.getProductBySupplier(int,int,java.lang.String,java.lang.String,java.lang.String,java.lang.String,boolean)
2019-08-12 11:54:07.641 [restartedMain] INFO  o.s.w.s.m.m.a.RequestMappingHandlerMapping - Mapped "{[/api/kuaidi/getShipByNo],methods=[GET]}" onto public com.shopping.vo.MessageVO<com.alibaba.fastjson.JSONObject> com.shopping.api.ShippingInfoApi.refundApplication(java.lang.String,java.lang.String,java.lang.String) throws java.lang.Exception
2019-08-12 11:54:07.642 [restartedMain] INFO  o.s.w.s.m.m.a.RequestMappingHandlerMapping - Mapped "{[/api/accountdetail/getAccountDetailByUserId],methods=[GET]}" onto public com.shopping.vo.MessageVO<com.shopping.vo.BaseListResult<java.util.List<com.shopping.vo.user.UserAccountCollectVo>>> com.shopping.api.UserAccountDetailApi.getAccountDetailByUserId(java.lang.String,java.lang.String,java.lang.Integer,java.lang.Integer,javax.servlet.http.HttpSession)
2019-08-12 11:54:07.644 [restartedMain] INFO  o.s.w.s.m.m.a.RequestMappingHandlerMapping - Mapped "{[/api/user/deleteAddress],methods=[POST]}" onto public com.shopping.vo.MessageVO com.shopping.api.UserAddressApi.deleteAddress(java.lang.String,javax.servlet.http.HttpSession)
2019-08-12 11:54:07.645 [restartedMain] INFO  o.s.w.s.m.m.a.RequestMappingHandlerMapping - Mapped "{[/api/user/addAddress],methods=[POST]}" onto public com.shopping.vo.MessageVO com.shopping.api.UserAddressApi.addAddress(com.shopping.vo.user.UserAddressVo,javax.servlet.http.HttpSession)
2019-08-12 11:54:07.645 [restartedMain] INFO  o.s.w.s.m.m.a.RequestMappingHandlerMapping - Mapped "{[/api/user/updateAddress],methods=[POST]}" onto public com.shopping.vo.MessageVO com.shopping.api.UserAddressApi.updateAddress(com.shopping.vo.user.UserAddressVo,javax.servlet.http.HttpSession)
2019-08-12 11:54:07.645 [restartedMain] INFO  o.s.w.s.m.m.a.RequestMappingHandlerMapping - Mapped "{[/api/user/findAddress],methods=[GET]}" onto public com.shopping.vo.MessageVO<com.shopping.vo.BaseListResult<java.util.List<com.shopping.vo.user.UserAddressVo>>> com.shopping.api.UserAddressApi.findAddress(java.lang.String,java.lang.Integer,java.lang.Integer,javax.servlet.http.HttpSession)
2019-08-12 11:54:07.646 [restartedMain] INFO  o.s.w.s.m.m.a.RequestMappingHandlerMapping - Mapped "{[/api/user/updateDefaultAddress],methods=[POST]}" onto public com.shopping.vo.MessageVO com.shopping.api.UserAddressApi.updateDefaultAddress(java.lang.String,javax.servlet.http.HttpSession)
2019-08-12 11:54:07.653 [restartedMain] INFO  o.s.w.s.m.m.a.RequestMappingHandlerMapping - Mapped "{[/api/user/getMessage],methods=[GET]}" onto public com.shopping.vo.MessageVO<com.shopping.entity.User> com.shopping.api.UserApi.getMessage(javax.servlet.http.HttpSession)
2019-08-12 11:54:07.654 [restartedMain] INFO  o.s.w.s.m.m.a.RequestMappingHandlerMapping - Mapped "{[/api/user/login],methods=[POST]}" onto public com.shopping.vo.MessageVO<com.shopping.vo.user.UserLoginVo> com.shopping.api.UserApi.login(com.shopping.vo.user.UserLoginVo,javax.servlet.http.HttpServletRequest)
2019-08-12 11:54:07.654 [restartedMain] INFO  o.s.w.s.m.m.a.RequestMappingHandlerMapping - Mapped "{[/api/user/registUser],methods=[POST]}" onto public com.shopping.vo.MessageVO com.shopping.api.UserApi.registUser(com.shopping.vo.user.UserRegistVo,javax.servlet.http.HttpServletRequest) throws java.lang.Exception
2019-08-12 11:54:07.655 [restartedMain] INFO  o.s.w.s.m.m.a.RequestMappingHandlerMapping - Mapped "{[/api/user/sendSms],methods=[POST]}" onto public com.shopping.vo.MessageVO com.shopping.api.UserApi.sendSms(java.lang.String,java.lang.String,javax.servlet.http.HttpServletRequest)
2019-08-12 11:54:07.655 [restartedMain] INFO  o.s.w.s.m.m.a.RequestMappingHandlerMapping - Mapped "{[/api/user/logout],methods=[POST]}" onto public com.shopping.vo.MessageVO com.shopping.api.UserApi.userLogout(javax.servlet.http.HttpSession)
2019-08-12 11:54:07.655 [restartedMain] INFO  o.s.w.s.m.m.a.RequestMappingHandlerMapping - Mapped "{[/api/user/modifyPassWord],methods=[POST]}" onto public com.shopping.vo.MessageVO com.shopping.api.UserApi.modifyPassWord(com.shopping.vo.user.UserInfo,javax.servlet.http.HttpServletRequest)
2019-08-12 11:54:07.656 [restartedMain] INFO  o.s.w.s.m.m.a.RequestMappingHandlerMapping - Mapped "{[/api/user/forgetPassWord],methods=[POST]}" onto public com.shopping.vo.MessageVO com.shopping.api.UserApi.forgetPassWord(com.shopping.vo.user.ForgetPasswordVo,javax.servlet.http.HttpServletRequest)
2019-08-12 11:54:07.656 [restartedMain] INFO  o.s.w.s.m.m.a.RequestMappingHandlerMapping - Mapped "{[/api/user/updatePhone],methods=[POST]}" onto public com.shopping.vo.MessageVO com.shopping.api.UserApi.updatePhone(com.shopping.vo.user.UpdatePhoneVo,javax.servlet.http.HttpServletRequest)
2019-08-12 11:54:07.657 [restartedMain] INFO  o.s.w.s.m.m.a.RequestMappingHandlerMapping - Mapped "{[/api/user/getUserDetail],methods=[POST]}" onto public com.shopping.vo.MessageVO<com.shopping.vo.user.UserDetailVo> com.shopping.api.UserApi.getUserDetail(javax.servlet.http.HttpSession)
2019-08-12 11:54:07.657 [restartedMain] INFO  o.s.w.s.m.m.a.RequestMappingHandlerMapping - Mapped "{[/api/user/modifyUserDetail],methods=[POST]}" onto public com.shopping.vo.MessageVO<com.shopping.vo.user.UserDetailVo> com.shopping.api.UserApi.modifyUserDetail(com.shopping.vo.user.UserDetailVo,javax.servlet.http.HttpSession)
2019-08-12 11:54:07.658 [restartedMain] INFO  o.s.w.s.m.m.a.RequestMappingHandlerMapping - Mapped "{[/api/user/modifyPayPassWord],methods=[POST]}" onto public com.shopping.vo.MessageVO com.shopping.api.UserApi.modifyPayPassWord(com.shopping.vo.user.UserInfo,javax.servlet.http.HttpServletRequest)
2019-08-12 11:54:07.658 [restartedMain] INFO  o.s.w.s.m.m.a.RequestMappingHandlerMapping - Mapped "{[/api/user/forgetPayPassWord],methods=[POST]}" onto public com.shopping.vo.MessageVO com.shopping.api.UserApi.forgetPayPassWord(java.lang.String,java.lang.String)
2019-08-12 11:54:07.658 [restartedMain] INFO  o.s.w.s.m.m.a.RequestMappingHandlerMapping - Mapped "{[/api/user/verifyUpdatePhoneCode],methods=[POST]}" onto public com.shopping.vo.MessageVO com.shopping.api.UserApi.verifyUpdatePhoneCode(java.lang.String,java.lang.String,int)
2019-08-12 11:54:07.659 [restartedMain] INFO  o.s.w.s.m.m.a.RequestMappingHandlerMapping - Mapped "{[/api/user/uploadUserHeadImag],methods=[POST]}" onto public com.shopping.vo.MessageVO<?> com.shopping.api.UserApi.uploadUserHeadImag(org.springframework.web.multipart.MultipartFile,javax.servlet.http.HttpSession) throws java.lang.Exception
2019-08-12 11:54:07.661 [restartedMain] INFO  o.s.w.s.m.m.a.RequestMappingHandlerMapping - Mapped "{[/api/user/findVersion],methods=[GET]}" onto public com.shopping.vo.MessageVO<com.shopping.vo.BaseListResult<java.util.List<com.shopping.vo.user.VersionVo>>> com.shopping.api.VersionApi.findAddress(java.lang.String,java.lang.Integer,java.lang.Integer)
2019-08-12 11:54:07.664 [restartedMain] INFO  o.s.w.s.m.m.a.RequestMappingHandlerMapping - Mapped "{[/api/account/getWithdrawAddress],methods=[GET]}" onto public com.shopping.vo.MessageVO<com.shopping.vo.BaseListResult<java.util.List<com.shopping.vo.money.WithdrawAddressVo>>> com.shopping.api.WithdrawAddressApi.getWithdrawAddress(javax.servlet.http.HttpSession,java.lang.String,java.lang.String,java.lang.Integer,java.lang.Integer) throws java.lang.Exception
2019-08-12 11:54:07.664 [restartedMain] INFO  o.s.w.s.m.m.a.RequestMappingHandlerMapping - Mapped "{[/api/account/addWithdrawAddress],methods=[POST]}" onto public com.shopping.vo.MessageVO com.shopping.api.WithdrawAddressApi.addWithdrawAddress(java.lang.String,java.lang.String,java.lang.String,javax.servlet.http.HttpSession,java.lang.String) throws java.lang.Exception
2019-08-12 11:54:07.665 [restartedMain] INFO  o.s.w.s.m.m.a.RequestMappingHandlerMapping - Mapped "{[/api/account/updateWithdrawAddress],methods=[POST]}" onto public com.shopping.vo.MessageVO com.shopping.api.WithdrawAddressApi.updateWithdrawAddress(java.lang.String,java.lang.String,java.lang.String,java.lang.String,javax.servlet.http.HttpSession)
2019-08-12 11:54:07.665 [restartedMain] INFO  o.s.w.s.m.m.a.RequestMappingHandlerMapping - Mapped "{[/api/account/deleteWithdrawAddress],methods=[POST]}" onto public com.shopping.vo.MessageVO com.shopping.api.WithdrawAddressApi.deleteWithdrawAddress(java.lang.String,javax.servlet.http.HttpSession)
2019-08-12 11:54:07.666 [restartedMain] INFO  o.s.w.s.m.m.a.RequestMappingHandlerMapping - Mapped "{[/api/account/updateDefaultWithdrawAddress],methods=[POST]}" onto public com.shopping.vo.MessageVO com.shopping.api.WithdrawAddressApi.updateDefaultWithdrawAddress(java.lang.String,javax.servlet.http.HttpSession)
2019-08-12 11:54:07.677 [restartedMain] INFO  o.s.w.s.m.m.a.RequestMappingHandlerMapping - Mapped "{[/swagger-resources/configuration/ui]}" onto public org.springframework.http.ResponseEntity<springfox.documentation.swagger.web.UiConfiguration> springfox.documentation.swagger.web.ApiResourceController.uiConfiguration()
2019-08-12 11:54:07.680 [restartedMain] INFO  o.s.w.s.m.m.a.RequestMappingHandlerMapping - Mapped "{[/swagger-resources]}" onto public org.springframework.http.ResponseEntity<java.util.List<springfox.documentation.swagger.web.SwaggerResource>> springfox.documentation.swagger.web.ApiResourceController.swaggerResources()
2019-08-12 11:54:07.682 [restartedMain] INFO  o.s.w.s.m.m.a.RequestMappingHandlerMapping - Mapped "{[/swagger-resources/configuration/security]}" onto public org.springframework.http.ResponseEntity<springfox.documentation.swagger.web.SecurityConfiguration> springfox.documentation.swagger.web.ApiResourceController.securityConfiguration()
2019-08-12 11:54:07.691 [restartedMain] INFO  o.s.w.s.m.m.a.RequestMappingHandlerMapping - Mapped "{[/error]}" onto public org.springframework.http.ResponseEntity<java.util.Map<java.lang.String, java.lang.Object>> org.springframework.boot.autoconfigure.web.servlet.error.BasicErrorController.error(javax.servlet.http.HttpServletRequest)
2019-08-12 11:54:07.693 [restartedMain] INFO  o.s.w.s.m.m.a.RequestMappingHandlerMapping - Mapped "{[/error],produces=[text/html]}" onto public org.springframework.web.servlet.ModelAndView org.springframework.boot.autoconfigure.web.servlet.error.BasicErrorController.errorHtml(javax.servlet.http.HttpServletRequest,javax.servlet.http.HttpServletResponse)
2019-08-12 11:54:08.250 [restartedMain] INFO  com.shopping.config.RedisConfiguration - JedisPool init successful，host -> [47.52.130.233]；port -> [6379]
2019-08-12 11:54:08.573 [restartedMain] INFO  s.d.s.w.PropertySourcedRequestMappingHandlerMapping - Mapped URL path [/v2/api-docs] onto method [public org.springframework.http.ResponseEntity<springfox.documentation.spring.web.json.Json> springfox.documentation.swagger2.web.Swagger2Controller.getDocumentation(java.lang.String,javax.servlet.http.HttpServletRequest)]
2019-08-12 11:54:09.053 [restartedMain] INFO  o.s.web.servlet.handler.SimpleUrlHandlerMapping - Mapped URL path [/**/favicon.ico] onto handler of type [class org.springframework.web.servlet.resource.ResourceHttpRequestHandler]
2019-08-12 11:54:09.780 [restartedMain] INFO  o.s.w.s.m.m.a.RequestMappingHandlerAdapter - Looking for @ControllerAdvice: org.springframework.boot.web.servlet.context.AnnotationConfigServletWebServerApplicationContext@b7538ec: startup date [Mon Aug 12 11:53:50 GMT+08:00 2019]; root of context hierarchy
2019-08-12 11:54:10.010 [restartedMain] INFO  o.s.web.servlet.handler.SimpleUrlHandlerMapping - Mapped URL path [/webjars/**] onto handler of type [class org.springframework.web.servlet.resource.ResourceHttpRequestHandler]
2019-08-12 11:54:10.010 [restartedMain] INFO  o.s.web.servlet.handler.SimpleUrlHandlerMapping - Mapped URL path [/**] onto handler of type [class org.springframework.web.servlet.resource.ResourceHttpRequestHandler]
2019-08-12 11:54:10.063 [restartedMain] INFO  o.s.w.s.m.m.a.ExceptionHandlerExceptionResolver - Detected @ExceptionHandler methods in gloablExceptionHandler
2019-08-12 11:54:11.585 [restartedMain] INFO  org.quartz.impl.StdSchedulerFactory - Using default implementation for ThreadExecutor
2019-08-12 11:54:11.607 [restartedMain] INFO  org.quartz.core.SchedulerSignalerImpl - Initialized Scheduler Signaller of type: class org.quartz.core.SchedulerSignalerImpl
2019-08-12 11:54:11.608 [restartedMain] INFO  org.quartz.core.QuartzScheduler - Quartz Scheduler v.2.3.0 created.
2019-08-12 11:54:11.609 [restartedMain] INFO  org.quartz.simpl.RAMJobStore - RAMJobStore initialized.
2019-08-12 11:54:11.611 [restartedMain] INFO  org.quartz.core.QuartzScheduler - Scheduler meta-data: Quartz Scheduler (v2.3.0) 'quartzScheduler' with instanceId 'NON_CLUSTERED'
  Scheduler class: 'org.quartz.core.QuartzScheduler' - running locally.
  NOT STARTED.
  Currently in standby mode.
  Number of jobs executed: 0
  Using thread pool 'org.quartz.simpl.SimpleThreadPool' - with 10 threads.
  Using job-store 'org.quartz.simpl.RAMJobStore' - which does not support persistence. and is not clustered.

2019-08-12 11:54:11.611 [restartedMain] INFO  org.quartz.impl.StdSchedulerFactory - Quartz scheduler 'quartzScheduler' initialized from an externally provided properties instance.
2019-08-12 11:54:11.611 [restartedMain] INFO  org.quartz.impl.StdSchedulerFactory - Quartz scheduler version: 2.3.0
2019-08-12 11:54:11.611 [restartedMain] INFO  org.quartz.core.QuartzScheduler - JobFactory set to: org.springframework.boot.autoconfigure.quartz.AutowireCapableBeanJobFactory@17cb6a45
2019-08-12 11:54:12.059 [restartedMain] INFO  o.s.b.d.autoconfigure.OptionalLiveReloadServer - LiveReload server is running on port 35729
2019-08-12 11:54:12.170 [restartedMain] INFO  o.s.jmx.export.annotation.AnnotationMBeanExporter - Registering beans for JMX exposure on startup
2019-08-12 11:54:12.174 [restartedMain] INFO  o.s.jmx.export.annotation.AnnotationMBeanExporter - Bean with name 'dataSource' has been autodetected for JMX exposure
2019-08-12 11:54:12.197 [restartedMain] INFO  o.s.jmx.export.annotation.AnnotationMBeanExporter - Bean with name 'rabbitConnectionFactory' has been autodetected for JMX exposure
2019-08-12 11:54:12.204 [restartedMain] INFO  o.s.jmx.export.annotation.AnnotationMBeanExporter - Located MBean 'dataSource': registering with JMX server as MBean [com.alibaba.druid.spring.boot.autoconfigure:name=dataSource,type=DruidDataSourceWrapper]
2019-08-12 11:54:12.208 [restartedMain] INFO  o.s.jmx.export.annotation.AnnotationMBeanExporter - Located managed bean 'rabbitConnectionFactory': registering with JMX server as MBean [org.springframework.amqp.rabbit.connection:name=rabbitConnectionFactory,type=CachingConnectionFactory]
2019-08-12 11:54:12.309 [restartedMain] INFO  o.s.context.support.DefaultLifecycleProcessor - Starting beans in phase 2147483647
2019-08-12 11:54:12.309 [restartedMain] INFO  s.d.s.web.plugins.DocumentationPluginsBootstrapper - Context refreshed
2019-08-12 11:54:12.360 [restartedMain] INFO  s.d.s.web.plugins.DocumentationPluginsBootstrapper - Found 1 custom documentation plugin(s)
2019-08-12 11:54:12.430 [restartedMain] INFO  s.d.spring.web.scanners.ApiListingReferenceScanner - Scanning for api listing references
2019-08-12 11:54:13.133 [restartedMain] INFO  s.d.s.w.r.operation.CachingOperationNameGenerator - Generating unique operation named: addProductOrdersUsingPOST_1
2019-08-12 11:54:13.386 [restartedMain] INFO  s.d.s.w.r.operation.CachingOperationNameGenerator - Generating unique operation named: findAddressUsingGET_1
2019-08-12 11:54:13.451 [SimpleAsyncTaskExecutor-1] INFO  o.s.a.rabbit.connection.CachingConnectionFactory - Attempting to connect to: [47.52.130.233:5672]
2019-08-12 11:54:13.574 [SimpleAsyncTaskExecutor-1] INFO  o.s.a.rabbit.connection.CachingConnectionFactory - Created new connection: rabbitConnectionFactory#3af4f272:0/SimpleConnection@368fe845 [delegate=amqp://shopping@47.52.130.233:5672/shopping_test, localPort= 57601]
2019-08-12 11:54:14.432 [restartedMain] INFO  o.s.scheduling.quartz.SchedulerFactoryBean - Starting Quartz Scheduler now
2019-08-12 11:54:14.432 [restartedMain] INFO  org.quartz.core.QuartzScheduler - Scheduler quartzScheduler_$_NON_CLUSTERED started.
2019-08-12 11:54:14.467 [restartedMain] INFO  o.s.s.a.ScheduledAnnotationBeanPostProcessor - No TaskScheduler/ScheduledExecutorService bean found for scheduled processing
2019-08-12 11:54:14.483 [restartedMain] INFO  org.apache.coyote.http11.Http11NioProtocol - Starting ProtocolHandler ["http-nio-8081"]
2019-08-12 11:54:14.501 [restartedMain] INFO  org.apache.tomcat.util.net.NioSelectorPool - Using a shared selector for servlet write/read
2019-08-12 11:54:14.535 [restartedMain] INFO  o.s.boot.web.embedded.tomcat.TomcatWebServer - Tomcat started on port(s): 8081 (http) with context path ''
2019-08-12 11:54:14.544 [restartedMain] INFO  com.shopping.ShoppingApplication - Started ShoppingApplication in 25.252 seconds (JVM running for 27.617)
2019-08-12 12:29:53.758 [Thread-52] INFO  o.s.b.w.s.c.AnnotationConfigServletWebServerApplicationContext - Closing org.springframework.boot.web.servlet.context.AnnotationConfigServletWebServerApplicationContext@b7538ec: startup date [Mon Aug 12 11:53:50 GMT+08:00 2019]; root of context hierarchy
2019-08-12 12:29:53.763 [Thread-52] INFO  o.s.context.support.DefaultLifecycleProcessor - Stopping beans in phase 2147483647
